<?xml version="1.0" encoding="UTF-8"?>
<testsuites name="Interaction" time="547.948" tests="14" failures="7" skips="0" errors="0">
   <testsuite name="Interaction" tests="14" failures="7" errors="0" time="547.948" skips="0" timestamp="2021-05-11 19:16:50" hostname="moham - DESKTOP-21F1E8S" id="Test Suites/Interaction">
      <properties>
         <property name="deviceName" value=""/>
         <property name="devicePlatform" value=""/>
         <property name="logFolder" value="C:\\Users\\moham\\git\\SuCourse_Katalon\\Reports\\20210511_191643\\Interaction\\20210511_191643"/>
         <property name="logFiles" value="C:\\Users\\moham\\git\\SuCourse_Katalon\\Reports\\20210511_191643\\Interaction\\20210511_191643\\execution0.log"/>
         <property name="attachments" value="C:\\Users\\moham\\git\\SuCourse_Katalon\\Reports\\20210511_191643\\Interaction\\20210511_191643\\1620749880406.png, C:\\Users\\moham\\git\\SuCourse_Katalon\\Reports\\20210511_191643\\Interaction\\20210511_191643\\1620749911435.png, C:\\Users\\moham\\git\\SuCourse_Katalon\\Reports\\20210511_191643\\Interaction\\20210511_191643\\1620749942161.png, C:\\Users\\moham\\git\\SuCourse_Katalon\\Reports\\20210511_191643\\Interaction\\20210511_191643\\1620750003913.png, C:\\Users\\moham\\git\\SuCourse_Katalon\\Reports\\20210511_191643\\Interaction\\20210511_191643\\1620750071693.png, C:\\Users\\moham\\git\\SuCourse_Katalon\\Reports\\20210511_191643\\Interaction\\20210511_191643\\1620750197830.png, C:\\Users\\moham\\git\\SuCourse_Katalon\\Reports\\20210511_191643\\Interaction\\20210511_191643\\1620750322208.png"/>
         <property name="hostName" value="moham - DESKTOP-21F1E8S"/>
         <property name="os" value="Windows 10 64bit"/>
         <property name="katalonVersion" value="7.9.1.208"/>
         <property name="browser" value="Chrome 90.0.4430.93"/>
         <property name="hostAddress" value="192.168.100.73"/>
         <property name="sessionId" value="6dfa35dd5a9fd0aa09e031db6f8fa8f1"/>
         <property name="seleniumVersion" value="3.141.59"/>
         <property name="proxyInformation" value="ProxyInformation { proxyOption=NO_PROXY, proxyServerType=HTTP, username=, password=********, proxyServerAddress=, proxyServerPort=0, executionList=&quot;&quot;, isApplyToDesiredCapabilities=true }"/>
         <property name="platform" value="Windows 10"/>
      </properties>
      <testcase name="Test Cases/NegativeSignIn" time="42.618" classname="Test Cases/NegativeSignIn" status="PASSED">
         <system-out><![CDATA[2021-05-11 19:16:52 - [TEST_CASE][PASSED] - Test Cases/NegativeSignIn: Test Cases/NegativeSignIn

2021-05-11 19:16:53 - [TEST_STEP][PASSED] - openBrowser(""): Browser is opened with url: ''

2021-05-11 19:16:54 - [MESSAGE][INFO] - Starting 'Chrome' driver

2021-05-11 19:16:54 - [MESSAGE][INFO] - Action delay is set to 0 milliseconds

2021-05-11 19:16:57 - [MESSAGE][PASSED] - Browser is opened with url: ''

2021-05-11 19:16:57 - [TEST_STEP][PASSED] - navigateToUrl("https://sucourse.sabanciuniv.edu/plus/"): Navigate to 'https://sucourse.sabanciuniv.edu/plus/' successfully

2021-05-11 19:17:02 - [MESSAGE][PASSED] - Navigate to 'https://sucourse.sabanciuniv.edu/plus/' successfully

2021-05-11 19:17:02 - [TEST_STEP][PASSED] - delay(1): Delayed 1 second(s)

2021-05-11 19:17:04 - [MESSAGE][PASSED] - Delayed 1 second(s)

2021-05-11 19:17:04 - [TEST_STEP][PASSED] - click(findTestObject("Object Repository/NegativeSignIn/Page_SUCourse/a_Login")): Object: 'Object Repository/NegativeSignIn/Page_SUCourse/a_Login' is clicked on

2021-05-11 19:17:05 - [MESSAGE][PASSED] - Object: 'Object Repository/NegativeSignIn/Page_SUCourse/a_Login' is clicked on

2021-05-11 19:17:05 - [TEST_STEP][PASSED] - delay(1): Delayed 1 second(s)

2021-05-11 19:17:06 - [MESSAGE][PASSED] - Delayed 1 second(s)

2021-05-11 19:17:06 - [TEST_STEP][PASSED] - click(findTestObject("Object Repository/NegativeSignIn/Page_SUCourse Authentication choice/a_SUNet users (Sabanc University members)")): Object: 'Object Repository/NegativeSignIn/Page_SUCourse Authentication choice/a_SUNet users (Sabanc University members)' is clicked on

2021-05-11 19:17:08 - [MESSAGE][PASSED] - Object: 'Object Repository/NegativeSignIn/Page_SUCourse Authentication choice/a_SUNet users (Sabanc University members)' is clicked on

2021-05-11 19:17:08 - [TEST_STEP][PASSED] - delay(1): Delayed 1 second(s)

2021-05-11 19:17:09 - [MESSAGE][PASSED] - Delayed 1 second(s)

2021-05-11 19:17:09 - [TEST_STEP][PASSED] - setText(findTestObject("Object Repository/NegativeSignIn/Page_Login - CAS  Central Authentication Service/input_U_username"), "mohamed"): Text 'mohamed' is set on object 'Object Repository/NegativeSignIn/Page_Login - CAS  Central Authentication Service/input_U_username'

2021-05-11 19:17:10 - [MESSAGE][PASSED] - Text 'mohamed' is set on object 'Object Repository/NegativeSignIn/Page_Login - CAS  Central Authentication Service/input_U_username'

2021-05-11 19:17:10 - [TEST_STEP][PASSED] - delay(1): Delayed 1 second(s)

2021-05-11 19:17:11 - [MESSAGE][PASSED] - Delayed 1 second(s)

2021-05-11 19:17:11 - [TEST_STEP][PASSED] - setEncryptedText(findTestObject("Object Repository/NegativeSignIn/Page_Login - CAS  Central Authentication Service/input_P_password"), "lsh4UT/KYs157Zjg3xgr3w=="): Text ****** has been set on object 'Object Repository/NegativeSignIn/Page_Login - CAS  Central Authentication Service/input_P_password'

2021-05-11 19:17:12 - [MESSAGE][PASSED] - Text ****** has been set on object 'Object Repository/NegativeSignIn/Page_Login - CAS  Central Authentication Service/input_P_password'

2021-05-11 19:17:12 - [TEST_STEP][PASSED] - delay(1): Delayed 1 second(s)

2021-05-11 19:17:13 - [MESSAGE][PASSED] - Delayed 1 second(s)

2021-05-11 19:17:13 - [TEST_STEP][PASSED] - click(findTestObject("Object Repository/NegativeSignIn/Page_Login - CAS  Central Authentication Service/input_Remember Me_submit")): Object: 'Object Repository/NegativeSignIn/Page_Login - CAS  Central Authentication Service/input_Remember Me_submit' is clicked on

2021-05-11 19:17:14 - [MESSAGE][PASSED] - Object: 'Object Repository/NegativeSignIn/Page_Login - CAS  Central Authentication Service/input_Remember Me_submit' is clicked on

2021-05-11 19:17:14 - [TEST_STEP][PASSED] - delay(1): Delayed 1 second(s)

2021-05-11 19:17:15 - [MESSAGE][PASSED] - Delayed 1 second(s)

2021-05-11 19:17:15 - [TEST_STEP][PASSED] - doubleClick(findTestObject("Object Repository/NegativeSignIn/Page_Login - CAS  Central Authentication Service/input_U_username")): Object: 'Object Repository/NegativeSignIn/Page_Login - CAS  Central Authentication Service/input_U_username' is double clicked on

2021-05-11 19:17:16 - [MESSAGE][PASSED] - Object: 'Object Repository/NegativeSignIn/Page_Login - CAS  Central Authentication Service/input_U_username' is double clicked on

2021-05-11 19:17:16 - [TEST_STEP][PASSED] - delay(1): Delayed 1 second(s)

2021-05-11 19:17:17 - [MESSAGE][PASSED] - Delayed 1 second(s)

2021-05-11 19:17:17 - [TEST_STEP][PASSED] - click(findTestObject("Object Repository/NegativeSignIn/Page_Login - CAS  Central Authentication Service/input_U_username")): Object: 'Object Repository/NegativeSignIn/Page_Login - CAS  Central Authentication Service/input_U_username' is clicked on

2021-05-11 19:17:17 - [MESSAGE][PASSED] - Object: 'Object Repository/NegativeSignIn/Page_Login - CAS  Central Authentication Service/input_U_username' is clicked on

2021-05-11 19:17:17 - [TEST_STEP][PASSED] - delay(1): Delayed 1 second(s)

2021-05-11 19:17:18 - [MESSAGE][PASSED] - Delayed 1 second(s)

2021-05-11 19:17:18 - [TEST_STEP][PASSED] - setText(findTestObject("Object Repository/NegativeSignIn/Page_Login - CAS  Central Authentication Service/input_U_username"), "mohamedkassem"): Text 'mohamedkassem' is set on object 'Object Repository/NegativeSignIn/Page_Login - CAS  Central Authentication Service/input_U_username'

2021-05-11 19:17:19 - [MESSAGE][PASSED] - Text 'mohamedkassem' is set on object 'Object Repository/NegativeSignIn/Page_Login - CAS  Central Authentication Service/input_U_username'

2021-05-11 19:17:19 - [TEST_STEP][PASSED] - delay(1): Delayed 1 second(s)

2021-05-11 19:17:20 - [MESSAGE][PASSED] - Delayed 1 second(s)

2021-05-11 19:17:20 - [TEST_STEP][PASSED] - setEncryptedText(findTestObject("Object Repository/NegativeSignIn/Page_Login - CAS  Central Authentication Service/input_P_password"), "jan8dG1gofw="): Text ****** has been set on object 'Object Repository/NegativeSignIn/Page_Login - CAS  Central Authentication Service/input_P_password'

2021-05-11 19:17:21 - [MESSAGE][PASSED] - Text ****** has been set on object 'Object Repository/NegativeSignIn/Page_Login - CAS  Central Authentication Service/input_P_password'

2021-05-11 19:17:21 - [TEST_STEP][PASSED] - delay(1): Delayed 1 second(s)

2021-05-11 19:17:22 - [MESSAGE][PASSED] - Delayed 1 second(s)

2021-05-11 19:17:22 - [TEST_STEP][PASSED] - click(findTestObject("Object Repository/NegativeSignIn/Page_Login - CAS  Central Authentication Service/input_Remember Me_submit")): Object: 'Object Repository/NegativeSignIn/Page_Login - CAS  Central Authentication Service/input_Remember Me_submit' is clicked on

2021-05-11 19:17:23 - [MESSAGE][PASSED] - Object: 'Object Repository/NegativeSignIn/Page_Login - CAS  Central Authentication Service/input_Remember Me_submit' is clicked on

2021-05-11 19:17:23 - [TEST_STEP][PASSED] - delay(1): Delayed 1 second(s)

2021-05-11 19:17:24 - [MESSAGE][PASSED] - Delayed 1 second(s)

2021-05-11 19:17:24 - [TEST_STEP][PASSED] - click(findTestObject("Object Repository/NegativeSignIn/Page_Login - CAS  Central Authentication Service/div_Invalid credentials.                   _173ecb")): Object: 'Object Repository/NegativeSignIn/Page_Login - CAS  Central Authentication Service/div_Invalid credentials.                   _173ecb' is clicked on

2021-05-11 19:17:25 - [MESSAGE][PASSED] - Object: 'Object Repository/NegativeSignIn/Page_Login - CAS  Central Authentication Service/div_Invalid credentials.                   _173ecb' is clicked on

2021-05-11 19:17:25 - [TEST_STEP][PASSED] - delay(1): Delayed 1 second(s)

2021-05-11 19:17:26 - [MESSAGE][PASSED] - Delayed 1 second(s)

2021-05-11 19:17:26 - [TEST_STEP][PASSED] - setText(findTestObject("Object Repository/NegativeSignIn/Page_Login - CAS  Central Authentication Service/input_U_username"), ""): Text '' is set on object 'Object Repository/NegativeSignIn/Page_Login - CAS  Central Authentication Service/input_U_username'

2021-05-11 19:17:26 - [MESSAGE][PASSED] - Text '' is set on object 'Object Repository/NegativeSignIn/Page_Login - CAS  Central Authentication Service/input_U_username'

2021-05-11 19:17:26 - [TEST_STEP][PASSED] - delay(1): Delayed 1 second(s)

2021-05-11 19:17:27 - [MESSAGE][PASSED] - Delayed 1 second(s)

2021-05-11 19:17:27 - [TEST_STEP][PASSED] - setEncryptedText(findTestObject("Object Repository/NegativeSignIn/Page_Login - CAS  Central Authentication Service/input_P_password"), "lsh4UT/KYs157Zjg3xgr3w=="): Text ****** has been set on object 'Object Repository/NegativeSignIn/Page_Login - CAS  Central Authentication Service/input_P_password'

2021-05-11 19:17:28 - [MESSAGE][PASSED] - Text ****** has been set on object 'Object Repository/NegativeSignIn/Page_Login - CAS  Central Authentication Service/input_P_password'

2021-05-11 19:17:28 - [TEST_STEP][PASSED] - delay(1): Delayed 1 second(s)

2021-05-11 19:17:29 - [MESSAGE][PASSED] - Delayed 1 second(s)

2021-05-11 19:17:29 - [TEST_STEP][PASSED] - click(findTestObject("Object Repository/NegativeSignIn/Page_Login - CAS  Central Authentication Service/div_Welcome to Central Authentication Servi_5c448d")): Object: 'Object Repository/NegativeSignIn/Page_Login - CAS  Central Authentication Service/div_Welcome to Central Authentication Servi_5c448d' is clicked on

2021-05-11 19:17:30 - [MESSAGE][PASSED] - Object: 'Object Repository/NegativeSignIn/Page_Login - CAS  Central Authentication Service/div_Welcome to Central Authentication Servi_5c448d' is clicked on

2021-05-11 19:17:30 - [TEST_STEP][PASSED] - delay(1): Delayed 1 second(s)

2021-05-11 19:17:31 - [MESSAGE][PASSED] - Delayed 1 second(s)

2021-05-11 19:17:31 - [TEST_STEP][PASSED] - click(findTestObject("Object Repository/NegativeSignIn/Page_Login - CAS  Central Authentication Service/div_Welcome to Central Authentication Servi_5c448d_1")): Object: 'Object Repository/NegativeSignIn/Page_Login - CAS  Central Authentication Service/div_Welcome to Central Authentication Servi_5c448d_1' is clicked on

2021-05-11 19:17:31 - [MESSAGE][PASSED] - Object: 'Object Repository/NegativeSignIn/Page_Login - CAS  Central Authentication Service/div_Welcome to Central Authentication Servi_5c448d_1' is clicked on

2021-05-11 19:17:31 - [TEST_STEP][PASSED] - delay(1): Delayed 1 second(s)

2021-05-11 19:17:32 - [MESSAGE][PASSED] - Delayed 1 second(s)

2021-05-11 19:17:32 - [TEST_STEP][PASSED] - setText(findTestObject("Object Repository/NegativeSignIn/Page_Login - CAS  Central Authentication Service/input_U_username"), ""): Text '' is set on object 'Object Repository/NegativeSignIn/Page_Login - CAS  Central Authentication Service/input_U_username'

2021-05-11 19:17:33 - [MESSAGE][PASSED] - Text '' is set on object 'Object Repository/NegativeSignIn/Page_Login - CAS  Central Authentication Service/input_U_username'

2021-05-11 19:17:33 - [TEST_STEP][PASSED] - delay(1): Delayed 1 second(s)

2021-05-11 19:17:34 - [MESSAGE][PASSED] - Delayed 1 second(s)

2021-05-11 19:17:34 - [TEST_STEP][PASSED] - closeBrowser(): Browser is closed

2021-05-11 19:17:35 - [MESSAGE][PASSED] - Browser is closed]]></system-out>
         <system-err><![CDATA[]]></system-err>
      </testcase>
      <testcase name="Test Cases/PositiveSignIn" time="25.514" classname="Test Cases/PositiveSignIn" status="FAILED">
         <failure type="FAILED" message="Test Cases/PositiveSignIn FAILED.
Reason:
com.kms.katalon.core.exception.StepFailedException: Unable to click on object
	at com.kms.katalon.core.webui.keyword.internal.WebUIKeywordMain.stepFailed(WebUIKeywordMain.groovy:64)
	at com.kms.katalon.core.webui.keyword.internal.WebUIKeywordMain.runKeyword(WebUIKeywordMain.groovy:26)
	at com.kms.katalon.core.webui.keyword.builtin.ClickKeyword.click(ClickKeyword.groovy:75)
	at com.kms.katalon.core.webui.keyword.builtin.ClickKeyword.execute(ClickKeyword.groovy:42)
	at com.kms.katalon.core.keyword.internal.KeywordExecutor.executeKeywordForPlatform(KeywordExecutor.groovy:73)
	at com.kms.katalon.core.webui.keyword.WebUiBuiltInKeywords.click(WebUiBuiltInKeywords.groovy:619)
	at com.kms.katalon.core.webui.keyword.WebUiBuiltInKeywords$click$1.call(Unknown Source)
	at PositiveSignIn.run(PositiveSignIn:60)
	at com.kms.katalon.core.main.ScriptEngine.run(ScriptEngine.java:194)
	at com.kms.katalon.core.main.ScriptEngine.runScriptAsRawText(ScriptEngine.java:119)
	at com.kms.katalon.core.main.TestCaseExecutor.runScript(TestCaseExecutor.java:398)
	at com.kms.katalon.core.main.TestCaseExecutor.doExecute(TestCaseExecutor.java:389)
	at com.kms.katalon.core.main.TestCaseExecutor.processExecutionPhase(TestCaseExecutor.java:368)
	at com.kms.katalon.core.main.TestCaseExecutor.accessMainPhase(TestCaseExecutor.java:360)
	at com.kms.katalon.core.main.TestCaseExecutor.execute(TestCaseExecutor.java:255)
	at com.kms.katalon.core.main.TestSuiteExecutor.accessTestCaseMainPhase(TestSuiteExecutor.java:203)
	at com.kms.katalon.core.main.TestSuiteExecutor.accessTestSuiteMainPhase(TestSuiteExecutor.java:152)
	at com.kms.katalon.core.main.TestSuiteExecutor.execute(TestSuiteExecutor.java:95)
	at com.kms.katalon.core.main.TestCaseMain.startTestSuite(TestCaseMain.java:157)
	at com.kms.katalon.core.main.TestCaseMain$startTestSuite$0.call(Unknown Source)
	at TempTestSuite1620749803594.run(TempTestSuite1620749803594.groovy:39)
Caused by: java.lang.IllegalArgumentException: Object is null
	at com.kms.katalon.core.helper.KeywordHelper.checkTestObjectParameter(KeywordHelper.java:33)
	at com.kms.katalon.core.webui.keyword.builtin.ClickKeyword$_click_closure1.doCall(ClickKeyword.groovy:64)
	at com.kms.katalon.core.webui.keyword.builtin.ClickKeyword$_click_closure1.call(ClickKeyword.groovy)
	at com.kms.katalon.core.webui.keyword.internal.WebUIKeywordMain.runKeyword(WebUIKeywordMain.groovy:20)
	... 19 more
"/>
         <system-out><![CDATA[2021-05-11 19:17:35 - [TEST_CASE][FAILED] - Test Cases/PositiveSignIn: Test Cases/PositiveSignIn FAILED.
Reason:
com.kms.katalon.core.exception.StepFailedException: Unable to click on object
	at com.kms.katalon.core.webui.keyword.internal.WebUIKeywordMain.stepFailed(WebUIKeywordMain.groovy:64)
	at com.kms.katalon.core.webui.keyword.internal.WebUIKeywordMain.runKeyword(WebUIKeywordMain.groovy:26)
	at com.kms.katalon.core.webui.keyword.builtin.ClickKeyword.click(ClickKeyword.groovy:75)
	at com.kms.katalon.core.webui.keyword.builtin.ClickKeyword.execute(ClickKeyword.groovy:42)
	at com.kms.katalon.core.keyword.internal.KeywordExecutor.executeKeywordForPlatform(KeywordExecutor.groovy:73)
	at com.kms.katalon.core.webui.keyword.WebUiBuiltInKeywords.click(WebUiBuiltInKeywords.groovy:619)
	at com.kms.katalon.core.webui.keyword.WebUiBuiltInKeywords$click$1.call(Unknown Source)
	at PositiveSignIn.run(PositiveSignIn:60)
	at com.kms.katalon.core.main.ScriptEngine.run(ScriptEngine.java:194)
	at com.kms.katalon.core.main.ScriptEngine.runScriptAsRawText(ScriptEngine.java:119)
	at com.kms.katalon.core.main.TestCaseExecutor.runScript(TestCaseExecutor.java:398)
	at com.kms.katalon.core.main.TestCaseExecutor.doExecute(TestCaseExecutor.java:389)
	at com.kms.katalon.core.main.TestCaseExecutor.processExecutionPhase(TestCaseExecutor.java:368)
	at com.kms.katalon.core.main.TestCaseExecutor.accessMainPhase(TestCaseExecutor.java:360)
	at com.kms.katalon.core.main.TestCaseExecutor.execute(TestCaseExecutor.java:255)
	at com.kms.katalon.core.main.TestSuiteExecutor.accessTestCaseMainPhase(TestSuiteExecutor.java:203)
	at com.kms.katalon.core.main.TestSuiteExecutor.accessTestSuiteMainPhase(TestSuiteExecutor.java:152)
	at com.kms.katalon.core.main.TestSuiteExecutor.execute(TestSuiteExecutor.java:95)
	at com.kms.katalon.core.main.TestCaseMain.startTestSuite(TestCaseMain.java:157)
	at com.kms.katalon.core.main.TestCaseMain$startTestSuite$0.call(Unknown Source)
	at TempTestSuite1620749803594.run(TempTestSuite1620749803594.groovy:39)
Caused by: java.lang.IllegalArgumentException: Object is null
	at com.kms.katalon.core.helper.KeywordHelper.checkTestObjectParameter(KeywordHelper.java:33)
	at com.kms.katalon.core.webui.keyword.builtin.ClickKeyword$_click_closure1.doCall(ClickKeyword.groovy:64)
	at com.kms.katalon.core.webui.keyword.builtin.ClickKeyword$_click_closure1.call(ClickKeyword.groovy)
	at com.kms.katalon.core.webui.keyword.internal.WebUIKeywordMain.runKeyword(WebUIKeywordMain.groovy:20)
	... 19 more


2021-05-11 19:17:36 - [TEST_STEP][PASSED] - openBrowser(""): Browser is opened with url: ''

2021-05-11 19:17:36 - [MESSAGE][INFO] - Starting 'Chrome' driver

2021-05-11 19:17:36 - [MESSAGE][INFO] - Action delay is set to 0 milliseconds

2021-05-11 19:17:38 - [MESSAGE][PASSED] - Browser is opened with url: ''

2021-05-11 19:17:38 - [TEST_STEP][PASSED] - navigateToUrl("https://sucourse.sabanciuniv.edu/plus/"): Navigate to 'https://sucourse.sabanciuniv.edu/plus/' successfully

2021-05-11 19:17:42 - [MESSAGE][PASSED] - Navigate to 'https://sucourse.sabanciuniv.edu/plus/' successfully

2021-05-11 19:17:42 - [TEST_STEP][PASSED] - delay(1): Delayed 1 second(s)

2021-05-11 19:17:43 - [MESSAGE][PASSED] - Delayed 1 second(s)

2021-05-11 19:17:43 - [TEST_STEP][PASSED] - click(findTestObject("Object Repository/PositiveSignIn/Page_SUCourse/a_Login")): Object: 'Object Repository/PositiveSignIn/Page_SUCourse/a_Login' is clicked on

2021-05-11 19:17:44 - [MESSAGE][PASSED] - Object: 'Object Repository/PositiveSignIn/Page_SUCourse/a_Login' is clicked on

2021-05-11 19:17:44 - [TEST_STEP][PASSED] - delay(1): Delayed 1 second(s)

2021-05-11 19:17:45 - [MESSAGE][PASSED] - Delayed 1 second(s)

2021-05-11 19:17:45 - [TEST_STEP][PASSED] - click(findTestObject("Object Repository/PositiveSignIn/Page_SUCourse Authentication choice/a_SUNet users (Sabanc University members)")): Object: 'Object Repository/PositiveSignIn/Page_SUCourse Authentication choice/a_SUNet users (Sabanc University members)' is clicked on

2021-05-11 19:17:47 - [MESSAGE][PASSED] - Object: 'Object Repository/PositiveSignIn/Page_SUCourse Authentication choice/a_SUNet users (Sabanc University members)' is clicked on

2021-05-11 19:17:47 - [TEST_STEP][PASSED] - delay(1): Delayed 1 second(s)

2021-05-11 19:17:48 - [MESSAGE][PASSED] - Delayed 1 second(s)

2021-05-11 19:17:48 - [TEST_STEP][PASSED] - setText(findTestObject("Object Repository/PositiveSignIn/Page_Login - CAS  Central Authentication Service/input_U_username"), "mohamedkassem"): Text 'mohamedkassem' is set on object 'Object Repository/PositiveSignIn/Page_Login - CAS  Central Authentication Service/input_U_username'

2021-05-11 19:17:49 - [MESSAGE][PASSED] - Text 'mohamedkassem' is set on object 'Object Repository/PositiveSignIn/Page_Login - CAS  Central Authentication Service/input_U_username'

2021-05-11 19:17:49 - [TEST_STEP][PASSED] - delay(1): Delayed 1 second(s)

2021-05-11 19:17:50 - [MESSAGE][PASSED] - Delayed 1 second(s)

2021-05-11 19:17:50 - [TEST_STEP][PASSED] - setEncryptedText(findTestObject("Object Repository/PositiveSignIn/Page_Login - CAS  Central Authentication Service/input_P_password"), "lsh4UT/KYs157Zjg3xgr3w=="): Text ****** has been set on object 'Object Repository/PositiveSignIn/Page_Login - CAS  Central Authentication Service/input_P_password'

2021-05-11 19:17:50 - [MESSAGE][PASSED] - Text ****** has been set on object 'Object Repository/PositiveSignIn/Page_Login - CAS  Central Authentication Service/input_P_password'

2021-05-11 19:17:50 - [TEST_STEP][PASSED] - delay(1): Delayed 1 second(s)

2021-05-11 19:17:51 - [MESSAGE][PASSED] - Delayed 1 second(s)

2021-05-11 19:17:51 - [TEST_STEP][PASSED] - click(findTestObject("Object Repository/PositiveSignIn/Page_Login - CAS  Central Authentication Service/b_login.sabanciuniv.edu")): Object: 'Object Repository/PositiveSignIn/Page_Login - CAS  Central Authentication Service/b_login.sabanciuniv.edu' is clicked on

2021-05-11 19:17:52 - [MESSAGE][PASSED] - Object: 'Object Repository/PositiveSignIn/Page_Login - CAS  Central Authentication Service/b_login.sabanciuniv.edu' is clicked on

2021-05-11 19:17:52 - [TEST_STEP][PASSED] - delay(1): Delayed 1 second(s)

2021-05-11 19:17:53 - [MESSAGE][PASSED] - Delayed 1 second(s)

2021-05-11 19:17:53 - [TEST_STEP][PASSED] - click(findTestObject("Object Repository/PositiveSignIn/Page_Login - CAS  Central Authentication Service/div_Welcome to Central Authentication Servi_5c448d")): Object: 'Object Repository/PositiveSignIn/Page_Login - CAS  Central Authentication Service/div_Welcome to Central Authentication Servi_5c448d' is clicked on

2021-05-11 19:17:53 - [MESSAGE][PASSED] - Object: 'Object Repository/PositiveSignIn/Page_Login - CAS  Central Authentication Service/div_Welcome to Central Authentication Servi_5c448d' is clicked on

2021-05-11 19:17:53 - [TEST_STEP][PASSED] - delay(1): Delayed 1 second(s)

2021-05-11 19:17:54 - [MESSAGE][PASSED] - Delayed 1 second(s)

2021-05-11 19:17:54 - [TEST_STEP][PASSED] - click(findTestObject("Object Repository/PositiveSignIn/Page_Login - CAS  Central Authentication Service/p_Please, verify the URL for this page begi_d9f5fa")): Object: 'Object Repository/PositiveSignIn/Page_Login - CAS  Central Authentication Service/p_Please, verify the URL for this page begi_d9f5fa' is clicked on

2021-05-11 19:17:55 - [MESSAGE][PASSED] - Object: 'Object Repository/PositiveSignIn/Page_Login - CAS  Central Authentication Service/p_Please, verify the URL for this page begi_d9f5fa' is clicked on

2021-05-11 19:17:55 - [TEST_STEP][PASSED] - delay(1): Delayed 1 second(s)

2021-05-11 19:17:56 - [MESSAGE][PASSED] - Delayed 1 second(s)

2021-05-11 19:17:56 - [TEST_STEP][PASSED] - click(findTestObject("Object Repository/PositiveSignIn/Page_Login - CAS  Central Authentication Service/input_Remember Me_submit")): Object: 'Object Repository/PositiveSignIn/Page_Login - CAS  Central Authentication Service/input_Remember Me_submit' is clicked on

2021-05-11 19:17:59 - [MESSAGE][PASSED] - Object: 'Object Repository/PositiveSignIn/Page_Login - CAS  Central Authentication Service/input_Remember Me_submit' is clicked on

2021-05-11 19:17:59 - [TEST_STEP][PASSED] - delay(1): Delayed 1 second(s)

2021-05-11 19:18:00 - [MESSAGE][PASSED] - Delayed 1 second(s)

2021-05-11 19:18:00 - [TEST_STEP][FAILED] - click(findTestObject("Object Repository/PositiveSignIn/Page_Dashboard/body_Skip to main contentCDATAdocument.body_695f45")): Unable to click on object (Root cause: com.kms.katalon.core.exception.StepFailedException: Unable to click on object
	at com.kms.katalon.core.webui.keyword.internal.WebUIKeywordMain.stepFailed(WebUIKeywordMain.groovy:64)
	at com.kms.katalon.core.webui.keyword.internal.WebUIKeywordMain.runKeyword(WebUIKeywordMain.groovy:26)
	at com.kms.katalon.core.webui.keyword.builtin.ClickKeyword.click(ClickKeyword.groovy:75)
	at com.kms.katalon.core.webui.keyword.builtin.ClickKeyword.execute(ClickKeyword.groovy:42)
	at com.kms.katalon.core.keyword.internal.KeywordExecutor.executeKeywordForPlatform(KeywordExecutor.groovy:73)
	at com.kms.katalon.core.webui.keyword.WebUiBuiltInKeywords.click(WebUiBuiltInKeywords.groovy:619)
	at com.kms.katalon.core.webui.keyword.WebUiBuiltInKeywords$click$1.call(Unknown Source)
	at PositiveSignIn.run(PositiveSignIn:60)
	at com.kms.katalon.core.main.ScriptEngine.run(ScriptEngine.java:194)
	at com.kms.katalon.core.main.ScriptEngine.runScriptAsRawText(ScriptEngine.java:119)
	at com.kms.katalon.core.main.TestCaseExecutor.runScript(TestCaseExecutor.java:398)
	at com.kms.katalon.core.main.TestCaseExecutor.doExecute(TestCaseExecutor.java:389)
	at com.kms.katalon.core.main.TestCaseExecutor.processExecutionPhase(TestCaseExecutor.java:368)
	at com.kms.katalon.core.main.TestCaseExecutor.accessMainPhase(TestCaseExecutor.java:360)
	at com.kms.katalon.core.main.TestCaseExecutor.execute(TestCaseExecutor.java:255)
	at com.kms.katalon.core.main.TestSuiteExecutor.accessTestCaseMainPhase(TestSuiteExecutor.java:203)
	at com.kms.katalon.core.main.TestSuiteExecutor.accessTestSuiteMainPhase(TestSuiteExecutor.java:152)
	at com.kms.katalon.core.main.TestSuiteExecutor.execute(TestSuiteExecutor.java:95)
	at com.kms.katalon.core.main.TestCaseMain.startTestSuite(TestCaseMain.java:157)
	at com.kms.katalon.core.main.TestCaseMain$startTestSuite$0.call(Unknown Source)
	at TempTestSuite1620749803594.run(TempTestSuite1620749803594.groovy:39)
Caused by: java.lang.IllegalArgumentException: Object is null
	at com.kms.katalon.core.helper.KeywordHelper.checkTestObjectParameter(KeywordHelper.java:33)
	at com.kms.katalon.core.webui.keyword.builtin.ClickKeyword$_click_closure1.doCall(ClickKeyword.groovy:64)
	at com.kms.katalon.core.webui.keyword.builtin.ClickKeyword$_click_closure1.call(ClickKeyword.groovy)
	at com.kms.katalon.core.webui.keyword.internal.WebUIKeywordMain.runKeyword(WebUIKeywordMain.groovy:20)
	at com.kms.katalon.core.webui.keyword.builtin.ClickKeyword.click(ClickKeyword.groovy:75)
	at com.kms.katalon.core.webui.keyword.builtin.ClickKeyword.execute(ClickKeyword.groovy:42)
	at com.kms.katalon.core.keyword.internal.KeywordExecutor.executeKeywordForPlatform(KeywordExecutor.groovy:73)
	at com.kms.katalon.core.webui.keyword.WebUiBuiltInKeywords.click(WebUiBuiltInKeywords.groovy:619)
	at com.kms.katalon.core.webui.keyword.WebUiBuiltInKeywords$click$1.call(Unknown Source)
	at Script1620645266652.run(Script1620645266652.groovy:60)
	... 13 more
)

2021-05-11 19:18:00 - [MESSAGE][WARNING] - Cannot find test object with id 'Object Repository/PositiveSignIn/Page_Dashboard/body_Skip to main contentCDATAdocument.body_695f45' because of 'org.dom4j.DocumentException: Error on line 58 of document file:///C:/Users/moham/git/SuCourse_Katalon/Object%20Repository/PositiveSignIn/Page_Dashboard/body_Skip%20to%20main%20contentCDATAdocument.body_695f45.rs : The character sequence "]]>" must not appear in content unless used to mark the end of a CDATA section. Nested exception: The character sequence "]]>" must not appear in content unless used to mark the end of a CDATA section.'

2021-05-11 19:18:00 - [MESSAGE][WARNING] - Test object with id 'Object Repository/' does not exist

2021-05-11 19:18:00 - [MESSAGE][FAILED] - Unable to click on object (Root cause: com.kms.katalon.core.exception.StepFailedException: Unable to click on object
	at com.kms.katalon.core.webui.keyword.internal.WebUIKeywordMain.stepFailed(WebUIKeywordMain.groovy:64)
	at com.kms.katalon.core.webui.keyword.internal.WebUIKeywordMain.runKeyword(WebUIKeywordMain.groovy:26)
	at com.kms.katalon.core.webui.keyword.builtin.ClickKeyword.click(ClickKeyword.groovy:75)
	at com.kms.katalon.core.webui.keyword.builtin.ClickKeyword.execute(ClickKeyword.groovy:42)
	at com.kms.katalon.core.keyword.internal.KeywordExecutor.executeKeywordForPlatform(KeywordExecutor.groovy:73)
	at com.kms.katalon.core.webui.keyword.WebUiBuiltInKeywords.click(WebUiBuiltInKeywords.groovy:619)
	at com.kms.katalon.core.webui.keyword.WebUiBuiltInKeywords$click$1.call(Unknown Source)
	at PositiveSignIn.run(PositiveSignIn:60)
	at com.kms.katalon.core.main.ScriptEngine.run(ScriptEngine.java:194)
	at com.kms.katalon.core.main.ScriptEngine.runScriptAsRawText(ScriptEngine.java:119)
	at com.kms.katalon.core.main.TestCaseExecutor.runScript(TestCaseExecutor.java:398)
	at com.kms.katalon.core.main.TestCaseExecutor.doExecute(TestCaseExecutor.java:389)
	at com.kms.katalon.core.main.TestCaseExecutor.processExecutionPhase(TestCaseExecutor.java:368)
	at com.kms.katalon.core.main.TestCaseExecutor.accessMainPhase(TestCaseExecutor.java:360)
	at com.kms.katalon.core.main.TestCaseExecutor.execute(TestCaseExecutor.java:255)
	at com.kms.katalon.core.main.TestSuiteExecutor.accessTestCaseMainPhase(TestSuiteExecutor.java:203)
	at com.kms.katalon.core.main.TestSuiteExecutor.accessTestSuiteMainPhase(TestSuiteExecutor.java:152)
	at com.kms.katalon.core.main.TestSuiteExecutor.execute(TestSuiteExecutor.java:95)
	at com.kms.katalon.core.main.TestCaseMain.startTestSuite(TestCaseMain.java:157)
	at com.kms.katalon.core.main.TestCaseMain$startTestSuite$0.call(Unknown Source)
	at TempTestSuite1620749803594.run(TempTestSuite1620749803594.groovy:39)
Caused by: java.lang.IllegalArgumentException: Object is null
	at com.kms.katalon.core.helper.KeywordHelper.checkTestObjectParameter(KeywordHelper.java:33)
	at com.kms.katalon.core.webui.keyword.builtin.ClickKeyword$_click_closure1.doCall(ClickKeyword.groovy:64)
	at com.kms.katalon.core.webui.keyword.builtin.ClickKeyword$_click_closure1.call(ClickKeyword.groovy)
	at com.kms.katalon.core.webui.keyword.internal.WebUIKeywordMain.runKeyword(WebUIKeywordMain.groovy:20)
	at com.kms.katalon.core.webui.keyword.builtin.ClickKeyword.click(ClickKeyword.groovy:75)
	at com.kms.katalon.core.webui.keyword.builtin.ClickKeyword.execute(ClickKeyword.groovy:42)
	at com.kms.katalon.core.keyword.internal.KeywordExecutor.executeKeywordForPlatform(KeywordExecutor.groovy:73)
	at com.kms.katalon.core.webui.keyword.WebUiBuiltInKeywords.click(WebUiBuiltInKeywords.groovy:619)
	at com.kms.katalon.core.webui.keyword.WebUiBuiltInKeywords$click$1.call(Unknown Source)
	at Script1620645266652.run(Script1620645266652.groovy:60)
	... 13 more
)
[[ATTACHMENT|C:\\Users\\moham\\git\\SuCourse_Katalon\\Reports\\20210511_191643\\Interaction\\20210511_191643\\1620749880406.png]]]]></system-out>
         <system-err><![CDATA[2021-05-11 19:17:35 - [TEST_CASE][FAILED] - Test Cases/PositiveSignIn: Test Cases/PositiveSignIn FAILED.
Reason:
com.kms.katalon.core.exception.StepFailedException: Unable to click on object
	at com.kms.katalon.core.webui.keyword.internal.WebUIKeywordMain.stepFailed(WebUIKeywordMain.groovy:64)
	at com.kms.katalon.core.webui.keyword.internal.WebUIKeywordMain.runKeyword(WebUIKeywordMain.groovy:26)
	at com.kms.katalon.core.webui.keyword.builtin.ClickKeyword.click(ClickKeyword.groovy:75)
	at com.kms.katalon.core.webui.keyword.builtin.ClickKeyword.execute(ClickKeyword.groovy:42)
	at com.kms.katalon.core.keyword.internal.KeywordExecutor.executeKeywordForPlatform(KeywordExecutor.groovy:73)
	at com.kms.katalon.core.webui.keyword.WebUiBuiltInKeywords.click(WebUiBuiltInKeywords.groovy:619)
	at com.kms.katalon.core.webui.keyword.WebUiBuiltInKeywords$click$1.call(Unknown Source)
	at PositiveSignIn.run(PositiveSignIn:60)
	at com.kms.katalon.core.main.ScriptEngine.run(ScriptEngine.java:194)
	at com.kms.katalon.core.main.ScriptEngine.runScriptAsRawText(ScriptEngine.java:119)
	at com.kms.katalon.core.main.TestCaseExecutor.runScript(TestCaseExecutor.java:398)
	at com.kms.katalon.core.main.TestCaseExecutor.doExecute(TestCaseExecutor.java:389)
	at com.kms.katalon.core.main.TestCaseExecutor.processExecutionPhase(TestCaseExecutor.java:368)
	at com.kms.katalon.core.main.TestCaseExecutor.accessMainPhase(TestCaseExecutor.java:360)
	at com.kms.katalon.core.main.TestCaseExecutor.execute(TestCaseExecutor.java:255)
	at com.kms.katalon.core.main.TestSuiteExecutor.accessTestCaseMainPhase(TestSuiteExecutor.java:203)
	at com.kms.katalon.core.main.TestSuiteExecutor.accessTestSuiteMainPhase(TestSuiteExecutor.java:152)
	at com.kms.katalon.core.main.TestSuiteExecutor.execute(TestSuiteExecutor.java:95)
	at com.kms.katalon.core.main.TestCaseMain.startTestSuite(TestCaseMain.java:157)
	at com.kms.katalon.core.main.TestCaseMain$startTestSuite$0.call(Unknown Source)
	at TempTestSuite1620749803594.run(TempTestSuite1620749803594.groovy:39)
Caused by: java.lang.IllegalArgumentException: Object is null
	at com.kms.katalon.core.helper.KeywordHelper.checkTestObjectParameter(KeywordHelper.java:33)
	at com.kms.katalon.core.webui.keyword.builtin.ClickKeyword$_click_closure1.doCall(ClickKeyword.groovy:64)
	at com.kms.katalon.core.webui.keyword.builtin.ClickKeyword$_click_closure1.call(ClickKeyword.groovy)
	at com.kms.katalon.core.webui.keyword.internal.WebUIKeywordMain.runKeyword(WebUIKeywordMain.groovy:20)
	... 19 more]]></system-err>
      </testcase>
      <testcase name="Test Cases/AddingBlog" time="30.927" classname="Test Cases/AddingBlog" status="FAILED">
         <failure type="FAILED" message="Test Cases/AddingBlog FAILED.
Reason:
com.kms.katalon.core.exception.StepFailedException: Unable to set text '1 &lt;p>1&lt;/p>' of object 'Object Repository/AddingBlog/Page_SUCourse Blogs Add a new entry/div_1 1'
	at com.kms.katalon.core.webui.keyword.internal.WebUIKeywordMain.stepFailed(WebUIKeywordMain.groovy:64)
	at com.kms.katalon.core.webui.keyword.internal.WebUIKeywordMain.runKeyword(WebUIKeywordMain.groovy:26)
	at com.kms.katalon.core.webui.keyword.builtin.SetTextKeyword.setText(SetTextKeyword.groovy:66)
	at com.kms.katalon.core.webui.keyword.builtin.SetTextKeyword.execute(SetTextKeyword.groovy:37)
	at com.kms.katalon.core.keyword.internal.KeywordExecutor.executeKeywordForPlatform(KeywordExecutor.groovy:73)
	at com.kms.katalon.core.webui.keyword.WebUiBuiltInKeywords.setText(WebUiBuiltInKeywords.groovy:979)
	at com.kms.katalon.core.webui.keyword.WebUiBuiltInKeywords$setText$2.call(Unknown Source)
	at AddingBlog.run(AddingBlog:60)
	at com.kms.katalon.core.main.ScriptEngine.run(ScriptEngine.java:194)
	at com.kms.katalon.core.main.ScriptEngine.runScriptAsRawText(ScriptEngine.java:119)
	at com.kms.katalon.core.main.TestCaseExecutor.runScript(TestCaseExecutor.java:398)
	at com.kms.katalon.core.main.TestCaseExecutor.doExecute(TestCaseExecutor.java:389)
	at com.kms.katalon.core.main.TestCaseExecutor.processExecutionPhase(TestCaseExecutor.java:368)
	at com.kms.katalon.core.main.TestCaseExecutor.accessMainPhase(TestCaseExecutor.java:360)
	at com.kms.katalon.core.main.TestCaseExecutor.execute(TestCaseExecutor.java:255)
	at com.kms.katalon.core.main.TestSuiteExecutor.accessTestCaseMainPhase(TestSuiteExecutor.java:203)
	at com.kms.katalon.core.main.TestSuiteExecutor.accessTestSuiteMainPhase(TestSuiteExecutor.java:152)
	at com.kms.katalon.core.main.TestSuiteExecutor.execute(TestSuiteExecutor.java:95)
	at com.kms.katalon.core.main.TestCaseMain.startTestSuite(TestCaseMain.java:157)
	at com.kms.katalon.core.main.TestCaseMain$startTestSuite$0.call(Unknown Source)
	at TempTestSuite1620749803594.run(TempTestSuite1620749803594.groovy:39)
Caused by: org.openqa.selenium.InvalidElementStateException: invalid element state
  (Session info: chrome=90.0.4430.93)
Build info: version: '3.141.59', revision: 'e82be7d358', time: '2018-11-14T08:25:53'
System info: host: 'DESKTOP-21F1E8S', ip: '192.168.100.73', os.name: 'Windows 10', os.arch: 'amd64', os.version: '10.0', java.version: '1.8.0_181'
Driver info: com.kms.katalon.selenium.driver.CChromeDriver
Capabilities {acceptInsecureCerts: false, browserName: chrome, browserVersion: 90.0.4430.93, chrome: {chromedriverVersion: 90.0.4430.24 (4c6d850f087da..., userDataDir: C:\Users\moham\AppData\Loca...}, goog:chromeOptions: {debuggerAddress: localhost:31983}, javascriptEnabled: true, networkConnectionEnabled: false, pageLoadStrategy: normal, platform: WINDOWS, platformName: WINDOWS, proxy: Proxy(), setWindowRect: true, strictFileInteractability: false, timeouts: {implicit: 0, pageLoad: 300000, script: 30000}, unhandledPromptBehavior: dismiss and notify, webauthn:extension:largeBlob: true, webauthn:virtualAuthenticators: true}
Session ID: 688c4a7375a3912b5fa93887e4cf320d
	at org.openqa.selenium.remote.http.W3CHttpResponseCodec.createException(W3CHttpResponseCodec.java:187)
	at org.openqa.selenium.remote.http.W3CHttpResponseCodec.decode(W3CHttpResponseCodec.java:122)
	at org.openqa.selenium.remote.http.W3CHttpResponseCodec.decode(W3CHttpResponseCodec.java:49)
	at org.openqa.selenium.remote.HttpCommandExecutor.execute(HttpCommandExecutor.java:158)
	at org.openqa.selenium.remote.service.DriverCommandExecutor.execute(DriverCommandExecutor.java:83)
	at org.openqa.selenium.remote.RemoteWebDriver.execute(RemoteWebDriver.java:552)
	at com.kms.katalon.selenium.driver.CChromeDriver.execute(CChromeDriver.java:19)
	at org.openqa.selenium.remote.RemoteWebElement.execute(RemoteWebElement.java:285)
	at org.openqa.selenium.remote.RemoteWebElement.clear(RemoteWebElement.java:124)
	at org.openqa.selenium.support.events.EventFiringWebDriver$EventFiringWebElement.lambda$new$0(EventFiringWebDriver.java:404)
	at com.sun.proxy.$Proxy11.clear(Unknown Source)
	at org.openqa.selenium.support.events.EventFiringWebDriver$EventFiringWebElement.clear(EventFiringWebDriver.java:436)
	at com.kms.katalon.core.webui.keyword.builtin.SetTextKeyword$_setText_closure1.doCall(SetTextKeyword.groovy:53)
	at com.kms.katalon.core.webui.keyword.builtin.SetTextKeyword$_setText_closure1.call(SetTextKeyword.groovy)
	at com.kms.katalon.core.webui.keyword.internal.WebUIKeywordMain.runKeyword(WebUIKeywordMain.groovy:20)
	... 19 more
"/>
         <system-out><![CDATA[2021-05-11 19:18:00 - [TEST_CASE][FAILED] - Test Cases/AddingBlog: Test Cases/AddingBlog FAILED.
Reason:
com.kms.katalon.core.exception.StepFailedException: Unable to set text '1 <p>1</p>' of object 'Object Repository/AddingBlog/Page_SUCourse Blogs Add a new entry/div_1 1'
	at com.kms.katalon.core.webui.keyword.internal.WebUIKeywordMain.stepFailed(WebUIKeywordMain.groovy:64)
	at com.kms.katalon.core.webui.keyword.internal.WebUIKeywordMain.runKeyword(WebUIKeywordMain.groovy:26)
	at com.kms.katalon.core.webui.keyword.builtin.SetTextKeyword.setText(SetTextKeyword.groovy:66)
	at com.kms.katalon.core.webui.keyword.builtin.SetTextKeyword.execute(SetTextKeyword.groovy:37)
	at com.kms.katalon.core.keyword.internal.KeywordExecutor.executeKeywordForPlatform(KeywordExecutor.groovy:73)
	at com.kms.katalon.core.webui.keyword.WebUiBuiltInKeywords.setText(WebUiBuiltInKeywords.groovy:979)
	at com.kms.katalon.core.webui.keyword.WebUiBuiltInKeywords$setText$2.call(Unknown Source)
	at AddingBlog.run(AddingBlog:60)
	at com.kms.katalon.core.main.ScriptEngine.run(ScriptEngine.java:194)
	at com.kms.katalon.core.main.ScriptEngine.runScriptAsRawText(ScriptEngine.java:119)
	at com.kms.katalon.core.main.TestCaseExecutor.runScript(TestCaseExecutor.java:398)
	at com.kms.katalon.core.main.TestCaseExecutor.doExecute(TestCaseExecutor.java:389)
	at com.kms.katalon.core.main.TestCaseExecutor.processExecutionPhase(TestCaseExecutor.java:368)
	at com.kms.katalon.core.main.TestCaseExecutor.accessMainPhase(TestCaseExecutor.java:360)
	at com.kms.katalon.core.main.TestCaseExecutor.execute(TestCaseExecutor.java:255)
	at com.kms.katalon.core.main.TestSuiteExecutor.accessTestCaseMainPhase(TestSuiteExecutor.java:203)
	at com.kms.katalon.core.main.TestSuiteExecutor.accessTestSuiteMainPhase(TestSuiteExecutor.java:152)
	at com.kms.katalon.core.main.TestSuiteExecutor.execute(TestSuiteExecutor.java:95)
	at com.kms.katalon.core.main.TestCaseMain.startTestSuite(TestCaseMain.java:157)
	at com.kms.katalon.core.main.TestCaseMain$startTestSuite$0.call(Unknown Source)
	at TempTestSuite1620749803594.run(TempTestSuite1620749803594.groovy:39)
Caused by: org.openqa.selenium.InvalidElementStateException: invalid element state
  (Session info: chrome=90.0.4430.93)
Build info: version: '3.141.59', revision: 'e82be7d358', time: '2018-11-14T08:25:53'
System info: host: 'DESKTOP-21F1E8S', ip: '192.168.100.73', os.name: 'Windows 10', os.arch: 'amd64', os.version: '10.0', java.version: '1.8.0_181'
Driver info: com.kms.katalon.selenium.driver.CChromeDriver
Capabilities {acceptInsecureCerts: false, browserName: chrome, browserVersion: 90.0.4430.93, chrome: {chromedriverVersion: 90.0.4430.24 (4c6d850f087da..., userDataDir: C:\Users\moham\AppData\Loca...}, goog:chromeOptions: {debuggerAddress: localhost:31983}, javascriptEnabled: true, networkConnectionEnabled: false, pageLoadStrategy: normal, platform: WINDOWS, platformName: WINDOWS, proxy: Proxy(), setWindowRect: true, strictFileInteractability: false, timeouts: {implicit: 0, pageLoad: 300000, script: 30000}, unhandledPromptBehavior: dismiss and notify, webauthn:extension:largeBlob: true, webauthn:virtualAuthenticators: true}
Session ID: 688c4a7375a3912b5fa93887e4cf320d
	at org.openqa.selenium.remote.http.W3CHttpResponseCodec.createException(W3CHttpResponseCodec.java:187)
	at org.openqa.selenium.remote.http.W3CHttpResponseCodec.decode(W3CHttpResponseCodec.java:122)
	at org.openqa.selenium.remote.http.W3CHttpResponseCodec.decode(W3CHttpResponseCodec.java:49)
	at org.openqa.selenium.remote.HttpCommandExecutor.execute(HttpCommandExecutor.java:158)
	at org.openqa.selenium.remote.service.DriverCommandExecutor.execute(DriverCommandExecutor.java:83)
	at org.openqa.selenium.remote.RemoteWebDriver.execute(RemoteWebDriver.java:552)
	at com.kms.katalon.selenium.driver.CChromeDriver.execute(CChromeDriver.java:19)
	at org.openqa.selenium.remote.RemoteWebElement.execute(RemoteWebElement.java:285)
	at org.openqa.selenium.remote.RemoteWebElement.clear(RemoteWebElement.java:124)
	at org.openqa.selenium.support.events.EventFiringWebDriver$EventFiringWebElement.lambda$new$0(EventFiringWebDriver.java:404)
	at com.sun.proxy.$Proxy11.clear(Unknown Source)
	at org.openqa.selenium.support.events.EventFiringWebDriver$EventFiringWebElement.clear(EventFiringWebDriver.java:436)
	at com.kms.katalon.core.webui.keyword.builtin.SetTextKeyword$_setText_closure1.doCall(SetTextKeyword.groovy:53)
	at com.kms.katalon.core.webui.keyword.builtin.SetTextKeyword$_setText_closure1.call(SetTextKeyword.groovy)
	at com.kms.katalon.core.webui.keyword.internal.WebUIKeywordMain.runKeyword(WebUIKeywordMain.groovy:20)
	... 19 more


2021-05-11 19:18:01 - [TEST_STEP][PASSED] - openBrowser(""): Browser is opened with url: ''

2021-05-11 19:18:01 - [MESSAGE][WARNING] - A browser is already opened. Closing browser and opening a new one

2021-05-11 19:18:02 - [MESSAGE][INFO] - Starting 'Chrome' driver

2021-05-11 19:18:02 - [MESSAGE][INFO] - Action delay is set to 0 milliseconds

2021-05-11 19:18:04 - [MESSAGE][PASSED] - Browser is opened with url: ''

2021-05-11 19:18:04 - [TEST_STEP][PASSED] - navigateToUrl("https://sucourse.sabanciuniv.edu/plus/"): Navigate to 'https://sucourse.sabanciuniv.edu/plus/' successfully

2021-05-11 19:18:08 - [MESSAGE][PASSED] - Navigate to 'https://sucourse.sabanciuniv.edu/plus/' successfully

2021-05-11 19:18:08 - [TEST_STEP][PASSED] - delay(1): Delayed 1 second(s)

2021-05-11 19:18:09 - [MESSAGE][PASSED] - Delayed 1 second(s)

2021-05-11 19:18:09 - [TEST_STEP][PASSED] - click(findTestObject("Object Repository/AddingBlog/Page_SUCourse/a_Login")): Object: 'Object Repository/AddingBlog/Page_SUCourse/a_Login' is clicked on

2021-05-11 19:18:10 - [MESSAGE][PASSED] - Object: 'Object Repository/AddingBlog/Page_SUCourse/a_Login' is clicked on

2021-05-11 19:18:10 - [TEST_STEP][PASSED] - delay(1): Delayed 1 second(s)

2021-05-11 19:18:11 - [MESSAGE][PASSED] - Delayed 1 second(s)

2021-05-11 19:18:11 - [TEST_STEP][PASSED] - click(findTestObject("Object Repository/AddingBlog/Page_SUCourse Authentication choice/a_SUNet users (Sabanc University members)")): Object: 'Object Repository/AddingBlog/Page_SUCourse Authentication choice/a_SUNet users (Sabanc University members)' is clicked on

2021-05-11 19:18:14 - [MESSAGE][PASSED] - Object: 'Object Repository/AddingBlog/Page_SUCourse Authentication choice/a_SUNet users (Sabanc University members)' is clicked on

2021-05-11 19:18:14 - [TEST_STEP][PASSED] - delay(1): Delayed 1 second(s)

2021-05-11 19:18:15 - [MESSAGE][PASSED] - Delayed 1 second(s)

2021-05-11 19:18:15 - [TEST_STEP][PASSED] - setText(findTestObject("Object Repository/AddingBlog/Page_Login - CAS  Central Authentication Service/input_U_username"), "mohamedkassem"): Text 'mohamedkassem' is set on object 'Object Repository/AddingBlog/Page_Login - CAS  Central Authentication Service/input_U_username'

2021-05-11 19:18:16 - [MESSAGE][PASSED] - Text 'mohamedkassem' is set on object 'Object Repository/AddingBlog/Page_Login - CAS  Central Authentication Service/input_U_username'

2021-05-11 19:18:16 - [TEST_STEP][PASSED] - delay(1): Delayed 1 second(s)

2021-05-11 19:18:17 - [MESSAGE][PASSED] - Delayed 1 second(s)

2021-05-11 19:18:17 - [TEST_STEP][PASSED] - setEncryptedText(findTestObject("Object Repository/AddingBlog/Page_Login - CAS  Central Authentication Service/input_P_password"), "lsh4UT/KYs157Zjg3xgr3w=="): Text ****** has been set on object 'Object Repository/AddingBlog/Page_Login - CAS  Central Authentication Service/input_P_password'

2021-05-11 19:18:17 - [MESSAGE][PASSED] - Text ****** has been set on object 'Object Repository/AddingBlog/Page_Login - CAS  Central Authentication Service/input_P_password'

2021-05-11 19:18:17 - [TEST_STEP][PASSED] - delay(1): Delayed 1 second(s)

2021-05-11 19:18:18 - [MESSAGE][PASSED] - Delayed 1 second(s)

2021-05-11 19:18:18 - [TEST_STEP][PASSED] - click(findTestObject("Object Repository/AddingBlog/Page_Login - CAS  Central Authentication Service/input_Remember Me_submit")): Object: 'Object Repository/AddingBlog/Page_Login - CAS  Central Authentication Service/input_Remember Me_submit' is clicked on

2021-05-11 19:18:21 - [MESSAGE][PASSED] - Object: 'Object Repository/AddingBlog/Page_Login - CAS  Central Authentication Service/input_Remember Me_submit' is clicked on

2021-05-11 19:18:21 - [TEST_STEP][PASSED] - delay(1): Delayed 1 second(s)

2021-05-11 19:18:22 - [MESSAGE][PASSED] - Delayed 1 second(s)

2021-05-11 19:18:22 - [TEST_STEP][PASSED] - click(findTestObject("Object Repository/AddingBlog/Page_Dashboard/img_Log out_welcome_userpicture")): Object: 'Object Repository/AddingBlog/Page_Dashboard/img_Log out_welcome_userpicture' is clicked on

2021-05-11 19:18:24 - [MESSAGE][PASSED] - Object: 'Object Repository/AddingBlog/Page_Dashboard/img_Log out_welcome_userpicture' is clicked on

2021-05-11 19:18:24 - [TEST_STEP][PASSED] - delay(1): Delayed 1 second(s)

2021-05-11 19:18:25 - [MESSAGE][PASSED] - Delayed 1 second(s)

2021-05-11 19:18:25 - [TEST_STEP][PASSED] - click(findTestObject("Object Repository/AddingBlog/Page_Mohamed Emad Mohamed Kassem Public profile/a_Blog entries")): Object: 'Object Repository/AddingBlog/Page_Mohamed Emad Mohamed Kassem Public profile/a_Blog entries' is clicked on

2021-05-11 19:18:26 - [MESSAGE][PASSED] - Object: 'Object Repository/AddingBlog/Page_Mohamed Emad Mohamed Kassem Public profile/a_Blog entries' is clicked on

2021-05-11 19:18:26 - [TEST_STEP][PASSED] - delay(1): Delayed 1 second(s)

2021-05-11 19:18:27 - [MESSAGE][PASSED] - Delayed 1 second(s)

2021-05-11 19:18:27 - [TEST_STEP][PASSED] - click(findTestObject("Object Repository/AddingBlog/Page_SUCourse Mohamed Emad Mohamed Kassem Blog/a_Add a new entry")): Object: 'Object Repository/AddingBlog/Page_SUCourse Mohamed Emad Mohamed Kassem Blog/a_Add a new entry' is clicked on

2021-05-11 19:18:29 - [MESSAGE][PASSED] - Object: 'Object Repository/AddingBlog/Page_SUCourse Mohamed Emad Mohamed Kassem Blog/a_Add a new entry' is clicked on

2021-05-11 19:18:29 - [TEST_STEP][PASSED] - delay(1): Delayed 1 second(s)

2021-05-11 19:18:30 - [MESSAGE][PASSED] - Delayed 1 second(s)

2021-05-11 19:18:30 - [TEST_STEP][FAILED] - setText(findTestObject("Object Repository/AddingBlog/Page_SUCourse Blogs Add a new entry/div_1 1"), "1 <p>1</p>"): Unable to set text '1 <p>1</p>' of object 'Object Repository/AddingBlog/Page_SUCourse Blogs Add a new entry/div_1 1' (Root cause: com.kms.katalon.core.exception.StepFailedException: Unable to set text '1 <p>1</p>' of object 'Object Repository/AddingBlog/Page_SUCourse Blogs Add a new entry/div_1 1'
	at com.kms.katalon.core.webui.keyword.internal.WebUIKeywordMain.stepFailed(WebUIKeywordMain.groovy:64)
	at com.kms.katalon.core.webui.keyword.internal.WebUIKeywordMain.runKeyword(WebUIKeywordMain.groovy:26)
	at com.kms.katalon.core.webui.keyword.builtin.SetTextKeyword.setText(SetTextKeyword.groovy:66)
	at com.kms.katalon.core.webui.keyword.builtin.SetTextKeyword.execute(SetTextKeyword.groovy:37)
	at com.kms.katalon.core.keyword.internal.KeywordExecutor.executeKeywordForPlatform(KeywordExecutor.groovy:73)
	at com.kms.katalon.core.webui.keyword.WebUiBuiltInKeywords.setText(WebUiBuiltInKeywords.groovy:979)
	at com.kms.katalon.core.webui.keyword.WebUiBuiltInKeywords$setText$2.call(Unknown Source)
	at AddingBlog.run(AddingBlog:60)
	at com.kms.katalon.core.main.ScriptEngine.run(ScriptEngine.java:194)
	at com.kms.katalon.core.main.ScriptEngine.runScriptAsRawText(ScriptEngine.java:119)
	at com.kms.katalon.core.main.TestCaseExecutor.runScript(TestCaseExecutor.java:398)
	at com.kms.katalon.core.main.TestCaseExecutor.doExecute(TestCaseExecutor.java:389)
	at com.kms.katalon.core.main.TestCaseExecutor.processExecutionPhase(TestCaseExecutor.java:368)
	at com.kms.katalon.core.main.TestCaseExecutor.accessMainPhase(TestCaseExecutor.java:360)
	at com.kms.katalon.core.main.TestCaseExecutor.execute(TestCaseExecutor.java:255)
	at com.kms.katalon.core.main.TestSuiteExecutor.accessTestCaseMainPhase(TestSuiteExecutor.java:203)
	at com.kms.katalon.core.main.TestSuiteExecutor.accessTestSuiteMainPhase(TestSuiteExecutor.java:152)
	at com.kms.katalon.core.main.TestSuiteExecutor.execute(TestSuiteExecutor.java:95)
	at com.kms.katalon.core.main.TestCaseMain.startTestSuite(TestCaseMain.java:157)
	at com.kms.katalon.core.main.TestCaseMain$startTestSuite$0.call(Unknown Source)
	at TempTestSuite1620749803594.run(TempTestSuite1620749803594.groovy:39)
Caused by: org.openqa.selenium.InvalidElementStateException: invalid element state
  (Session info: chrome=90.0.4430.93)
Build info: version: '3.141.59', revision: 'e82be7d358', time: '2018-11-14T08:25:53'
System info: host: 'DESKTOP-21F1E8S', ip: '192.168.100.73', os.name: 'Windows 10', os.arch: 'amd64', os.version: '10.0', java.version: '1.8.0_181'
Driver info: com.kms.katalon.selenium.driver.CChromeDriver
Capabilities {acceptInsecureCerts: false, browserName: chrome, browserVersion: 90.0.4430.93, chrome: {chromedriverVersion: 90.0.4430.24 (4c6d850f087da..., userDataDir: C:\Users\moham\AppData\Loca...}, goog:chromeOptions: {debuggerAddress: localhost:31983}, javascriptEnabled: true, networkConnectionEnabled: false, pageLoadStrategy: normal, platform: WINDOWS, platformName: WINDOWS, proxy: Proxy(), setWindowRect: true, strictFileInteractability: false, timeouts: {implicit: 0, pageLoad: 300000, script: 30000}, unhandledPromptBehavior: dismiss and notify, webauthn:extension:largeBlob: true, webauthn:virtualAuthenticators: true}
Session ID: 688c4a7375a3912b5fa93887e4cf320d
	at org.openqa.selenium.remote.http.W3CHttpResponseCodec.createException(W3CHttpResponseCodec.java:187)
	at org.openqa.selenium.remote.http.W3CHttpResponseCodec.decode(W3CHttpResponseCodec.java:122)
	at org.openqa.selenium.remote.http.W3CHttpResponseCodec.decode(W3CHttpResponseCodec.java:49)
	at org.openqa.selenium.remote.HttpCommandExecutor.execute(HttpCommandExecutor.java:158)
	at org.openqa.selenium.remote.service.DriverCommandExecutor.execute(DriverCommandExecutor.java:83)
	at org.openqa.selenium.remote.RemoteWebDriver.execute(RemoteWebDriver.java:552)
	at com.kms.katalon.selenium.driver.CChromeDriver.execute(CChromeDriver.java:19)
	at org.openqa.selenium.remote.RemoteWebElement.execute(RemoteWebElement.java:285)
	at org.openqa.selenium.remote.RemoteWebElement.clear(RemoteWebElement.java:124)
	at org.openqa.selenium.support.events.EventFiringWebDriver$EventFiringWebElement.lambda$new$0(EventFiringWebDriver.java:404)
	at com.sun.proxy.$Proxy11.clear(Unknown Source)
	at org.openqa.selenium.support.events.EventFiringWebDriver$EventFiringWebElement.clear(EventFiringWebDriver.java:436)
	at com.kms.katalon.core.webui.keyword.builtin.SetTextKeyword$_setText_closure1.doCall(SetTextKeyword.groovy:53)
	at com.kms.katalon.core.webui.keyword.builtin.SetTextKeyword$_setText_closure1.call(SetTextKeyword.groovy)
	at com.kms.katalon.core.webui.keyword.internal.WebUIKeywordMain.runKeyword(WebUIKeywordMain.groovy:20)
	at com.kms.katalon.core.webui.keyword.builtin.SetTextKeyword.setText(SetTextKeyword.groovy:66)
	at com.kms.katalon.core.webui.keyword.builtin.SetTextKeyword.execute(SetTextKeyword.groovy:37)
	at com.kms.katalon.core.keyword.internal.KeywordExecutor.executeKeywordForPlatform(KeywordExecutor.groovy:73)
	at com.kms.katalon.core.webui.keyword.WebUiBuiltInKeywords.setText(WebUiBuiltInKeywords.groovy:979)
	at com.kms.katalon.core.webui.keyword.WebUiBuiltInKeywords$setText$2.call(Unknown Source)
	at Script1620678687723.run(Script1620678687723.groovy:60)
	... 13 more
)

2021-05-11 19:18:31 - [MESSAGE][FAILED] - Unable to set text '1 <p>1</p>' of object 'Object Repository/AddingBlog/Page_SUCourse Blogs Add a new entry/div_1 1' (Root cause: com.kms.katalon.core.exception.StepFailedException: Unable to set text '1 <p>1</p>' of object 'Object Repository/AddingBlog/Page_SUCourse Blogs Add a new entry/div_1 1'
	at com.kms.katalon.core.webui.keyword.internal.WebUIKeywordMain.stepFailed(WebUIKeywordMain.groovy:64)
	at com.kms.katalon.core.webui.keyword.internal.WebUIKeywordMain.runKeyword(WebUIKeywordMain.groovy:26)
	at com.kms.katalon.core.webui.keyword.builtin.SetTextKeyword.setText(SetTextKeyword.groovy:66)
	at com.kms.katalon.core.webui.keyword.builtin.SetTextKeyword.execute(SetTextKeyword.groovy:37)
	at com.kms.katalon.core.keyword.internal.KeywordExecutor.executeKeywordForPlatform(KeywordExecutor.groovy:73)
	at com.kms.katalon.core.webui.keyword.WebUiBuiltInKeywords.setText(WebUiBuiltInKeywords.groovy:979)
	at com.kms.katalon.core.webui.keyword.WebUiBuiltInKeywords$setText$2.call(Unknown Source)
	at AddingBlog.run(AddingBlog:60)
	at com.kms.katalon.core.main.ScriptEngine.run(ScriptEngine.java:194)
	at com.kms.katalon.core.main.ScriptEngine.runScriptAsRawText(ScriptEngine.java:119)
	at com.kms.katalon.core.main.TestCaseExecutor.runScript(TestCaseExecutor.java:398)
	at com.kms.katalon.core.main.TestCaseExecutor.doExecute(TestCaseExecutor.java:389)
	at com.kms.katalon.core.main.TestCaseExecutor.processExecutionPhase(TestCaseExecutor.java:368)
	at com.kms.katalon.core.main.TestCaseExecutor.accessMainPhase(TestCaseExecutor.java:360)
	at com.kms.katalon.core.main.TestCaseExecutor.execute(TestCaseExecutor.java:255)
	at com.kms.katalon.core.main.TestSuiteExecutor.accessTestCaseMainPhase(TestSuiteExecutor.java:203)
	at com.kms.katalon.core.main.TestSuiteExecutor.accessTestSuiteMainPhase(TestSuiteExecutor.java:152)
	at com.kms.katalon.core.main.TestSuiteExecutor.execute(TestSuiteExecutor.java:95)
	at com.kms.katalon.core.main.TestCaseMain.startTestSuite(TestCaseMain.java:157)
	at com.kms.katalon.core.main.TestCaseMain$startTestSuite$0.call(Unknown Source)
	at TempTestSuite1620749803594.run(TempTestSuite1620749803594.groovy:39)
Caused by: org.openqa.selenium.InvalidElementStateException: invalid element state
  (Session info: chrome=90.0.4430.93)
Build info: version: '3.141.59', revision: 'e82be7d358', time: '2018-11-14T08:25:53'
System info: host: 'DESKTOP-21F1E8S', ip: '192.168.100.73', os.name: 'Windows 10', os.arch: 'amd64', os.version: '10.0', java.version: '1.8.0_181'
Driver info: com.kms.katalon.selenium.driver.CChromeDriver
Capabilities {acceptInsecureCerts: false, browserName: chrome, browserVersion: 90.0.4430.93, chrome: {chromedriverVersion: 90.0.4430.24 (4c6d850f087da..., userDataDir: C:\Users\moham\AppData\Loca...}, goog:chromeOptions: {debuggerAddress: localhost:31983}, javascriptEnabled: true, networkConnectionEnabled: false, pageLoadStrategy: normal, platform: WINDOWS, platformName: WINDOWS, proxy: Proxy(), setWindowRect: true, strictFileInteractability: false, timeouts: {implicit: 0, pageLoad: 300000, script: 30000}, unhandledPromptBehavior: dismiss and notify, webauthn:extension:largeBlob: true, webauthn:virtualAuthenticators: true}
Session ID: 688c4a7375a3912b5fa93887e4cf320d
	at org.openqa.selenium.remote.http.W3CHttpResponseCodec.createException(W3CHttpResponseCodec.java:187)
	at org.openqa.selenium.remote.http.W3CHttpResponseCodec.decode(W3CHttpResponseCodec.java:122)
	at org.openqa.selenium.remote.http.W3CHttpResponseCodec.decode(W3CHttpResponseCodec.java:49)
	at org.openqa.selenium.remote.HttpCommandExecutor.execute(HttpCommandExecutor.java:158)
	at org.openqa.selenium.remote.service.DriverCommandExecutor.execute(DriverCommandExecutor.java:83)
	at org.openqa.selenium.remote.RemoteWebDriver.execute(RemoteWebDriver.java:552)
	at com.kms.katalon.selenium.driver.CChromeDriver.execute(CChromeDriver.java:19)
	at org.openqa.selenium.remote.RemoteWebElement.execute(RemoteWebElement.java:285)
	at org.openqa.selenium.remote.RemoteWebElement.clear(RemoteWebElement.java:124)
	at org.openqa.selenium.support.events.EventFiringWebDriver$EventFiringWebElement.lambda$new$0(EventFiringWebDriver.java:404)
	at com.sun.proxy.$Proxy11.clear(Unknown Source)
	at org.openqa.selenium.support.events.EventFiringWebDriver$EventFiringWebElement.clear(EventFiringWebDriver.java:436)
	at com.kms.katalon.core.webui.keyword.builtin.SetTextKeyword$_setText_closure1.doCall(SetTextKeyword.groovy:53)
	at com.kms.katalon.core.webui.keyword.builtin.SetTextKeyword$_setText_closure1.call(SetTextKeyword.groovy)
	at com.kms.katalon.core.webui.keyword.internal.WebUIKeywordMain.runKeyword(WebUIKeywordMain.groovy:20)
	at com.kms.katalon.core.webui.keyword.builtin.SetTextKeyword.setText(SetTextKeyword.groovy:66)
	at com.kms.katalon.core.webui.keyword.builtin.SetTextKeyword.execute(SetTextKeyword.groovy:37)
	at com.kms.katalon.core.keyword.internal.KeywordExecutor.executeKeywordForPlatform(KeywordExecutor.groovy:73)
	at com.kms.katalon.core.webui.keyword.WebUiBuiltInKeywords.setText(WebUiBuiltInKeywords.groovy:979)
	at com.kms.katalon.core.webui.keyword.WebUiBuiltInKeywords$setText$2.call(Unknown Source)
	at Script1620678687723.run(Script1620678687723.groovy:60)
	... 13 more
)
[[ATTACHMENT|C:\\Users\\moham\\git\\SuCourse_Katalon\\Reports\\20210511_191643\\Interaction\\20210511_191643\\1620749911435.png]]]]></system-out>
         <system-err><![CDATA[2021-05-11 19:18:00 - [TEST_CASE][FAILED] - Test Cases/AddingBlog: Test Cases/AddingBlog FAILED.
Reason:
com.kms.katalon.core.exception.StepFailedException: Unable to set text '1 <p>1</p>' of object 'Object Repository/AddingBlog/Page_SUCourse Blogs Add a new entry/div_1 1'
	at com.kms.katalon.core.webui.keyword.internal.WebUIKeywordMain.stepFailed(WebUIKeywordMain.groovy:64)
	at com.kms.katalon.core.webui.keyword.internal.WebUIKeywordMain.runKeyword(WebUIKeywordMain.groovy:26)
	at com.kms.katalon.core.webui.keyword.builtin.SetTextKeyword.setText(SetTextKeyword.groovy:66)
	at com.kms.katalon.core.webui.keyword.builtin.SetTextKeyword.execute(SetTextKeyword.groovy:37)
	at com.kms.katalon.core.keyword.internal.KeywordExecutor.executeKeywordForPlatform(KeywordExecutor.groovy:73)
	at com.kms.katalon.core.webui.keyword.WebUiBuiltInKeywords.setText(WebUiBuiltInKeywords.groovy:979)
	at com.kms.katalon.core.webui.keyword.WebUiBuiltInKeywords$setText$2.call(Unknown Source)
	at AddingBlog.run(AddingBlog:60)
	at com.kms.katalon.core.main.ScriptEngine.run(ScriptEngine.java:194)
	at com.kms.katalon.core.main.ScriptEngine.runScriptAsRawText(ScriptEngine.java:119)
	at com.kms.katalon.core.main.TestCaseExecutor.runScript(TestCaseExecutor.java:398)
	at com.kms.katalon.core.main.TestCaseExecutor.doExecute(TestCaseExecutor.java:389)
	at com.kms.katalon.core.main.TestCaseExecutor.processExecutionPhase(TestCaseExecutor.java:368)
	at com.kms.katalon.core.main.TestCaseExecutor.accessMainPhase(TestCaseExecutor.java:360)
	at com.kms.katalon.core.main.TestCaseExecutor.execute(TestCaseExecutor.java:255)
	at com.kms.katalon.core.main.TestSuiteExecutor.accessTestCaseMainPhase(TestSuiteExecutor.java:203)
	at com.kms.katalon.core.main.TestSuiteExecutor.accessTestSuiteMainPhase(TestSuiteExecutor.java:152)
	at com.kms.katalon.core.main.TestSuiteExecutor.execute(TestSuiteExecutor.java:95)
	at com.kms.katalon.core.main.TestCaseMain.startTestSuite(TestCaseMain.java:157)
	at com.kms.katalon.core.main.TestCaseMain$startTestSuite$0.call(Unknown Source)
	at TempTestSuite1620749803594.run(TempTestSuite1620749803594.groovy:39)
Caused by: org.openqa.selenium.InvalidElementStateException: invalid element state
  (Session info: chrome=90.0.4430.93)
Build info: version: '3.141.59', revision: 'e82be7d358', time: '2018-11-14T08:25:53'
System info: host: 'DESKTOP-21F1E8S', ip: '192.168.100.73', os.name: 'Windows 10', os.arch: 'amd64', os.version: '10.0', java.version: '1.8.0_181'
Driver info: com.kms.katalon.selenium.driver.CChromeDriver
Capabilities {acceptInsecureCerts: false, browserName: chrome, browserVersion: 90.0.4430.93, chrome: {chromedriverVersion: 90.0.4430.24 (4c6d850f087da..., userDataDir: C:\Users\moham\AppData\Loca...}, goog:chromeOptions: {debuggerAddress: localhost:31983}, javascriptEnabled: true, networkConnectionEnabled: false, pageLoadStrategy: normal, platform: WINDOWS, platformName: WINDOWS, proxy: Proxy(), setWindowRect: true, strictFileInteractability: false, timeouts: {implicit: 0, pageLoad: 300000, script: 30000}, unhandledPromptBehavior: dismiss and notify, webauthn:extension:largeBlob: true, webauthn:virtualAuthenticators: true}
Session ID: 688c4a7375a3912b5fa93887e4cf320d
	at org.openqa.selenium.remote.http.W3CHttpResponseCodec.createException(W3CHttpResponseCodec.java:187)
	at org.openqa.selenium.remote.http.W3CHttpResponseCodec.decode(W3CHttpResponseCodec.java:122)
	at org.openqa.selenium.remote.http.W3CHttpResponseCodec.decode(W3CHttpResponseCodec.java:49)
	at org.openqa.selenium.remote.HttpCommandExecutor.execute(HttpCommandExecutor.java:158)
	at org.openqa.selenium.remote.service.DriverCommandExecutor.execute(DriverCommandExecutor.java:83)
	at org.openqa.selenium.remote.RemoteWebDriver.execute(RemoteWebDriver.java:552)
	at com.kms.katalon.selenium.driver.CChromeDriver.execute(CChromeDriver.java:19)
	at org.openqa.selenium.remote.RemoteWebElement.execute(RemoteWebElement.java:285)
	at org.openqa.selenium.remote.RemoteWebElement.clear(RemoteWebElement.java:124)
	at org.openqa.selenium.support.events.EventFiringWebDriver$EventFiringWebElement.lambda$new$0(EventFiringWebDriver.java:404)
	at com.sun.proxy.$Proxy11.clear(Unknown Source)
	at org.openqa.selenium.support.events.EventFiringWebDriver$EventFiringWebElement.clear(EventFiringWebDriver.java:436)
	at com.kms.katalon.core.webui.keyword.builtin.SetTextKeyword$_setText_closure1.doCall(SetTextKeyword.groovy:53)
	at com.kms.katalon.core.webui.keyword.builtin.SetTextKeyword$_setText_closure1.call(SetTextKeyword.groovy)
	at com.kms.katalon.core.webui.keyword.internal.WebUIKeywordMain.runKeyword(WebUIKeywordMain.groovy:20)
	... 19 more]]></system-err>
      </testcase>
      <testcase name="Test Cases/AddingEventToCalendar" time="30.602" classname="Test Cases/AddingEventToCalendar" status="FAILED">
         <failure type="FAILED" message="Test Cases/AddingEventToCalendar FAILED.
Reason:
com.kms.katalon.core.exception.StepFailedException: Unable to set text '1 &lt;p>1&lt;/p>' of object 'Object Repository/AddingEventToCalendar/Page_SUCourse Calendar Detailed month view _34c8e7/div_1 1'
	at com.kms.katalon.core.webui.keyword.internal.WebUIKeywordMain.stepFailed(WebUIKeywordMain.groovy:64)
	at com.kms.katalon.core.webui.keyword.internal.WebUIKeywordMain.runKeyword(WebUIKeywordMain.groovy:26)
	at com.kms.katalon.core.webui.keyword.builtin.SetTextKeyword.setText(SetTextKeyword.groovy:66)
	at com.kms.katalon.core.webui.keyword.builtin.SetTextKeyword.execute(SetTextKeyword.groovy:37)
	at com.kms.katalon.core.keyword.internal.KeywordExecutor.executeKeywordForPlatform(KeywordExecutor.groovy:73)
	at com.kms.katalon.core.webui.keyword.WebUiBuiltInKeywords.setText(WebUiBuiltInKeywords.groovy:979)
	at com.kms.katalon.core.webui.keyword.WebUiBuiltInKeywords$setText$2.call(Unknown Source)
	at AddingEventToCalendar.run(AddingEventToCalendar:60)
	at com.kms.katalon.core.main.ScriptEngine.run(ScriptEngine.java:194)
	at com.kms.katalon.core.main.ScriptEngine.runScriptAsRawText(ScriptEngine.java:119)
	at com.kms.katalon.core.main.TestCaseExecutor.runScript(TestCaseExecutor.java:398)
	at com.kms.katalon.core.main.TestCaseExecutor.doExecute(TestCaseExecutor.java:389)
	at com.kms.katalon.core.main.TestCaseExecutor.processExecutionPhase(TestCaseExecutor.java:368)
	at com.kms.katalon.core.main.TestCaseExecutor.accessMainPhase(TestCaseExecutor.java:360)
	at com.kms.katalon.core.main.TestCaseExecutor.execute(TestCaseExecutor.java:255)
	at com.kms.katalon.core.main.TestSuiteExecutor.accessTestCaseMainPhase(TestSuiteExecutor.java:203)
	at com.kms.katalon.core.main.TestSuiteExecutor.accessTestSuiteMainPhase(TestSuiteExecutor.java:152)
	at com.kms.katalon.core.main.TestSuiteExecutor.execute(TestSuiteExecutor.java:95)
	at com.kms.katalon.core.main.TestCaseMain.startTestSuite(TestCaseMain.java:157)
	at com.kms.katalon.core.main.TestCaseMain$startTestSuite$0.call(Unknown Source)
	at TempTestSuite1620749803594.run(TempTestSuite1620749803594.groovy:39)
Caused by: org.openqa.selenium.InvalidElementStateException: invalid element state
  (Session info: chrome=90.0.4430.93)
Build info: version: '3.141.59', revision: 'e82be7d358', time: '2018-11-14T08:25:53'
System info: host: 'DESKTOP-21F1E8S', ip: '192.168.100.73', os.name: 'Windows 10', os.arch: 'amd64', os.version: '10.0', java.version: '1.8.0_181'
Driver info: com.kms.katalon.selenium.driver.CChromeDriver
Capabilities {acceptInsecureCerts: false, browserName: chrome, browserVersion: 90.0.4430.93, chrome: {chromedriverVersion: 90.0.4430.24 (4c6d850f087da..., userDataDir: C:\Users\moham\AppData\Loca...}, goog:chromeOptions: {debuggerAddress: localhost:32055}, javascriptEnabled: true, networkConnectionEnabled: false, pageLoadStrategy: normal, platform: WINDOWS, platformName: WINDOWS, proxy: Proxy(), setWindowRect: true, strictFileInteractability: false, timeouts: {implicit: 0, pageLoad: 300000, script: 30000}, unhandledPromptBehavior: dismiss and notify, webauthn:extension:largeBlob: true, webauthn:virtualAuthenticators: true}
Session ID: 53f73a1a3ad502f38b0332b4e33be5af
	at org.openqa.selenium.remote.http.W3CHttpResponseCodec.createException(W3CHttpResponseCodec.java:187)
	at org.openqa.selenium.remote.http.W3CHttpResponseCodec.decode(W3CHttpResponseCodec.java:122)
	at org.openqa.selenium.remote.http.W3CHttpResponseCodec.decode(W3CHttpResponseCodec.java:49)
	at org.openqa.selenium.remote.HttpCommandExecutor.execute(HttpCommandExecutor.java:158)
	at org.openqa.selenium.remote.service.DriverCommandExecutor.execute(DriverCommandExecutor.java:83)
	at org.openqa.selenium.remote.RemoteWebDriver.execute(RemoteWebDriver.java:552)
	at com.kms.katalon.selenium.driver.CChromeDriver.execute(CChromeDriver.java:19)
	at org.openqa.selenium.remote.RemoteWebElement.execute(RemoteWebElement.java:285)
	at org.openqa.selenium.remote.RemoteWebElement.clear(RemoteWebElement.java:124)
	at org.openqa.selenium.support.events.EventFiringWebDriver$EventFiringWebElement.lambda$new$0(EventFiringWebDriver.java:404)
	at com.sun.proxy.$Proxy11.clear(Unknown Source)
	at org.openqa.selenium.support.events.EventFiringWebDriver$EventFiringWebElement.clear(EventFiringWebDriver.java:436)
	at com.kms.katalon.core.webui.keyword.builtin.SetTextKeyword$_setText_closure1.doCall(SetTextKeyword.groovy:53)
	at com.kms.katalon.core.webui.keyword.builtin.SetTextKeyword$_setText_closure1.call(SetTextKeyword.groovy)
	at com.kms.katalon.core.webui.keyword.internal.WebUIKeywordMain.runKeyword(WebUIKeywordMain.groovy:20)
	... 19 more
"/>
         <system-out><![CDATA[2021-05-11 19:18:31 - [TEST_CASE][FAILED] - Test Cases/AddingEventToCalendar: Test Cases/AddingEventToCalendar FAILED.
Reason:
com.kms.katalon.core.exception.StepFailedException: Unable to set text '1 <p>1</p>' of object 'Object Repository/AddingEventToCalendar/Page_SUCourse Calendar Detailed month view _34c8e7/div_1 1'
	at com.kms.katalon.core.webui.keyword.internal.WebUIKeywordMain.stepFailed(WebUIKeywordMain.groovy:64)
	at com.kms.katalon.core.webui.keyword.internal.WebUIKeywordMain.runKeyword(WebUIKeywordMain.groovy:26)
	at com.kms.katalon.core.webui.keyword.builtin.SetTextKeyword.setText(SetTextKeyword.groovy:66)
	at com.kms.katalon.core.webui.keyword.builtin.SetTextKeyword.execute(SetTextKeyword.groovy:37)
	at com.kms.katalon.core.keyword.internal.KeywordExecutor.executeKeywordForPlatform(KeywordExecutor.groovy:73)
	at com.kms.katalon.core.webui.keyword.WebUiBuiltInKeywords.setText(WebUiBuiltInKeywords.groovy:979)
	at com.kms.katalon.core.webui.keyword.WebUiBuiltInKeywords$setText$2.call(Unknown Source)
	at AddingEventToCalendar.run(AddingEventToCalendar:60)
	at com.kms.katalon.core.main.ScriptEngine.run(ScriptEngine.java:194)
	at com.kms.katalon.core.main.ScriptEngine.runScriptAsRawText(ScriptEngine.java:119)
	at com.kms.katalon.core.main.TestCaseExecutor.runScript(TestCaseExecutor.java:398)
	at com.kms.katalon.core.main.TestCaseExecutor.doExecute(TestCaseExecutor.java:389)
	at com.kms.katalon.core.main.TestCaseExecutor.processExecutionPhase(TestCaseExecutor.java:368)
	at com.kms.katalon.core.main.TestCaseExecutor.accessMainPhase(TestCaseExecutor.java:360)
	at com.kms.katalon.core.main.TestCaseExecutor.execute(TestCaseExecutor.java:255)
	at com.kms.katalon.core.main.TestSuiteExecutor.accessTestCaseMainPhase(TestSuiteExecutor.java:203)
	at com.kms.katalon.core.main.TestSuiteExecutor.accessTestSuiteMainPhase(TestSuiteExecutor.java:152)
	at com.kms.katalon.core.main.TestSuiteExecutor.execute(TestSuiteExecutor.java:95)
	at com.kms.katalon.core.main.TestCaseMain.startTestSuite(TestCaseMain.java:157)
	at com.kms.katalon.core.main.TestCaseMain$startTestSuite$0.call(Unknown Source)
	at TempTestSuite1620749803594.run(TempTestSuite1620749803594.groovy:39)
Caused by: org.openqa.selenium.InvalidElementStateException: invalid element state
  (Session info: chrome=90.0.4430.93)
Build info: version: '3.141.59', revision: 'e82be7d358', time: '2018-11-14T08:25:53'
System info: host: 'DESKTOP-21F1E8S', ip: '192.168.100.73', os.name: 'Windows 10', os.arch: 'amd64', os.version: '10.0', java.version: '1.8.0_181'
Driver info: com.kms.katalon.selenium.driver.CChromeDriver
Capabilities {acceptInsecureCerts: false, browserName: chrome, browserVersion: 90.0.4430.93, chrome: {chromedriverVersion: 90.0.4430.24 (4c6d850f087da..., userDataDir: C:\Users\moham\AppData\Loca...}, goog:chromeOptions: {debuggerAddress: localhost:32055}, javascriptEnabled: true, networkConnectionEnabled: false, pageLoadStrategy: normal, platform: WINDOWS, platformName: WINDOWS, proxy: Proxy(), setWindowRect: true, strictFileInteractability: false, timeouts: {implicit: 0, pageLoad: 300000, script: 30000}, unhandledPromptBehavior: dismiss and notify, webauthn:extension:largeBlob: true, webauthn:virtualAuthenticators: true}
Session ID: 53f73a1a3ad502f38b0332b4e33be5af
	at org.openqa.selenium.remote.http.W3CHttpResponseCodec.createException(W3CHttpResponseCodec.java:187)
	at org.openqa.selenium.remote.http.W3CHttpResponseCodec.decode(W3CHttpResponseCodec.java:122)
	at org.openqa.selenium.remote.http.W3CHttpResponseCodec.decode(W3CHttpResponseCodec.java:49)
	at org.openqa.selenium.remote.HttpCommandExecutor.execute(HttpCommandExecutor.java:158)
	at org.openqa.selenium.remote.service.DriverCommandExecutor.execute(DriverCommandExecutor.java:83)
	at org.openqa.selenium.remote.RemoteWebDriver.execute(RemoteWebDriver.java:552)
	at com.kms.katalon.selenium.driver.CChromeDriver.execute(CChromeDriver.java:19)
	at org.openqa.selenium.remote.RemoteWebElement.execute(RemoteWebElement.java:285)
	at org.openqa.selenium.remote.RemoteWebElement.clear(RemoteWebElement.java:124)
	at org.openqa.selenium.support.events.EventFiringWebDriver$EventFiringWebElement.lambda$new$0(EventFiringWebDriver.java:404)
	at com.sun.proxy.$Proxy11.clear(Unknown Source)
	at org.openqa.selenium.support.events.EventFiringWebDriver$EventFiringWebElement.clear(EventFiringWebDriver.java:436)
	at com.kms.katalon.core.webui.keyword.builtin.SetTextKeyword$_setText_closure1.doCall(SetTextKeyword.groovy:53)
	at com.kms.katalon.core.webui.keyword.builtin.SetTextKeyword$_setText_closure1.call(SetTextKeyword.groovy)
	at com.kms.katalon.core.webui.keyword.internal.WebUIKeywordMain.runKeyword(WebUIKeywordMain.groovy:20)
	... 19 more


2021-05-11 19:18:32 - [TEST_STEP][PASSED] - openBrowser(""): Browser is opened with url: ''

2021-05-11 19:18:32 - [MESSAGE][WARNING] - A browser is already opened. Closing browser and opening a new one

2021-05-11 19:18:33 - [MESSAGE][INFO] - Starting 'Chrome' driver

2021-05-11 19:18:33 - [MESSAGE][INFO] - Action delay is set to 0 milliseconds

2021-05-11 19:18:35 - [MESSAGE][PASSED] - Browser is opened with url: ''

2021-05-11 19:18:35 - [TEST_STEP][PASSED] - navigateToUrl("https://sucourse.sabanciuniv.edu/plus/"): Navigate to 'https://sucourse.sabanciuniv.edu/plus/' successfully

2021-05-11 19:18:39 - [MESSAGE][PASSED] - Navigate to 'https://sucourse.sabanciuniv.edu/plus/' successfully

2021-05-11 19:18:39 - [TEST_STEP][PASSED] - delay(1): Delayed 1 second(s)

2021-05-11 19:18:40 - [MESSAGE][PASSED] - Delayed 1 second(s)

2021-05-11 19:18:40 - [TEST_STEP][PASSED] - click(findTestObject("Object Repository/AddingEventToCalendar/Page_SUCourse/a_Login")): Object: 'Object Repository/AddingEventToCalendar/Page_SUCourse/a_Login' is clicked on

2021-05-11 19:18:41 - [MESSAGE][PASSED] - Object: 'Object Repository/AddingEventToCalendar/Page_SUCourse/a_Login' is clicked on

2021-05-11 19:18:41 - [TEST_STEP][PASSED] - delay(1): Delayed 1 second(s)

2021-05-11 19:18:42 - [MESSAGE][PASSED] - Delayed 1 second(s)

2021-05-11 19:18:42 - [TEST_STEP][PASSED] - click(findTestObject("Object Repository/AddingEventToCalendar/Page_SUCourse Authentication choice/a_SUNet users (Sabanc University members)")): Object: 'Object Repository/AddingEventToCalendar/Page_SUCourse Authentication choice/a_SUNet users (Sabanc University members)' is clicked on

2021-05-11 19:18:45 - [MESSAGE][PASSED] - Object: 'Object Repository/AddingEventToCalendar/Page_SUCourse Authentication choice/a_SUNet users (Sabanc University members)' is clicked on

2021-05-11 19:18:45 - [TEST_STEP][PASSED] - delay(1): Delayed 1 second(s)

2021-05-11 19:18:46 - [MESSAGE][PASSED] - Delayed 1 second(s)

2021-05-11 19:18:46 - [TEST_STEP][PASSED] - setText(findTestObject("Object Repository/AddingEventToCalendar/Page_Login - CAS  Central Authentication Service/input_U_username"), "mohamedkassem"): Text 'mohamedkassem' is set on object 'Object Repository/AddingEventToCalendar/Page_Login - CAS  Central Authentication Service/input_U_username'

2021-05-11 19:18:47 - [MESSAGE][PASSED] - Text 'mohamedkassem' is set on object 'Object Repository/AddingEventToCalendar/Page_Login - CAS  Central Authentication Service/input_U_username'

2021-05-11 19:18:47 - [TEST_STEP][PASSED] - delay(1): Delayed 1 second(s)

2021-05-11 19:18:48 - [MESSAGE][PASSED] - Delayed 1 second(s)

2021-05-11 19:18:48 - [TEST_STEP][PASSED] - setEncryptedText(findTestObject("Object Repository/AddingEventToCalendar/Page_Login - CAS  Central Authentication Service/input_P_password"), "lsh4UT/KYs157Zjg3xgr3w=="): Text ****** has been set on object 'Object Repository/AddingEventToCalendar/Page_Login - CAS  Central Authentication Service/input_P_password'

2021-05-11 19:18:49 - [MESSAGE][PASSED] - Text ****** has been set on object 'Object Repository/AddingEventToCalendar/Page_Login - CAS  Central Authentication Service/input_P_password'

2021-05-11 19:18:49 - [TEST_STEP][PASSED] - delay(1): Delayed 1 second(s)

2021-05-11 19:18:50 - [MESSAGE][PASSED] - Delayed 1 second(s)

2021-05-11 19:18:50 - [TEST_STEP][PASSED] - click(findTestObject("Object Repository/AddingEventToCalendar/Page_Login - CAS  Central Authentication Service/input_Remember Me_submit")): Object: 'Object Repository/AddingEventToCalendar/Page_Login - CAS  Central Authentication Service/input_Remember Me_submit' is clicked on

2021-05-11 19:18:52 - [MESSAGE][PASSED] - Object: 'Object Repository/AddingEventToCalendar/Page_Login - CAS  Central Authentication Service/input_Remember Me_submit' is clicked on

2021-05-11 19:18:52 - [TEST_STEP][PASSED] - delay(1): Delayed 1 second(s)

2021-05-11 19:18:53 - [MESSAGE][PASSED] - Delayed 1 second(s)

2021-05-11 19:18:53 - [TEST_STEP][PASSED] - click(findTestObject("Object Repository/AddingEventToCalendar/Page_Dashboard/img_Log out_welcome_userpicture")): Object: 'Object Repository/AddingEventToCalendar/Page_Dashboard/img_Log out_welcome_userpicture' is clicked on

2021-05-11 19:18:55 - [MESSAGE][PASSED] - Object: 'Object Repository/AddingEventToCalendar/Page_Dashboard/img_Log out_welcome_userpicture' is clicked on

2021-05-11 19:18:55 - [TEST_STEP][PASSED] - delay(1): Delayed 1 second(s)

2021-05-11 19:18:56 - [MESSAGE][PASSED] - Delayed 1 second(s)

2021-05-11 19:18:56 - [TEST_STEP][PASSED] - click(findTestObject("Object Repository/AddingEventToCalendar/Page_Mohamed Emad Mohamed Kassem Public profile/a_May 2021")): Object: 'Object Repository/AddingEventToCalendar/Page_Mohamed Emad Mohamed Kassem Public profile/a_May 2021' is clicked on

2021-05-11 19:18:57 - [MESSAGE][PASSED] - Object: 'Object Repository/AddingEventToCalendar/Page_Mohamed Emad Mohamed Kassem Public profile/a_May 2021' is clicked on

2021-05-11 19:18:57 - [TEST_STEP][PASSED] - delay(1): Delayed 1 second(s)

2021-05-11 19:18:58 - [MESSAGE][PASSED] - Delayed 1 second(s)

2021-05-11 19:18:58 - [TEST_STEP][PASSED] - click(findTestObject("Object Repository/AddingEventToCalendar/Page_SUCourse Calendar Detailed month view _34c8e7/button_New event")): Object: 'Object Repository/AddingEventToCalendar/Page_SUCourse Calendar Detailed month view _34c8e7/button_New event' is clicked on

2021-05-11 19:18:59 - [MESSAGE][PASSED] - Object: 'Object Repository/AddingEventToCalendar/Page_SUCourse Calendar Detailed month view _34c8e7/button_New event' is clicked on

2021-05-11 19:18:59 - [TEST_STEP][PASSED] - delay(1): Delayed 1 second(s)

2021-05-11 19:19:00 - [MESSAGE][PASSED] - Delayed 1 second(s)

2021-05-11 19:19:00 - [TEST_STEP][FAILED] - setText(findTestObject("Object Repository/AddingEventToCalendar/Page_SUCourse Calendar Detailed month view _34c8e7/div_1 1"), "1 <p>1</p>"): Unable to set text '1 <p>1</p>' of object 'Object Repository/AddingEventToCalendar/Page_SUCourse Calendar Detailed month view _34c8e7/div_1 1' (Root cause: com.kms.katalon.core.exception.StepFailedException: Unable to set text '1 <p>1</p>' of object 'Object Repository/AddingEventToCalendar/Page_SUCourse Calendar Detailed month view _34c8e7/div_1 1'
	at com.kms.katalon.core.webui.keyword.internal.WebUIKeywordMain.stepFailed(WebUIKeywordMain.groovy:64)
	at com.kms.katalon.core.webui.keyword.internal.WebUIKeywordMain.runKeyword(WebUIKeywordMain.groovy:26)
	at com.kms.katalon.core.webui.keyword.builtin.SetTextKeyword.setText(SetTextKeyword.groovy:66)
	at com.kms.katalon.core.webui.keyword.builtin.SetTextKeyword.execute(SetTextKeyword.groovy:37)
	at com.kms.katalon.core.keyword.internal.KeywordExecutor.executeKeywordForPlatform(KeywordExecutor.groovy:73)
	at com.kms.katalon.core.webui.keyword.WebUiBuiltInKeywords.setText(WebUiBuiltInKeywords.groovy:979)
	at com.kms.katalon.core.webui.keyword.WebUiBuiltInKeywords$setText$2.call(Unknown Source)
	at AddingEventToCalendar.run(AddingEventToCalendar:60)
	at com.kms.katalon.core.main.ScriptEngine.run(ScriptEngine.java:194)
	at com.kms.katalon.core.main.ScriptEngine.runScriptAsRawText(ScriptEngine.java:119)
	at com.kms.katalon.core.main.TestCaseExecutor.runScript(TestCaseExecutor.java:398)
	at com.kms.katalon.core.main.TestCaseExecutor.doExecute(TestCaseExecutor.java:389)
	at com.kms.katalon.core.main.TestCaseExecutor.processExecutionPhase(TestCaseExecutor.java:368)
	at com.kms.katalon.core.main.TestCaseExecutor.accessMainPhase(TestCaseExecutor.java:360)
	at com.kms.katalon.core.main.TestCaseExecutor.execute(TestCaseExecutor.java:255)
	at com.kms.katalon.core.main.TestSuiteExecutor.accessTestCaseMainPhase(TestSuiteExecutor.java:203)
	at com.kms.katalon.core.main.TestSuiteExecutor.accessTestSuiteMainPhase(TestSuiteExecutor.java:152)
	at com.kms.katalon.core.main.TestSuiteExecutor.execute(TestSuiteExecutor.java:95)
	at com.kms.katalon.core.main.TestCaseMain.startTestSuite(TestCaseMain.java:157)
	at com.kms.katalon.core.main.TestCaseMain$startTestSuite$0.call(Unknown Source)
	at TempTestSuite1620749803594.run(TempTestSuite1620749803594.groovy:39)
Caused by: org.openqa.selenium.InvalidElementStateException: invalid element state
  (Session info: chrome=90.0.4430.93)
Build info: version: '3.141.59', revision: 'e82be7d358', time: '2018-11-14T08:25:53'
System info: host: 'DESKTOP-21F1E8S', ip: '192.168.100.73', os.name: 'Windows 10', os.arch: 'amd64', os.version: '10.0', java.version: '1.8.0_181'
Driver info: com.kms.katalon.selenium.driver.CChromeDriver
Capabilities {acceptInsecureCerts: false, browserName: chrome, browserVersion: 90.0.4430.93, chrome: {chromedriverVersion: 90.0.4430.24 (4c6d850f087da..., userDataDir: C:\Users\moham\AppData\Loca...}, goog:chromeOptions: {debuggerAddress: localhost:32055}, javascriptEnabled: true, networkConnectionEnabled: false, pageLoadStrategy: normal, platform: WINDOWS, platformName: WINDOWS, proxy: Proxy(), setWindowRect: true, strictFileInteractability: false, timeouts: {implicit: 0, pageLoad: 300000, script: 30000}, unhandledPromptBehavior: dismiss and notify, webauthn:extension:largeBlob: true, webauthn:virtualAuthenticators: true}
Session ID: 53f73a1a3ad502f38b0332b4e33be5af
	at org.openqa.selenium.remote.http.W3CHttpResponseCodec.createException(W3CHttpResponseCodec.java:187)
	at org.openqa.selenium.remote.http.W3CHttpResponseCodec.decode(W3CHttpResponseCodec.java:122)
	at org.openqa.selenium.remote.http.W3CHttpResponseCodec.decode(W3CHttpResponseCodec.java:49)
	at org.openqa.selenium.remote.HttpCommandExecutor.execute(HttpCommandExecutor.java:158)
	at org.openqa.selenium.remote.service.DriverCommandExecutor.execute(DriverCommandExecutor.java:83)
	at org.openqa.selenium.remote.RemoteWebDriver.execute(RemoteWebDriver.java:552)
	at com.kms.katalon.selenium.driver.CChromeDriver.execute(CChromeDriver.java:19)
	at org.openqa.selenium.remote.RemoteWebElement.execute(RemoteWebElement.java:285)
	at org.openqa.selenium.remote.RemoteWebElement.clear(RemoteWebElement.java:124)
	at org.openqa.selenium.support.events.EventFiringWebDriver$EventFiringWebElement.lambda$new$0(EventFiringWebDriver.java:404)
	at com.sun.proxy.$Proxy11.clear(Unknown Source)
	at org.openqa.selenium.support.events.EventFiringWebDriver$EventFiringWebElement.clear(EventFiringWebDriver.java:436)
	at com.kms.katalon.core.webui.keyword.builtin.SetTextKeyword$_setText_closure1.doCall(SetTextKeyword.groovy:53)
	at com.kms.katalon.core.webui.keyword.builtin.SetTextKeyword$_setText_closure1.call(SetTextKeyword.groovy)
	at com.kms.katalon.core.webui.keyword.internal.WebUIKeywordMain.runKeyword(WebUIKeywordMain.groovy:20)
	at com.kms.katalon.core.webui.keyword.builtin.SetTextKeyword.setText(SetTextKeyword.groovy:66)
	at com.kms.katalon.core.webui.keyword.builtin.SetTextKeyword.execute(SetTextKeyword.groovy:37)
	at com.kms.katalon.core.keyword.internal.KeywordExecutor.executeKeywordForPlatform(KeywordExecutor.groovy:73)
	at com.kms.katalon.core.webui.keyword.WebUiBuiltInKeywords.setText(WebUiBuiltInKeywords.groovy:979)
	at com.kms.katalon.core.webui.keyword.WebUiBuiltInKeywords$setText$2.call(Unknown Source)
	at Script1620732395419.run(Script1620732395419.groovy:60)
	... 13 more
)

2021-05-11 19:19:02 - [MESSAGE][FAILED] - Unable to set text '1 <p>1</p>' of object 'Object Repository/AddingEventToCalendar/Page_SUCourse Calendar Detailed month view _34c8e7/div_1 1' (Root cause: com.kms.katalon.core.exception.StepFailedException: Unable to set text '1 <p>1</p>' of object 'Object Repository/AddingEventToCalendar/Page_SUCourse Calendar Detailed month view _34c8e7/div_1 1'
	at com.kms.katalon.core.webui.keyword.internal.WebUIKeywordMain.stepFailed(WebUIKeywordMain.groovy:64)
	at com.kms.katalon.core.webui.keyword.internal.WebUIKeywordMain.runKeyword(WebUIKeywordMain.groovy:26)
	at com.kms.katalon.core.webui.keyword.builtin.SetTextKeyword.setText(SetTextKeyword.groovy:66)
	at com.kms.katalon.core.webui.keyword.builtin.SetTextKeyword.execute(SetTextKeyword.groovy:37)
	at com.kms.katalon.core.keyword.internal.KeywordExecutor.executeKeywordForPlatform(KeywordExecutor.groovy:73)
	at com.kms.katalon.core.webui.keyword.WebUiBuiltInKeywords.setText(WebUiBuiltInKeywords.groovy:979)
	at com.kms.katalon.core.webui.keyword.WebUiBuiltInKeywords$setText$2.call(Unknown Source)
	at AddingEventToCalendar.run(AddingEventToCalendar:60)
	at com.kms.katalon.core.main.ScriptEngine.run(ScriptEngine.java:194)
	at com.kms.katalon.core.main.ScriptEngine.runScriptAsRawText(ScriptEngine.java:119)
	at com.kms.katalon.core.main.TestCaseExecutor.runScript(TestCaseExecutor.java:398)
	at com.kms.katalon.core.main.TestCaseExecutor.doExecute(TestCaseExecutor.java:389)
	at com.kms.katalon.core.main.TestCaseExecutor.processExecutionPhase(TestCaseExecutor.java:368)
	at com.kms.katalon.core.main.TestCaseExecutor.accessMainPhase(TestCaseExecutor.java:360)
	at com.kms.katalon.core.main.TestCaseExecutor.execute(TestCaseExecutor.java:255)
	at com.kms.katalon.core.main.TestSuiteExecutor.accessTestCaseMainPhase(TestSuiteExecutor.java:203)
	at com.kms.katalon.core.main.TestSuiteExecutor.accessTestSuiteMainPhase(TestSuiteExecutor.java:152)
	at com.kms.katalon.core.main.TestSuiteExecutor.execute(TestSuiteExecutor.java:95)
	at com.kms.katalon.core.main.TestCaseMain.startTestSuite(TestCaseMain.java:157)
	at com.kms.katalon.core.main.TestCaseMain$startTestSuite$0.call(Unknown Source)
	at TempTestSuite1620749803594.run(TempTestSuite1620749803594.groovy:39)
Caused by: org.openqa.selenium.InvalidElementStateException: invalid element state
  (Session info: chrome=90.0.4430.93)
Build info: version: '3.141.59', revision: 'e82be7d358', time: '2018-11-14T08:25:53'
System info: host: 'DESKTOP-21F1E8S', ip: '192.168.100.73', os.name: 'Windows 10', os.arch: 'amd64', os.version: '10.0', java.version: '1.8.0_181'
Driver info: com.kms.katalon.selenium.driver.CChromeDriver
Capabilities {acceptInsecureCerts: false, browserName: chrome, browserVersion: 90.0.4430.93, chrome: {chromedriverVersion: 90.0.4430.24 (4c6d850f087da..., userDataDir: C:\Users\moham\AppData\Loca...}, goog:chromeOptions: {debuggerAddress: localhost:32055}, javascriptEnabled: true, networkConnectionEnabled: false, pageLoadStrategy: normal, platform: WINDOWS, platformName: WINDOWS, proxy: Proxy(), setWindowRect: true, strictFileInteractability: false, timeouts: {implicit: 0, pageLoad: 300000, script: 30000}, unhandledPromptBehavior: dismiss and notify, webauthn:extension:largeBlob: true, webauthn:virtualAuthenticators: true}
Session ID: 53f73a1a3ad502f38b0332b4e33be5af
	at org.openqa.selenium.remote.http.W3CHttpResponseCodec.createException(W3CHttpResponseCodec.java:187)
	at org.openqa.selenium.remote.http.W3CHttpResponseCodec.decode(W3CHttpResponseCodec.java:122)
	at org.openqa.selenium.remote.http.W3CHttpResponseCodec.decode(W3CHttpResponseCodec.java:49)
	at org.openqa.selenium.remote.HttpCommandExecutor.execute(HttpCommandExecutor.java:158)
	at org.openqa.selenium.remote.service.DriverCommandExecutor.execute(DriverCommandExecutor.java:83)
	at org.openqa.selenium.remote.RemoteWebDriver.execute(RemoteWebDriver.java:552)
	at com.kms.katalon.selenium.driver.CChromeDriver.execute(CChromeDriver.java:19)
	at org.openqa.selenium.remote.RemoteWebElement.execute(RemoteWebElement.java:285)
	at org.openqa.selenium.remote.RemoteWebElement.clear(RemoteWebElement.java:124)
	at org.openqa.selenium.support.events.EventFiringWebDriver$EventFiringWebElement.lambda$new$0(EventFiringWebDriver.java:404)
	at com.sun.proxy.$Proxy11.clear(Unknown Source)
	at org.openqa.selenium.support.events.EventFiringWebDriver$EventFiringWebElement.clear(EventFiringWebDriver.java:436)
	at com.kms.katalon.core.webui.keyword.builtin.SetTextKeyword$_setText_closure1.doCall(SetTextKeyword.groovy:53)
	at com.kms.katalon.core.webui.keyword.builtin.SetTextKeyword$_setText_closure1.call(SetTextKeyword.groovy)
	at com.kms.katalon.core.webui.keyword.internal.WebUIKeywordMain.runKeyword(WebUIKeywordMain.groovy:20)
	at com.kms.katalon.core.webui.keyword.builtin.SetTextKeyword.setText(SetTextKeyword.groovy:66)
	at com.kms.katalon.core.webui.keyword.builtin.SetTextKeyword.execute(SetTextKeyword.groovy:37)
	at com.kms.katalon.core.keyword.internal.KeywordExecutor.executeKeywordForPlatform(KeywordExecutor.groovy:73)
	at com.kms.katalon.core.webui.keyword.WebUiBuiltInKeywords.setText(WebUiBuiltInKeywords.groovy:979)
	at com.kms.katalon.core.webui.keyword.WebUiBuiltInKeywords$setText$2.call(Unknown Source)
	at Script1620732395419.run(Script1620732395419.groovy:60)
	... 13 more
)
[[ATTACHMENT|C:\\Users\\moham\\git\\SuCourse_Katalon\\Reports\\20210511_191643\\Interaction\\20210511_191643\\1620749942161.png]]]]></system-out>
         <system-err><![CDATA[2021-05-11 19:18:31 - [TEST_CASE][FAILED] - Test Cases/AddingEventToCalendar: Test Cases/AddingEventToCalendar FAILED.
Reason:
com.kms.katalon.core.exception.StepFailedException: Unable to set text '1 <p>1</p>' of object 'Object Repository/AddingEventToCalendar/Page_SUCourse Calendar Detailed month view _34c8e7/div_1 1'
	at com.kms.katalon.core.webui.keyword.internal.WebUIKeywordMain.stepFailed(WebUIKeywordMain.groovy:64)
	at com.kms.katalon.core.webui.keyword.internal.WebUIKeywordMain.runKeyword(WebUIKeywordMain.groovy:26)
	at com.kms.katalon.core.webui.keyword.builtin.SetTextKeyword.setText(SetTextKeyword.groovy:66)
	at com.kms.katalon.core.webui.keyword.builtin.SetTextKeyword.execute(SetTextKeyword.groovy:37)
	at com.kms.katalon.core.keyword.internal.KeywordExecutor.executeKeywordForPlatform(KeywordExecutor.groovy:73)
	at com.kms.katalon.core.webui.keyword.WebUiBuiltInKeywords.setText(WebUiBuiltInKeywords.groovy:979)
	at com.kms.katalon.core.webui.keyword.WebUiBuiltInKeywords$setText$2.call(Unknown Source)
	at AddingEventToCalendar.run(AddingEventToCalendar:60)
	at com.kms.katalon.core.main.ScriptEngine.run(ScriptEngine.java:194)
	at com.kms.katalon.core.main.ScriptEngine.runScriptAsRawText(ScriptEngine.java:119)
	at com.kms.katalon.core.main.TestCaseExecutor.runScript(TestCaseExecutor.java:398)
	at com.kms.katalon.core.main.TestCaseExecutor.doExecute(TestCaseExecutor.java:389)
	at com.kms.katalon.core.main.TestCaseExecutor.processExecutionPhase(TestCaseExecutor.java:368)
	at com.kms.katalon.core.main.TestCaseExecutor.accessMainPhase(TestCaseExecutor.java:360)
	at com.kms.katalon.core.main.TestCaseExecutor.execute(TestCaseExecutor.java:255)
	at com.kms.katalon.core.main.TestSuiteExecutor.accessTestCaseMainPhase(TestSuiteExecutor.java:203)
	at com.kms.katalon.core.main.TestSuiteExecutor.accessTestSuiteMainPhase(TestSuiteExecutor.java:152)
	at com.kms.katalon.core.main.TestSuiteExecutor.execute(TestSuiteExecutor.java:95)
	at com.kms.katalon.core.main.TestCaseMain.startTestSuite(TestCaseMain.java:157)
	at com.kms.katalon.core.main.TestCaseMain$startTestSuite$0.call(Unknown Source)
	at TempTestSuite1620749803594.run(TempTestSuite1620749803594.groovy:39)
Caused by: org.openqa.selenium.InvalidElementStateException: invalid element state
  (Session info: chrome=90.0.4430.93)
Build info: version: '3.141.59', revision: 'e82be7d358', time: '2018-11-14T08:25:53'
System info: host: 'DESKTOP-21F1E8S', ip: '192.168.100.73', os.name: 'Windows 10', os.arch: 'amd64', os.version: '10.0', java.version: '1.8.0_181'
Driver info: com.kms.katalon.selenium.driver.CChromeDriver
Capabilities {acceptInsecureCerts: false, browserName: chrome, browserVersion: 90.0.4430.93, chrome: {chromedriverVersion: 90.0.4430.24 (4c6d850f087da..., userDataDir: C:\Users\moham\AppData\Loca...}, goog:chromeOptions: {debuggerAddress: localhost:32055}, javascriptEnabled: true, networkConnectionEnabled: false, pageLoadStrategy: normal, platform: WINDOWS, platformName: WINDOWS, proxy: Proxy(), setWindowRect: true, strictFileInteractability: false, timeouts: {implicit: 0, pageLoad: 300000, script: 30000}, unhandledPromptBehavior: dismiss and notify, webauthn:extension:largeBlob: true, webauthn:virtualAuthenticators: true}
Session ID: 53f73a1a3ad502f38b0332b4e33be5af
	at org.openqa.selenium.remote.http.W3CHttpResponseCodec.createException(W3CHttpResponseCodec.java:187)
	at org.openqa.selenium.remote.http.W3CHttpResponseCodec.decode(W3CHttpResponseCodec.java:122)
	at org.openqa.selenium.remote.http.W3CHttpResponseCodec.decode(W3CHttpResponseCodec.java:49)
	at org.openqa.selenium.remote.HttpCommandExecutor.execute(HttpCommandExecutor.java:158)
	at org.openqa.selenium.remote.service.DriverCommandExecutor.execute(DriverCommandExecutor.java:83)
	at org.openqa.selenium.remote.RemoteWebDriver.execute(RemoteWebDriver.java:552)
	at com.kms.katalon.selenium.driver.CChromeDriver.execute(CChromeDriver.java:19)
	at org.openqa.selenium.remote.RemoteWebElement.execute(RemoteWebElement.java:285)
	at org.openqa.selenium.remote.RemoteWebElement.clear(RemoteWebElement.java:124)
	at org.openqa.selenium.support.events.EventFiringWebDriver$EventFiringWebElement.lambda$new$0(EventFiringWebDriver.java:404)
	at com.sun.proxy.$Proxy11.clear(Unknown Source)
	at org.openqa.selenium.support.events.EventFiringWebDriver$EventFiringWebElement.clear(EventFiringWebDriver.java:436)
	at com.kms.katalon.core.webui.keyword.builtin.SetTextKeyword$_setText_closure1.doCall(SetTextKeyword.groovy:53)
	at com.kms.katalon.core.webui.keyword.builtin.SetTextKeyword$_setText_closure1.call(SetTextKeyword.groovy)
	at com.kms.katalon.core.webui.keyword.internal.WebUIKeywordMain.runKeyword(WebUIKeywordMain.groovy:20)
	... 19 more]]></system-err>
      </testcase>
      <testcase name="Test Cases/AddingAdditionalNameToProfile" time="38.275" classname="Test Cases/AddingAdditionalNameToProfile" status="PASSED">
         <system-out><![CDATA[2021-05-11 19:19:02 - [TEST_CASE][PASSED] - Test Cases/AddingAdditionalNameToProfile: Test Cases/AddingAdditionalNameToProfile

2021-05-11 19:19:03 - [TEST_STEP][PASSED] - openBrowser(""): Browser is opened with url: ''

2021-05-11 19:19:03 - [MESSAGE][WARNING] - A browser is already opened. Closing browser and opening a new one

2021-05-11 19:19:04 - [MESSAGE][INFO] - Starting 'Chrome' driver

2021-05-11 19:19:04 - [MESSAGE][INFO] - Action delay is set to 0 milliseconds

2021-05-11 19:19:06 - [MESSAGE][PASSED] - Browser is opened with url: ''

2021-05-11 19:19:06 - [TEST_STEP][PASSED] - navigateToUrl("https://sucourse.sabanciuniv.edu/plus/"): Navigate to 'https://sucourse.sabanciuniv.edu/plus/' successfully

2021-05-11 19:19:10 - [MESSAGE][PASSED] - Navigate to 'https://sucourse.sabanciuniv.edu/plus/' successfully

2021-05-11 19:19:10 - [TEST_STEP][PASSED] - delay(1): Delayed 1 second(s)

2021-05-11 19:19:11 - [MESSAGE][PASSED] - Delayed 1 second(s)

2021-05-11 19:19:11 - [TEST_STEP][PASSED] - click(findTestObject("Object Repository/AddingAdditionalNameToProfile/Page_SUCourse/a_Login")): Object: 'Object Repository/AddingAdditionalNameToProfile/Page_SUCourse/a_Login' is clicked on

2021-05-11 19:19:12 - [MESSAGE][PASSED] - Object: 'Object Repository/AddingAdditionalNameToProfile/Page_SUCourse/a_Login' is clicked on

2021-05-11 19:19:12 - [TEST_STEP][PASSED] - delay(1): Delayed 1 second(s)

2021-05-11 19:19:13 - [MESSAGE][PASSED] - Delayed 1 second(s)

2021-05-11 19:19:13 - [TEST_STEP][PASSED] - click(findTestObject("Object Repository/AddingAdditionalNameToProfile/Page_SUCourse Authentication choice/a_SUNet users (Sabanc University members)")): Object: 'Object Repository/AddingAdditionalNameToProfile/Page_SUCourse Authentication choice/a_SUNet users (Sabanc University members)' is clicked on

2021-05-11 19:19:16 - [MESSAGE][PASSED] - Object: 'Object Repository/AddingAdditionalNameToProfile/Page_SUCourse Authentication choice/a_SUNet users (Sabanc University members)' is clicked on

2021-05-11 19:19:16 - [TEST_STEP][PASSED] - delay(1): Delayed 1 second(s)

2021-05-11 19:19:17 - [MESSAGE][PASSED] - Delayed 1 second(s)

2021-05-11 19:19:17 - [TEST_STEP][PASSED] - setText(findTestObject("Object Repository/AddingAdditionalNameToProfile/Page_Login - CAS  Central Authentication Service/input_U_username"), "mohamedkassem"): Text 'mohamedkassem' is set on object 'Object Repository/AddingAdditionalNameToProfile/Page_Login - CAS  Central Authentication Service/input_U_username'

2021-05-11 19:19:17 - [MESSAGE][PASSED] - Text 'mohamedkassem' is set on object 'Object Repository/AddingAdditionalNameToProfile/Page_Login - CAS  Central Authentication Service/input_U_username'

2021-05-11 19:19:17 - [TEST_STEP][PASSED] - delay(1): Delayed 1 second(s)

2021-05-11 19:19:18 - [MESSAGE][PASSED] - Delayed 1 second(s)

2021-05-11 19:19:18 - [TEST_STEP][PASSED] - setEncryptedText(findTestObject("Object Repository/AddingAdditionalNameToProfile/Page_Login - CAS  Central Authentication Service/input_P_password"), "lsh4UT/KYs157Zjg3xgr3w=="): Text ****** has been set on object 'Object Repository/AddingAdditionalNameToProfile/Page_Login - CAS  Central Authentication Service/input_P_password'

2021-05-11 19:19:19 - [MESSAGE][PASSED] - Text ****** has been set on object 'Object Repository/AddingAdditionalNameToProfile/Page_Login - CAS  Central Authentication Service/input_P_password'

2021-05-11 19:19:19 - [TEST_STEP][PASSED] - delay(1): Delayed 1 second(s)

2021-05-11 19:19:20 - [MESSAGE][PASSED] - Delayed 1 second(s)

2021-05-11 19:19:20 - [TEST_STEP][PASSED] - click(findTestObject("Object Repository/AddingAdditionalNameToProfile/Page_Login - CAS  Central Authentication Service/input_Remember Me_submit")): Object: 'Object Repository/AddingAdditionalNameToProfile/Page_Login - CAS  Central Authentication Service/input_Remember Me_submit' is clicked on

2021-05-11 19:19:23 - [MESSAGE][PASSED] - Object: 'Object Repository/AddingAdditionalNameToProfile/Page_Login - CAS  Central Authentication Service/input_Remember Me_submit' is clicked on

2021-05-11 19:19:23 - [TEST_STEP][PASSED] - delay(1): Delayed 1 second(s)

2021-05-11 19:19:24 - [MESSAGE][PASSED] - Delayed 1 second(s)

2021-05-11 19:19:24 - [TEST_STEP][PASSED] - click(findTestObject("Object Repository/AddingAdditionalNameToProfile/Page_Dashboard/img_Log out_welcome_userpicture")): Object: 'Object Repository/AddingAdditionalNameToProfile/Page_Dashboard/img_Log out_welcome_userpicture' is clicked on

2021-05-11 19:19:25 - [MESSAGE][PASSED] - Object: 'Object Repository/AddingAdditionalNameToProfile/Page_Dashboard/img_Log out_welcome_userpicture' is clicked on

2021-05-11 19:19:25 - [TEST_STEP][PASSED] - delay(1): Delayed 1 second(s)

2021-05-11 19:19:26 - [MESSAGE][PASSED] - Delayed 1 second(s)

2021-05-11 19:19:26 - [TEST_STEP][PASSED] - click(findTestObject("Object Repository/AddingAdditionalNameToProfile/Page_Mohamed Emad Mohamed Kassem Public profile/a_Edit profile")): Object: 'Object Repository/AddingAdditionalNameToProfile/Page_Mohamed Emad Mohamed Kassem Public profile/a_Edit profile' is clicked on

2021-05-11 19:19:28 - [MESSAGE][PASSED] - Object: 'Object Repository/AddingAdditionalNameToProfile/Page_Mohamed Emad Mohamed Kassem Public profile/a_Edit profile' is clicked on

2021-05-11 19:19:28 - [TEST_STEP][PASSED] - delay(1): Delayed 1 second(s)

2021-05-11 19:19:29 - [MESSAGE][PASSED] - Delayed 1 second(s)

2021-05-11 19:19:29 - [TEST_STEP][PASSED] - click(findTestObject("Object Repository/AddingAdditionalNameToProfile/Page_SUCourse Edit profile/a_Additional names")): Object: 'Object Repository/AddingAdditionalNameToProfile/Page_SUCourse Edit profile/a_Additional names' is clicked on

2021-05-11 19:19:29 - [MESSAGE][PASSED] - Object: 'Object Repository/AddingAdditionalNameToProfile/Page_SUCourse Edit profile/a_Additional names' is clicked on

2021-05-11 19:19:29 - [TEST_STEP][PASSED] - delay(1): Delayed 1 second(s)

2021-05-11 19:19:30 - [MESSAGE][PASSED] - Delayed 1 second(s)

2021-05-11 19:19:30 - [TEST_STEP][PASSED] - setText(findTestObject("Object Repository/AddingAdditionalNameToProfile/Page_SUCourse Edit profile/input_First name - phonetic_firstnamephonetic"), "Mohamed"): Text 'Mohamed' is set on object 'Object Repository/AddingAdditionalNameToProfile/Page_SUCourse Edit profile/input_First name - phonetic_firstnamephonetic'

2021-05-11 19:19:31 - [MESSAGE][PASSED] - Text 'Mohamed' is set on object 'Object Repository/AddingAdditionalNameToProfile/Page_SUCourse Edit profile/input_First name - phonetic_firstnamephonetic'

2021-05-11 19:19:31 - [TEST_STEP][PASSED] - delay(1): Delayed 1 second(s)

2021-05-11 19:19:32 - [MESSAGE][PASSED] - Delayed 1 second(s)

2021-05-11 19:19:32 - [TEST_STEP][PASSED] - setText(findTestObject("Object Repository/AddingAdditionalNameToProfile/Page_SUCourse Edit profile/input_Surname - phonetic_lastnamephonetic"), "Kassem"): Text 'Kassem' is set on object 'Object Repository/AddingAdditionalNameToProfile/Page_SUCourse Edit profile/input_Surname - phonetic_lastnamephonetic'

2021-05-11 19:19:34 - [MESSAGE][PASSED] - Text 'Kassem' is set on object 'Object Repository/AddingAdditionalNameToProfile/Page_SUCourse Edit profile/input_Surname - phonetic_lastnamephonetic'

2021-05-11 19:19:34 - [TEST_STEP][PASSED] - delay(1): Delayed 1 second(s)

2021-05-11 19:19:35 - [MESSAGE][PASSED] - Delayed 1 second(s)

2021-05-11 19:19:35 - [TEST_STEP][PASSED] - setText(findTestObject("Object Repository/AddingAdditionalNameToProfile/Page_SUCourse Edit profile/input_Middle name_middlename"), "Emad Mohamed"): Text 'Emad Mohamed' is set on object 'Object Repository/AddingAdditionalNameToProfile/Page_SUCourse Edit profile/input_Middle name_middlename'

2021-05-11 19:19:36 - [MESSAGE][PASSED] - Text 'Emad Mohamed' is set on object 'Object Repository/AddingAdditionalNameToProfile/Page_SUCourse Edit profile/input_Middle name_middlename'

2021-05-11 19:19:36 - [TEST_STEP][PASSED] - delay(1): Delayed 1 second(s)

2021-05-11 19:19:37 - [MESSAGE][PASSED] - Delayed 1 second(s)

2021-05-11 19:19:37 - [TEST_STEP][PASSED] - click(findTestObject("Object Repository/AddingAdditionalNameToProfile/Page_SUCourse Edit profile/input_Address_submitbutton")): Object: 'Object Repository/AddingAdditionalNameToProfile/Page_SUCourse Edit profile/input_Address_submitbutton' is clicked on

2021-05-11 19:19:38 - [MESSAGE][PASSED] - Object: 'Object Repository/AddingAdditionalNameToProfile/Page_SUCourse Edit profile/input_Address_submitbutton' is clicked on

2021-05-11 19:19:38 - [TEST_STEP][PASSED] - delay(1): Delayed 1 second(s)

2021-05-11 19:19:39 - [MESSAGE][PASSED] - Delayed 1 second(s)

2021-05-11 19:19:39 - [TEST_STEP][PASSED] - closeBrowser(): Browser is closed

2021-05-11 19:19:40 - [MESSAGE][PASSED] - Browser is closed]]></system-out>
         <system-err><![CDATA[]]></system-err>
      </testcase>
      <testcase name="Test Cases/AddNewDisscusionTopic(CS439discussionBoard)" time="23.638" classname="Test Cases/AddNewDisscusionTopic(CS439discussionBoard)" status="FAILED">
         <failure type="FAILED" message="Test Cases/AddNewDisscusionTopic(CS439discussionBoard) FAILED.
Reason:
com.kms.katalon.core.exception.StepFailedException: Unable to set text '1 &lt;p>1&lt;/p>' of object 'Object Repository/AddNewDisccusion/Page_CS439-202002 Discussion Board Add a ne_224de0/div_1 1'
	at com.kms.katalon.core.webui.keyword.internal.WebUIKeywordMain.stepFailed(WebUIKeywordMain.groovy:64)
	at com.kms.katalon.core.webui.keyword.internal.WebUIKeywordMain.runKeyword(WebUIKeywordMain.groovy:26)
	at com.kms.katalon.core.webui.keyword.builtin.SetTextKeyword.setText(SetTextKeyword.groovy:66)
	at com.kms.katalon.core.webui.keyword.builtin.SetTextKeyword.execute(SetTextKeyword.groovy:37)
	at com.kms.katalon.core.keyword.internal.KeywordExecutor.executeKeywordForPlatform(KeywordExecutor.groovy:73)
	at com.kms.katalon.core.webui.keyword.WebUiBuiltInKeywords.setText(WebUiBuiltInKeywords.groovy:979)
	at com.kms.katalon.core.webui.keyword.WebUiBuiltInKeywords$setText$2.call(Unknown Source)
	at AddNewDisscusionTopic(CS439discussionBoard).run(AddNewDisscusionTopic(CS439discussionBoard):44)
	at com.kms.katalon.core.main.ScriptEngine.run(ScriptEngine.java:194)
	at com.kms.katalon.core.main.ScriptEngine.runScriptAsRawText(ScriptEngine.java:119)
	at com.kms.katalon.core.main.TestCaseExecutor.runScript(TestCaseExecutor.java:398)
	at com.kms.katalon.core.main.TestCaseExecutor.doExecute(TestCaseExecutor.java:389)
	at com.kms.katalon.core.main.TestCaseExecutor.processExecutionPhase(TestCaseExecutor.java:368)
	at com.kms.katalon.core.main.TestCaseExecutor.accessMainPhase(TestCaseExecutor.java:360)
	at com.kms.katalon.core.main.TestCaseExecutor.execute(TestCaseExecutor.java:255)
	at com.kms.katalon.core.main.TestSuiteExecutor.accessTestCaseMainPhase(TestSuiteExecutor.java:203)
	at com.kms.katalon.core.main.TestSuiteExecutor.accessTestSuiteMainPhase(TestSuiteExecutor.java:152)
	at com.kms.katalon.core.main.TestSuiteExecutor.execute(TestSuiteExecutor.java:95)
	at com.kms.katalon.core.main.TestCaseMain.startTestSuite(TestCaseMain.java:157)
	at com.kms.katalon.core.main.TestCaseMain$startTestSuite$0.call(Unknown Source)
	at TempTestSuite1620749803594.run(TempTestSuite1620749803594.groovy:39)
Caused by: org.openqa.selenium.InvalidElementStateException: invalid element state
  (Session info: chrome=90.0.4430.93)
Build info: version: '3.141.59', revision: 'e82be7d358', time: '2018-11-14T08:25:53'
System info: host: 'DESKTOP-21F1E8S', ip: '192.168.100.73', os.name: 'Windows 10', os.arch: 'amd64', os.version: '10.0', java.version: '1.8.0_181'
Driver info: com.kms.katalon.selenium.driver.CChromeDriver
Capabilities {acceptInsecureCerts: false, browserName: chrome, browserVersion: 90.0.4430.93, chrome: {chromedriverVersion: 90.0.4430.24 (4c6d850f087da..., userDataDir: C:\Users\moham\AppData\Loca...}, goog:chromeOptions: {debuggerAddress: localhost:32195}, javascriptEnabled: true, networkConnectionEnabled: false, pageLoadStrategy: normal, platform: WINDOWS, platformName: WINDOWS, proxy: Proxy(), setWindowRect: true, strictFileInteractability: false, timeouts: {implicit: 0, pageLoad: 300000, script: 30000}, unhandledPromptBehavior: dismiss and notify, webauthn:extension:largeBlob: true, webauthn:virtualAuthenticators: true}
Session ID: 3b55add0dd3870e3024049c52bdc483f
	at org.openqa.selenium.remote.http.W3CHttpResponseCodec.createException(W3CHttpResponseCodec.java:187)
	at org.openqa.selenium.remote.http.W3CHttpResponseCodec.decode(W3CHttpResponseCodec.java:122)
	at org.openqa.selenium.remote.http.W3CHttpResponseCodec.decode(W3CHttpResponseCodec.java:49)
	at org.openqa.selenium.remote.HttpCommandExecutor.execute(HttpCommandExecutor.java:158)
	at org.openqa.selenium.remote.service.DriverCommandExecutor.execute(DriverCommandExecutor.java:83)
	at org.openqa.selenium.remote.RemoteWebDriver.execute(RemoteWebDriver.java:552)
	at com.kms.katalon.selenium.driver.CChromeDriver.execute(CChromeDriver.java:19)
	at org.openqa.selenium.remote.RemoteWebElement.execute(RemoteWebElement.java:285)
	at org.openqa.selenium.remote.RemoteWebElement.clear(RemoteWebElement.java:124)
	at org.openqa.selenium.support.events.EventFiringWebDriver$EventFiringWebElement.lambda$new$0(EventFiringWebDriver.java:404)
	at com.sun.proxy.$Proxy11.clear(Unknown Source)
	at org.openqa.selenium.support.events.EventFiringWebDriver$EventFiringWebElement.clear(EventFiringWebDriver.java:436)
	at com.kms.katalon.core.webui.keyword.builtin.SetTextKeyword$_setText_closure1.doCall(SetTextKeyword.groovy:53)
	at com.kms.katalon.core.webui.keyword.builtin.SetTextKeyword$_setText_closure1.call(SetTextKeyword.groovy)
	at com.kms.katalon.core.webui.keyword.internal.WebUIKeywordMain.runKeyword(WebUIKeywordMain.groovy:20)
	... 19 more
"/>
         <system-out><![CDATA[2021-05-11 19:19:40 - [TEST_CASE][FAILED] - Test Cases/AddNewDisscusionTopic(CS439discussionBoard): Test Cases/AddNewDisscusionTopic(CS439discussionBoard) FAILED.
Reason:
com.kms.katalon.core.exception.StepFailedException: Unable to set text '1 <p>1</p>' of object 'Object Repository/AddNewDisccusion/Page_CS439-202002 Discussion Board Add a ne_224de0/div_1 1'
	at com.kms.katalon.core.webui.keyword.internal.WebUIKeywordMain.stepFailed(WebUIKeywordMain.groovy:64)
	at com.kms.katalon.core.webui.keyword.internal.WebUIKeywordMain.runKeyword(WebUIKeywordMain.groovy:26)
	at com.kms.katalon.core.webui.keyword.builtin.SetTextKeyword.setText(SetTextKeyword.groovy:66)
	at com.kms.katalon.core.webui.keyword.builtin.SetTextKeyword.execute(SetTextKeyword.groovy:37)
	at com.kms.katalon.core.keyword.internal.KeywordExecutor.executeKeywordForPlatform(KeywordExecutor.groovy:73)
	at com.kms.katalon.core.webui.keyword.WebUiBuiltInKeywords.setText(WebUiBuiltInKeywords.groovy:979)
	at com.kms.katalon.core.webui.keyword.WebUiBuiltInKeywords$setText$2.call(Unknown Source)
	at AddNewDisscusionTopic(CS439discussionBoard).run(AddNewDisscusionTopic(CS439discussionBoard):44)
	at com.kms.katalon.core.main.ScriptEngine.run(ScriptEngine.java:194)
	at com.kms.katalon.core.main.ScriptEngine.runScriptAsRawText(ScriptEngine.java:119)
	at com.kms.katalon.core.main.TestCaseExecutor.runScript(TestCaseExecutor.java:398)
	at com.kms.katalon.core.main.TestCaseExecutor.doExecute(TestCaseExecutor.java:389)
	at com.kms.katalon.core.main.TestCaseExecutor.processExecutionPhase(TestCaseExecutor.java:368)
	at com.kms.katalon.core.main.TestCaseExecutor.accessMainPhase(TestCaseExecutor.java:360)
	at com.kms.katalon.core.main.TestCaseExecutor.execute(TestCaseExecutor.java:255)
	at com.kms.katalon.core.main.TestSuiteExecutor.accessTestCaseMainPhase(TestSuiteExecutor.java:203)
	at com.kms.katalon.core.main.TestSuiteExecutor.accessTestSuiteMainPhase(TestSuiteExecutor.java:152)
	at com.kms.katalon.core.main.TestSuiteExecutor.execute(TestSuiteExecutor.java:95)
	at com.kms.katalon.core.main.TestCaseMain.startTestSuite(TestCaseMain.java:157)
	at com.kms.katalon.core.main.TestCaseMain$startTestSuite$0.call(Unknown Source)
	at TempTestSuite1620749803594.run(TempTestSuite1620749803594.groovy:39)
Caused by: org.openqa.selenium.InvalidElementStateException: invalid element state
  (Session info: chrome=90.0.4430.93)
Build info: version: '3.141.59', revision: 'e82be7d358', time: '2018-11-14T08:25:53'
System info: host: 'DESKTOP-21F1E8S', ip: '192.168.100.73', os.name: 'Windows 10', os.arch: 'amd64', os.version: '10.0', java.version: '1.8.0_181'
Driver info: com.kms.katalon.selenium.driver.CChromeDriver
Capabilities {acceptInsecureCerts: false, browserName: chrome, browserVersion: 90.0.4430.93, chrome: {chromedriverVersion: 90.0.4430.24 (4c6d850f087da..., userDataDir: C:\Users\moham\AppData\Loca...}, goog:chromeOptions: {debuggerAddress: localhost:32195}, javascriptEnabled: true, networkConnectionEnabled: false, pageLoadStrategy: normal, platform: WINDOWS, platformName: WINDOWS, proxy: Proxy(), setWindowRect: true, strictFileInteractability: false, timeouts: {implicit: 0, pageLoad: 300000, script: 30000}, unhandledPromptBehavior: dismiss and notify, webauthn:extension:largeBlob: true, webauthn:virtualAuthenticators: true}
Session ID: 3b55add0dd3870e3024049c52bdc483f
	at org.openqa.selenium.remote.http.W3CHttpResponseCodec.createException(W3CHttpResponseCodec.java:187)
	at org.openqa.selenium.remote.http.W3CHttpResponseCodec.decode(W3CHttpResponseCodec.java:122)
	at org.openqa.selenium.remote.http.W3CHttpResponseCodec.decode(W3CHttpResponseCodec.java:49)
	at org.openqa.selenium.remote.HttpCommandExecutor.execute(HttpCommandExecutor.java:158)
	at org.openqa.selenium.remote.service.DriverCommandExecutor.execute(DriverCommandExecutor.java:83)
	at org.openqa.selenium.remote.RemoteWebDriver.execute(RemoteWebDriver.java:552)
	at com.kms.katalon.selenium.driver.CChromeDriver.execute(CChromeDriver.java:19)
	at org.openqa.selenium.remote.RemoteWebElement.execute(RemoteWebElement.java:285)
	at org.openqa.selenium.remote.RemoteWebElement.clear(RemoteWebElement.java:124)
	at org.openqa.selenium.support.events.EventFiringWebDriver$EventFiringWebElement.lambda$new$0(EventFiringWebDriver.java:404)
	at com.sun.proxy.$Proxy11.clear(Unknown Source)
	at org.openqa.selenium.support.events.EventFiringWebDriver$EventFiringWebElement.clear(EventFiringWebDriver.java:436)
	at com.kms.katalon.core.webui.keyword.builtin.SetTextKeyword$_setText_closure1.doCall(SetTextKeyword.groovy:53)
	at com.kms.katalon.core.webui.keyword.builtin.SetTextKeyword$_setText_closure1.call(SetTextKeyword.groovy)
	at com.kms.katalon.core.webui.keyword.internal.WebUIKeywordMain.runKeyword(WebUIKeywordMain.groovy:20)
	... 19 more


2021-05-11 19:19:41 - [TEST_STEP][PASSED] - openBrowser(""): Browser is opened with url: ''

2021-05-11 19:19:41 - [MESSAGE][INFO] - Starting 'Chrome' driver

2021-05-11 19:19:41 - [MESSAGE][INFO] - Action delay is set to 0 milliseconds

2021-05-11 19:19:43 - [MESSAGE][PASSED] - Browser is opened with url: ''

2021-05-11 19:19:43 - [TEST_STEP][PASSED] - navigateToUrl("https://sucourse.sabanciuniv.edu/plus/"): Navigate to 'https://sucourse.sabanciuniv.edu/plus/' successfully

2021-05-11 19:19:47 - [MESSAGE][PASSED] - Navigate to 'https://sucourse.sabanciuniv.edu/plus/' successfully

2021-05-11 19:19:47 - [TEST_STEP][PASSED] - click(findTestObject("Object Repository/AddNewDisccusion/Page_SUCourse/a_Login")): Object: 'Object Repository/AddNewDisccusion/Page_SUCourse/a_Login' is clicked on

2021-05-11 19:19:48 - [MESSAGE][PASSED] - Object: 'Object Repository/AddNewDisccusion/Page_SUCourse/a_Login' is clicked on

2021-05-11 19:19:48 - [TEST_STEP][PASSED] - click(findTestObject("Object Repository/AddNewDisccusion/Page_SUCourse Authentication choice/a_SUNet users (Sabanc University members)")): Object: 'Object Repository/AddNewDisccusion/Page_SUCourse Authentication choice/a_SUNet users (Sabanc University members)' is clicked on

2021-05-11 19:19:50 - [MESSAGE][PASSED] - Object: 'Object Repository/AddNewDisccusion/Page_SUCourse Authentication choice/a_SUNet users (Sabanc University members)' is clicked on

2021-05-11 19:19:50 - [TEST_STEP][PASSED] - setText(findTestObject("Object Repository/AddNewDisccusion/Page_Login - CAS  Central Authentication Service/input_U_username"), "mohamedkassem"): Text 'mohamedkassem' is set on object 'Object Repository/AddNewDisccusion/Page_Login - CAS  Central Authentication Service/input_U_username'

2021-05-11 19:19:51 - [MESSAGE][PASSED] - Text 'mohamedkassem' is set on object 'Object Repository/AddNewDisccusion/Page_Login - CAS  Central Authentication Service/input_U_username'

2021-05-11 19:19:51 - [TEST_STEP][PASSED] - setEncryptedText(findTestObject("Object Repository/AddNewDisccusion/Page_Login - CAS  Central Authentication Service/input_P_password"), "lsh4UT/KYs157Zjg3xgr3w=="): Text ****** has been set on object 'Object Repository/AddNewDisccusion/Page_Login - CAS  Central Authentication Service/input_P_password'

2021-05-11 19:19:52 - [MESSAGE][PASSED] - Text ****** has been set on object 'Object Repository/AddNewDisccusion/Page_Login - CAS  Central Authentication Service/input_P_password'

2021-05-11 19:19:52 - [TEST_STEP][PASSED] - click(findTestObject("Object Repository/AddNewDisccusion/Page_Login - CAS  Central Authentication Service/input_Remember Me_submit")): Object: 'Object Repository/AddNewDisccusion/Page_Login - CAS  Central Authentication Service/input_Remember Me_submit' is clicked on

2021-05-11 19:19:55 - [MESSAGE][PASSED] - Object: 'Object Repository/AddNewDisccusion/Page_Login - CAS  Central Authentication Service/input_Remember Me_submit' is clicked on

2021-05-11 19:19:55 - [TEST_STEP][PASSED] - click(findTestObject("Object Repository/AddNewDisccusion/Page_Dashboard/a_CS439-202002")): Object: 'Object Repository/AddNewDisccusion/Page_Dashboard/a_CS439-202002' is clicked on

2021-05-11 19:19:57 - [MESSAGE][PASSED] - Object: 'Object Repository/AddNewDisccusion/Page_Dashboard/a_CS439-202002' is clicked on

2021-05-11 19:19:57 - [TEST_STEP][PASSED] - click(findTestObject("Object Repository/AddNewDisccusion/Page_Course CS439-202002/a_Forums")): Object: 'Object Repository/AddNewDisccusion/Page_Course CS439-202002/a_Forums' is clicked on

2021-05-11 19:19:59 - [MESSAGE][PASSED] - Object: 'Object Repository/AddNewDisccusion/Page_Course CS439-202002/a_Forums' is clicked on

2021-05-11 19:19:59 - [TEST_STEP][PASSED] - click(findTestObject("Object Repository/AddNewDisccusion/Page_CS439-202002 Forums/a_Discussion Board")): Object: 'Object Repository/AddNewDisccusion/Page_CS439-202002 Forums/a_Discussion Board' is clicked on

2021-05-11 19:20:00 - [MESSAGE][PASSED] - Object: 'Object Repository/AddNewDisccusion/Page_CS439-202002 Forums/a_Discussion Board' is clicked on

2021-05-11 19:20:00 - [TEST_STEP][PASSED] - click(findTestObject("Object Repository/AddNewDisccusion/Page_Discussion Board/input")): Object: 'Object Repository/AddNewDisccusion/Page_Discussion Board/input' is clicked on

2021-05-11 19:20:03 - [MESSAGE][PASSED] - Object: 'Object Repository/AddNewDisccusion/Page_Discussion Board/input' is clicked on

2021-05-11 19:20:03 - [TEST_STEP][FAILED] - setText(findTestObject("Object Repository/AddNewDisccusion/Page_CS439-202002 Discussion Board Add a ne_224de0/div_1 1"), "1 <p>1</p>"): Unable to set text '1 <p>1</p>' of object 'Object Repository/AddNewDisccusion/Page_CS439-202002 Discussion Board Add a ne_224de0/div_1 1' (Root cause: com.kms.katalon.core.exception.StepFailedException: Unable to set text '1 <p>1</p>' of object 'Object Repository/AddNewDisccusion/Page_CS439-202002 Discussion Board Add a ne_224de0/div_1 1'
	at com.kms.katalon.core.webui.keyword.internal.WebUIKeywordMain.stepFailed(WebUIKeywordMain.groovy:64)
	at com.kms.katalon.core.webui.keyword.internal.WebUIKeywordMain.runKeyword(WebUIKeywordMain.groovy:26)
	at com.kms.katalon.core.webui.keyword.builtin.SetTextKeyword.setText(SetTextKeyword.groovy:66)
	at com.kms.katalon.core.webui.keyword.builtin.SetTextKeyword.execute(SetTextKeyword.groovy:37)
	at com.kms.katalon.core.keyword.internal.KeywordExecutor.executeKeywordForPlatform(KeywordExecutor.groovy:73)
	at com.kms.katalon.core.webui.keyword.WebUiBuiltInKeywords.setText(WebUiBuiltInKeywords.groovy:979)
	at com.kms.katalon.core.webui.keyword.WebUiBuiltInKeywords$setText$2.call(Unknown Source)
	at AddNewDisscusionTopic(CS439discussionBoard).run(AddNewDisscusionTopic(CS439discussionBoard):44)
	at com.kms.katalon.core.main.ScriptEngine.run(ScriptEngine.java:194)
	at com.kms.katalon.core.main.ScriptEngine.runScriptAsRawText(ScriptEngine.java:119)
	at com.kms.katalon.core.main.TestCaseExecutor.runScript(TestCaseExecutor.java:398)
	at com.kms.katalon.core.main.TestCaseExecutor.doExecute(TestCaseExecutor.java:389)
	at com.kms.katalon.core.main.TestCaseExecutor.processExecutionPhase(TestCaseExecutor.java:368)
	at com.kms.katalon.core.main.TestCaseExecutor.accessMainPhase(TestCaseExecutor.java:360)
	at com.kms.katalon.core.main.TestCaseExecutor.execute(TestCaseExecutor.java:255)
	at com.kms.katalon.core.main.TestSuiteExecutor.accessTestCaseMainPhase(TestSuiteExecutor.java:203)
	at com.kms.katalon.core.main.TestSuiteExecutor.accessTestSuiteMainPhase(TestSuiteExecutor.java:152)
	at com.kms.katalon.core.main.TestSuiteExecutor.execute(TestSuiteExecutor.java:95)
	at com.kms.katalon.core.main.TestCaseMain.startTestSuite(TestCaseMain.java:157)
	at com.kms.katalon.core.main.TestCaseMain$startTestSuite$0.call(Unknown Source)
	at TempTestSuite1620749803594.run(TempTestSuite1620749803594.groovy:39)
Caused by: org.openqa.selenium.InvalidElementStateException: invalid element state
  (Session info: chrome=90.0.4430.93)
Build info: version: '3.141.59', revision: 'e82be7d358', time: '2018-11-14T08:25:53'
System info: host: 'DESKTOP-21F1E8S', ip: '192.168.100.73', os.name: 'Windows 10', os.arch: 'amd64', os.version: '10.0', java.version: '1.8.0_181'
Driver info: com.kms.katalon.selenium.driver.CChromeDriver
Capabilities {acceptInsecureCerts: false, browserName: chrome, browserVersion: 90.0.4430.93, chrome: {chromedriverVersion: 90.0.4430.24 (4c6d850f087da..., userDataDir: C:\Users\moham\AppData\Loca...}, goog:chromeOptions: {debuggerAddress: localhost:32195}, javascriptEnabled: true, networkConnectionEnabled: false, pageLoadStrategy: normal, platform: WINDOWS, platformName: WINDOWS, proxy: Proxy(), setWindowRect: true, strictFileInteractability: false, timeouts: {implicit: 0, pageLoad: 300000, script: 30000}, unhandledPromptBehavior: dismiss and notify, webauthn:extension:largeBlob: true, webauthn:virtualAuthenticators: true}
Session ID: 3b55add0dd3870e3024049c52bdc483f
	at org.openqa.selenium.remote.http.W3CHttpResponseCodec.createException(W3CHttpResponseCodec.java:187)
	at org.openqa.selenium.remote.http.W3CHttpResponseCodec.decode(W3CHttpResponseCodec.java:122)
	at org.openqa.selenium.remote.http.W3CHttpResponseCodec.decode(W3CHttpResponseCodec.java:49)
	at org.openqa.selenium.remote.HttpCommandExecutor.execute(HttpCommandExecutor.java:158)
	at org.openqa.selenium.remote.service.DriverCommandExecutor.execute(DriverCommandExecutor.java:83)
	at org.openqa.selenium.remote.RemoteWebDriver.execute(RemoteWebDriver.java:552)
	at com.kms.katalon.selenium.driver.CChromeDriver.execute(CChromeDriver.java:19)
	at org.openqa.selenium.remote.RemoteWebElement.execute(RemoteWebElement.java:285)
	at org.openqa.selenium.remote.RemoteWebElement.clear(RemoteWebElement.java:124)
	at org.openqa.selenium.support.events.EventFiringWebDriver$EventFiringWebElement.lambda$new$0(EventFiringWebDriver.java:404)
	at com.sun.proxy.$Proxy11.clear(Unknown Source)
	at org.openqa.selenium.support.events.EventFiringWebDriver$EventFiringWebElement.clear(EventFiringWebDriver.java:436)
	at com.kms.katalon.core.webui.keyword.builtin.SetTextKeyword$_setText_closure1.doCall(SetTextKeyword.groovy:53)
	at com.kms.katalon.core.webui.keyword.builtin.SetTextKeyword$_setText_closure1.call(SetTextKeyword.groovy)
	at com.kms.katalon.core.webui.keyword.internal.WebUIKeywordMain.runKeyword(WebUIKeywordMain.groovy:20)
	at com.kms.katalon.core.webui.keyword.builtin.SetTextKeyword.setText(SetTextKeyword.groovy:66)
	at com.kms.katalon.core.webui.keyword.builtin.SetTextKeyword.execute(SetTextKeyword.groovy:37)
	at com.kms.katalon.core.keyword.internal.KeywordExecutor.executeKeywordForPlatform(KeywordExecutor.groovy:73)
	at com.kms.katalon.core.webui.keyword.WebUiBuiltInKeywords.setText(WebUiBuiltInKeywords.groovy:979)
	at com.kms.katalon.core.webui.keyword.WebUiBuiltInKeywords$setText$2.call(Unknown Source)
	at Script1620734853239.run(Script1620734853239.groovy:44)
	... 13 more
)

2021-05-11 19:20:04 - [MESSAGE][FAILED] - Unable to set text '1 <p>1</p>' of object 'Object Repository/AddNewDisccusion/Page_CS439-202002 Discussion Board Add a ne_224de0/div_1 1' (Root cause: com.kms.katalon.core.exception.StepFailedException: Unable to set text '1 <p>1</p>' of object 'Object Repository/AddNewDisccusion/Page_CS439-202002 Discussion Board Add a ne_224de0/div_1 1'
	at com.kms.katalon.core.webui.keyword.internal.WebUIKeywordMain.stepFailed(WebUIKeywordMain.groovy:64)
	at com.kms.katalon.core.webui.keyword.internal.WebUIKeywordMain.runKeyword(WebUIKeywordMain.groovy:26)
	at com.kms.katalon.core.webui.keyword.builtin.SetTextKeyword.setText(SetTextKeyword.groovy:66)
	at com.kms.katalon.core.webui.keyword.builtin.SetTextKeyword.execute(SetTextKeyword.groovy:37)
	at com.kms.katalon.core.keyword.internal.KeywordExecutor.executeKeywordForPlatform(KeywordExecutor.groovy:73)
	at com.kms.katalon.core.webui.keyword.WebUiBuiltInKeywords.setText(WebUiBuiltInKeywords.groovy:979)
	at com.kms.katalon.core.webui.keyword.WebUiBuiltInKeywords$setText$2.call(Unknown Source)
	at AddNewDisscusionTopic(CS439discussionBoard).run(AddNewDisscusionTopic(CS439discussionBoard):44)
	at com.kms.katalon.core.main.ScriptEngine.run(ScriptEngine.java:194)
	at com.kms.katalon.core.main.ScriptEngine.runScriptAsRawText(ScriptEngine.java:119)
	at com.kms.katalon.core.main.TestCaseExecutor.runScript(TestCaseExecutor.java:398)
	at com.kms.katalon.core.main.TestCaseExecutor.doExecute(TestCaseExecutor.java:389)
	at com.kms.katalon.core.main.TestCaseExecutor.processExecutionPhase(TestCaseExecutor.java:368)
	at com.kms.katalon.core.main.TestCaseExecutor.accessMainPhase(TestCaseExecutor.java:360)
	at com.kms.katalon.core.main.TestCaseExecutor.execute(TestCaseExecutor.java:255)
	at com.kms.katalon.core.main.TestSuiteExecutor.accessTestCaseMainPhase(TestSuiteExecutor.java:203)
	at com.kms.katalon.core.main.TestSuiteExecutor.accessTestSuiteMainPhase(TestSuiteExecutor.java:152)
	at com.kms.katalon.core.main.TestSuiteExecutor.execute(TestSuiteExecutor.java:95)
	at com.kms.katalon.core.main.TestCaseMain.startTestSuite(TestCaseMain.java:157)
	at com.kms.katalon.core.main.TestCaseMain$startTestSuite$0.call(Unknown Source)
	at TempTestSuite1620749803594.run(TempTestSuite1620749803594.groovy:39)
Caused by: org.openqa.selenium.InvalidElementStateException: invalid element state
  (Session info: chrome=90.0.4430.93)
Build info: version: '3.141.59', revision: 'e82be7d358', time: '2018-11-14T08:25:53'
System info: host: 'DESKTOP-21F1E8S', ip: '192.168.100.73', os.name: 'Windows 10', os.arch: 'amd64', os.version: '10.0', java.version: '1.8.0_181'
Driver info: com.kms.katalon.selenium.driver.CChromeDriver
Capabilities {acceptInsecureCerts: false, browserName: chrome, browserVersion: 90.0.4430.93, chrome: {chromedriverVersion: 90.0.4430.24 (4c6d850f087da..., userDataDir: C:\Users\moham\AppData\Loca...}, goog:chromeOptions: {debuggerAddress: localhost:32195}, javascriptEnabled: true, networkConnectionEnabled: false, pageLoadStrategy: normal, platform: WINDOWS, platformName: WINDOWS, proxy: Proxy(), setWindowRect: true, strictFileInteractability: false, timeouts: {implicit: 0, pageLoad: 300000, script: 30000}, unhandledPromptBehavior: dismiss and notify, webauthn:extension:largeBlob: true, webauthn:virtualAuthenticators: true}
Session ID: 3b55add0dd3870e3024049c52bdc483f
	at org.openqa.selenium.remote.http.W3CHttpResponseCodec.createException(W3CHttpResponseCodec.java:187)
	at org.openqa.selenium.remote.http.W3CHttpResponseCodec.decode(W3CHttpResponseCodec.java:122)
	at org.openqa.selenium.remote.http.W3CHttpResponseCodec.decode(W3CHttpResponseCodec.java:49)
	at org.openqa.selenium.remote.HttpCommandExecutor.execute(HttpCommandExecutor.java:158)
	at org.openqa.selenium.remote.service.DriverCommandExecutor.execute(DriverCommandExecutor.java:83)
	at org.openqa.selenium.remote.RemoteWebDriver.execute(RemoteWebDriver.java:552)
	at com.kms.katalon.selenium.driver.CChromeDriver.execute(CChromeDriver.java:19)
	at org.openqa.selenium.remote.RemoteWebElement.execute(RemoteWebElement.java:285)
	at org.openqa.selenium.remote.RemoteWebElement.clear(RemoteWebElement.java:124)
	at org.openqa.selenium.support.events.EventFiringWebDriver$EventFiringWebElement.lambda$new$0(EventFiringWebDriver.java:404)
	at com.sun.proxy.$Proxy11.clear(Unknown Source)
	at org.openqa.selenium.support.events.EventFiringWebDriver$EventFiringWebElement.clear(EventFiringWebDriver.java:436)
	at com.kms.katalon.core.webui.keyword.builtin.SetTextKeyword$_setText_closure1.doCall(SetTextKeyword.groovy:53)
	at com.kms.katalon.core.webui.keyword.builtin.SetTextKeyword$_setText_closure1.call(SetTextKeyword.groovy)
	at com.kms.katalon.core.webui.keyword.internal.WebUIKeywordMain.runKeyword(WebUIKeywordMain.groovy:20)
	at com.kms.katalon.core.webui.keyword.builtin.SetTextKeyword.setText(SetTextKeyword.groovy:66)
	at com.kms.katalon.core.webui.keyword.builtin.SetTextKeyword.execute(SetTextKeyword.groovy:37)
	at com.kms.katalon.core.keyword.internal.KeywordExecutor.executeKeywordForPlatform(KeywordExecutor.groovy:73)
	at com.kms.katalon.core.webui.keyword.WebUiBuiltInKeywords.setText(WebUiBuiltInKeywords.groovy:979)
	at com.kms.katalon.core.webui.keyword.WebUiBuiltInKeywords$setText$2.call(Unknown Source)
	at Script1620734853239.run(Script1620734853239.groovy:44)
	... 13 more
)
[[ATTACHMENT|C:\\Users\\moham\\git\\SuCourse_Katalon\\Reports\\20210511_191643\\Interaction\\20210511_191643\\1620750003913.png]]]]></system-out>
         <system-err><![CDATA[2021-05-11 19:19:40 - [TEST_CASE][FAILED] - Test Cases/AddNewDisscusionTopic(CS439discussionBoard): Test Cases/AddNewDisscusionTopic(CS439discussionBoard) FAILED.
Reason:
com.kms.katalon.core.exception.StepFailedException: Unable to set text '1 <p>1</p>' of object 'Object Repository/AddNewDisccusion/Page_CS439-202002 Discussion Board Add a ne_224de0/div_1 1'
	at com.kms.katalon.core.webui.keyword.internal.WebUIKeywordMain.stepFailed(WebUIKeywordMain.groovy:64)
	at com.kms.katalon.core.webui.keyword.internal.WebUIKeywordMain.runKeyword(WebUIKeywordMain.groovy:26)
	at com.kms.katalon.core.webui.keyword.builtin.SetTextKeyword.setText(SetTextKeyword.groovy:66)
	at com.kms.katalon.core.webui.keyword.builtin.SetTextKeyword.execute(SetTextKeyword.groovy:37)
	at com.kms.katalon.core.keyword.internal.KeywordExecutor.executeKeywordForPlatform(KeywordExecutor.groovy:73)
	at com.kms.katalon.core.webui.keyword.WebUiBuiltInKeywords.setText(WebUiBuiltInKeywords.groovy:979)
	at com.kms.katalon.core.webui.keyword.WebUiBuiltInKeywords$setText$2.call(Unknown Source)
	at AddNewDisscusionTopic(CS439discussionBoard).run(AddNewDisscusionTopic(CS439discussionBoard):44)
	at com.kms.katalon.core.main.ScriptEngine.run(ScriptEngine.java:194)
	at com.kms.katalon.core.main.ScriptEngine.runScriptAsRawText(ScriptEngine.java:119)
	at com.kms.katalon.core.main.TestCaseExecutor.runScript(TestCaseExecutor.java:398)
	at com.kms.katalon.core.main.TestCaseExecutor.doExecute(TestCaseExecutor.java:389)
	at com.kms.katalon.core.main.TestCaseExecutor.processExecutionPhase(TestCaseExecutor.java:368)
	at com.kms.katalon.core.main.TestCaseExecutor.accessMainPhase(TestCaseExecutor.java:360)
	at com.kms.katalon.core.main.TestCaseExecutor.execute(TestCaseExecutor.java:255)
	at com.kms.katalon.core.main.TestSuiteExecutor.accessTestCaseMainPhase(TestSuiteExecutor.java:203)
	at com.kms.katalon.core.main.TestSuiteExecutor.accessTestSuiteMainPhase(TestSuiteExecutor.java:152)
	at com.kms.katalon.core.main.TestSuiteExecutor.execute(TestSuiteExecutor.java:95)
	at com.kms.katalon.core.main.TestCaseMain.startTestSuite(TestCaseMain.java:157)
	at com.kms.katalon.core.main.TestCaseMain$startTestSuite$0.call(Unknown Source)
	at TempTestSuite1620749803594.run(TempTestSuite1620749803594.groovy:39)
Caused by: org.openqa.selenium.InvalidElementStateException: invalid element state
  (Session info: chrome=90.0.4430.93)
Build info: version: '3.141.59', revision: 'e82be7d358', time: '2018-11-14T08:25:53'
System info: host: 'DESKTOP-21F1E8S', ip: '192.168.100.73', os.name: 'Windows 10', os.arch: 'amd64', os.version: '10.0', java.version: '1.8.0_181'
Driver info: com.kms.katalon.selenium.driver.CChromeDriver
Capabilities {acceptInsecureCerts: false, browserName: chrome, browserVersion: 90.0.4430.93, chrome: {chromedriverVersion: 90.0.4430.24 (4c6d850f087da..., userDataDir: C:\Users\moham\AppData\Loca...}, goog:chromeOptions: {debuggerAddress: localhost:32195}, javascriptEnabled: true, networkConnectionEnabled: false, pageLoadStrategy: normal, platform: WINDOWS, platformName: WINDOWS, proxy: Proxy(), setWindowRect: true, strictFileInteractability: false, timeouts: {implicit: 0, pageLoad: 300000, script: 30000}, unhandledPromptBehavior: dismiss and notify, webauthn:extension:largeBlob: true, webauthn:virtualAuthenticators: true}
Session ID: 3b55add0dd3870e3024049c52bdc483f
	at org.openqa.selenium.remote.http.W3CHttpResponseCodec.createException(W3CHttpResponseCodec.java:187)
	at org.openqa.selenium.remote.http.W3CHttpResponseCodec.decode(W3CHttpResponseCodec.java:122)
	at org.openqa.selenium.remote.http.W3CHttpResponseCodec.decode(W3CHttpResponseCodec.java:49)
	at org.openqa.selenium.remote.HttpCommandExecutor.execute(HttpCommandExecutor.java:158)
	at org.openqa.selenium.remote.service.DriverCommandExecutor.execute(DriverCommandExecutor.java:83)
	at org.openqa.selenium.remote.RemoteWebDriver.execute(RemoteWebDriver.java:552)
	at com.kms.katalon.selenium.driver.CChromeDriver.execute(CChromeDriver.java:19)
	at org.openqa.selenium.remote.RemoteWebElement.execute(RemoteWebElement.java:285)
	at org.openqa.selenium.remote.RemoteWebElement.clear(RemoteWebElement.java:124)
	at org.openqa.selenium.support.events.EventFiringWebDriver$EventFiringWebElement.lambda$new$0(EventFiringWebDriver.java:404)
	at com.sun.proxy.$Proxy11.clear(Unknown Source)
	at org.openqa.selenium.support.events.EventFiringWebDriver$EventFiringWebElement.clear(EventFiringWebDriver.java:436)
	at com.kms.katalon.core.webui.keyword.builtin.SetTextKeyword$_setText_closure1.doCall(SetTextKeyword.groovy:53)
	at com.kms.katalon.core.webui.keyword.builtin.SetTextKeyword$_setText_closure1.call(SetTextKeyword.groovy)
	at com.kms.katalon.core.webui.keyword.internal.WebUIKeywordMain.runKeyword(WebUIKeywordMain.groovy:20)
	... 19 more]]></system-err>
      </testcase>
      <testcase name="Test Cases/ReplyToDiscussion" time="67.537" classname="Test Cases/ReplyToDiscussion" status="FAILED">
         <failure type="FAILED" message="Test Cases/ReplyToDiscussion FAILED.
Reason:
com.kms.katalon.core.exception.StepFailedException: Unable to set text '1 &lt;p>1&lt;/p>' of object 'Object Repository/ReplyToDiscussion/Page_CS439-202002 Test Test/div_1 1'
	at com.kms.katalon.core.webui.keyword.internal.WebUIKeywordMain.stepFailed(WebUIKeywordMain.groovy:64)
	at com.kms.katalon.core.webui.keyword.internal.WebUIKeywordMain.runKeyword(WebUIKeywordMain.groovy:26)
	at com.kms.katalon.core.webui.keyword.builtin.SetTextKeyword.setText(SetTextKeyword.groovy:66)
	at com.kms.katalon.core.webui.keyword.builtin.SetTextKeyword.execute(SetTextKeyword.groovy:37)
	at com.kms.katalon.core.keyword.internal.KeywordExecutor.executeKeywordForPlatform(KeywordExecutor.groovy:73)
	at com.kms.katalon.core.webui.keyword.WebUiBuiltInKeywords.setText(WebUiBuiltInKeywords.groovy:979)
	at com.kms.katalon.core.webui.keyword.WebUiBuiltInKeywords$setText$2.call(Unknown Source)
	at ReplyToDiscussion.run(ReplyToDiscussion:68)
	at com.kms.katalon.core.main.ScriptEngine.run(ScriptEngine.java:194)
	at com.kms.katalon.core.main.ScriptEngine.runScriptAsRawText(ScriptEngine.java:119)
	at com.kms.katalon.core.main.TestCaseExecutor.runScript(TestCaseExecutor.java:398)
	at com.kms.katalon.core.main.TestCaseExecutor.doExecute(TestCaseExecutor.java:389)
	at com.kms.katalon.core.main.TestCaseExecutor.processExecutionPhase(TestCaseExecutor.java:368)
	at com.kms.katalon.core.main.TestCaseExecutor.accessMainPhase(TestCaseExecutor.java:360)
	at com.kms.katalon.core.main.TestCaseExecutor.execute(TestCaseExecutor.java:255)
	at com.kms.katalon.core.main.TestSuiteExecutor.accessTestCaseMainPhase(TestSuiteExecutor.java:203)
	at com.kms.katalon.core.main.TestSuiteExecutor.accessTestSuiteMainPhase(TestSuiteExecutor.java:152)
	at com.kms.katalon.core.main.TestSuiteExecutor.execute(TestSuiteExecutor.java:95)
	at com.kms.katalon.core.main.TestCaseMain.startTestSuite(TestCaseMain.java:157)
	at com.kms.katalon.core.main.TestCaseMain$startTestSuite$0.call(Unknown Source)
	at TempTestSuite1620749803594.run(TempTestSuite1620749803594.groovy:39)
Caused by: org.openqa.selenium.InvalidElementStateException: invalid element state
  (Session info: chrome=90.0.4430.93)
Build info: version: '3.141.59', revision: 'e82be7d358', time: '2018-11-14T08:25:53'
System info: host: 'DESKTOP-21F1E8S', ip: '192.168.100.73', os.name: 'Windows 10', os.arch: 'amd64', os.version: '10.0', java.version: '1.8.0_181'
Driver info: com.kms.katalon.selenium.driver.CChromeDriver
Capabilities {acceptInsecureCerts: false, browserName: chrome, browserVersion: 90.0.4430.93, chrome: {chromedriverVersion: 90.0.4430.24 (4c6d850f087da..., userDataDir: C:\Users\moham\AppData\Loca...}, goog:chromeOptions: {debuggerAddress: localhost:32259}, javascriptEnabled: true, networkConnectionEnabled: false, pageLoadStrategy: normal, platform: WINDOWS, platformName: WINDOWS, proxy: Proxy(), setWindowRect: true, strictFileInteractability: false, timeouts: {implicit: 0, pageLoad: 300000, script: 30000}, unhandledPromptBehavior: dismiss and notify, webauthn:extension:largeBlob: true, webauthn:virtualAuthenticators: true}
Session ID: 59dac6795a42461420d6706e293804b9
	at org.openqa.selenium.remote.http.W3CHttpResponseCodec.createException(W3CHttpResponseCodec.java:187)
	at org.openqa.selenium.remote.http.W3CHttpResponseCodec.decode(W3CHttpResponseCodec.java:122)
	at org.openqa.selenium.remote.http.W3CHttpResponseCodec.decode(W3CHttpResponseCodec.java:49)
	at org.openqa.selenium.remote.HttpCommandExecutor.execute(HttpCommandExecutor.java:158)
	at org.openqa.selenium.remote.service.DriverCommandExecutor.execute(DriverCommandExecutor.java:83)
	at org.openqa.selenium.remote.RemoteWebDriver.execute(RemoteWebDriver.java:552)
	at com.kms.katalon.selenium.driver.CChromeDriver.execute(CChromeDriver.java:19)
	at org.openqa.selenium.remote.RemoteWebElement.execute(RemoteWebElement.java:285)
	at org.openqa.selenium.remote.RemoteWebElement.clear(RemoteWebElement.java:124)
	at org.openqa.selenium.support.events.EventFiringWebDriver$EventFiringWebElement.lambda$new$0(EventFiringWebDriver.java:404)
	at com.sun.proxy.$Proxy11.clear(Unknown Source)
	at org.openqa.selenium.support.events.EventFiringWebDriver$EventFiringWebElement.clear(EventFiringWebDriver.java:436)
	at com.kms.katalon.core.webui.keyword.builtin.SetTextKeyword$_setText_closure1.doCall(SetTextKeyword.groovy:53)
	at com.kms.katalon.core.webui.keyword.builtin.SetTextKeyword$_setText_closure1.call(SetTextKeyword.groovy)
	at com.kms.katalon.core.webui.keyword.internal.WebUIKeywordMain.runKeyword(WebUIKeywordMain.groovy:20)
	... 19 more
"/>
         <system-out><![CDATA[2021-05-11 19:20:04 - [TEST_CASE][FAILED] - Test Cases/ReplyToDiscussion: Test Cases/ReplyToDiscussion FAILED.
Reason:
com.kms.katalon.core.exception.StepFailedException: Unable to set text '1 <p>1</p>' of object 'Object Repository/ReplyToDiscussion/Page_CS439-202002 Test Test/div_1 1'
	at com.kms.katalon.core.webui.keyword.internal.WebUIKeywordMain.stepFailed(WebUIKeywordMain.groovy:64)
	at com.kms.katalon.core.webui.keyword.internal.WebUIKeywordMain.runKeyword(WebUIKeywordMain.groovy:26)
	at com.kms.katalon.core.webui.keyword.builtin.SetTextKeyword.setText(SetTextKeyword.groovy:66)
	at com.kms.katalon.core.webui.keyword.builtin.SetTextKeyword.execute(SetTextKeyword.groovy:37)
	at com.kms.katalon.core.keyword.internal.KeywordExecutor.executeKeywordForPlatform(KeywordExecutor.groovy:73)
	at com.kms.katalon.core.webui.keyword.WebUiBuiltInKeywords.setText(WebUiBuiltInKeywords.groovy:979)
	at com.kms.katalon.core.webui.keyword.WebUiBuiltInKeywords$setText$2.call(Unknown Source)
	at ReplyToDiscussion.run(ReplyToDiscussion:68)
	at com.kms.katalon.core.main.ScriptEngine.run(ScriptEngine.java:194)
	at com.kms.katalon.core.main.ScriptEngine.runScriptAsRawText(ScriptEngine.java:119)
	at com.kms.katalon.core.main.TestCaseExecutor.runScript(TestCaseExecutor.java:398)
	at com.kms.katalon.core.main.TestCaseExecutor.doExecute(TestCaseExecutor.java:389)
	at com.kms.katalon.core.main.TestCaseExecutor.processExecutionPhase(TestCaseExecutor.java:368)
	at com.kms.katalon.core.main.TestCaseExecutor.accessMainPhase(TestCaseExecutor.java:360)
	at com.kms.katalon.core.main.TestCaseExecutor.execute(TestCaseExecutor.java:255)
	at com.kms.katalon.core.main.TestSuiteExecutor.accessTestCaseMainPhase(TestSuiteExecutor.java:203)
	at com.kms.katalon.core.main.TestSuiteExecutor.accessTestSuiteMainPhase(TestSuiteExecutor.java:152)
	at com.kms.katalon.core.main.TestSuiteExecutor.execute(TestSuiteExecutor.java:95)
	at com.kms.katalon.core.main.TestCaseMain.startTestSuite(TestCaseMain.java:157)
	at com.kms.katalon.core.main.TestCaseMain$startTestSuite$0.call(Unknown Source)
	at TempTestSuite1620749803594.run(TempTestSuite1620749803594.groovy:39)
Caused by: org.openqa.selenium.InvalidElementStateException: invalid element state
  (Session info: chrome=90.0.4430.93)
Build info: version: '3.141.59', revision: 'e82be7d358', time: '2018-11-14T08:25:53'
System info: host: 'DESKTOP-21F1E8S', ip: '192.168.100.73', os.name: 'Windows 10', os.arch: 'amd64', os.version: '10.0', java.version: '1.8.0_181'
Driver info: com.kms.katalon.selenium.driver.CChromeDriver
Capabilities {acceptInsecureCerts: false, browserName: chrome, browserVersion: 90.0.4430.93, chrome: {chromedriverVersion: 90.0.4430.24 (4c6d850f087da..., userDataDir: C:\Users\moham\AppData\Loca...}, goog:chromeOptions: {debuggerAddress: localhost:32259}, javascriptEnabled: true, networkConnectionEnabled: false, pageLoadStrategy: normal, platform: WINDOWS, platformName: WINDOWS, proxy: Proxy(), setWindowRect: true, strictFileInteractability: false, timeouts: {implicit: 0, pageLoad: 300000, script: 30000}, unhandledPromptBehavior: dismiss and notify, webauthn:extension:largeBlob: true, webauthn:virtualAuthenticators: true}
Session ID: 59dac6795a42461420d6706e293804b9
	at org.openqa.selenium.remote.http.W3CHttpResponseCodec.createException(W3CHttpResponseCodec.java:187)
	at org.openqa.selenium.remote.http.W3CHttpResponseCodec.decode(W3CHttpResponseCodec.java:122)
	at org.openqa.selenium.remote.http.W3CHttpResponseCodec.decode(W3CHttpResponseCodec.java:49)
	at org.openqa.selenium.remote.HttpCommandExecutor.execute(HttpCommandExecutor.java:158)
	at org.openqa.selenium.remote.service.DriverCommandExecutor.execute(DriverCommandExecutor.java:83)
	at org.openqa.selenium.remote.RemoteWebDriver.execute(RemoteWebDriver.java:552)
	at com.kms.katalon.selenium.driver.CChromeDriver.execute(CChromeDriver.java:19)
	at org.openqa.selenium.remote.RemoteWebElement.execute(RemoteWebElement.java:285)
	at org.openqa.selenium.remote.RemoteWebElement.clear(RemoteWebElement.java:124)
	at org.openqa.selenium.support.events.EventFiringWebDriver$EventFiringWebElement.lambda$new$0(EventFiringWebDriver.java:404)
	at com.sun.proxy.$Proxy11.clear(Unknown Source)
	at org.openqa.selenium.support.events.EventFiringWebDriver$EventFiringWebElement.clear(EventFiringWebDriver.java:436)
	at com.kms.katalon.core.webui.keyword.builtin.SetTextKeyword$_setText_closure1.doCall(SetTextKeyword.groovy:53)
	at com.kms.katalon.core.webui.keyword.builtin.SetTextKeyword$_setText_closure1.call(SetTextKeyword.groovy)
	at com.kms.katalon.core.webui.keyword.internal.WebUIKeywordMain.runKeyword(WebUIKeywordMain.groovy:20)
	... 19 more


2021-05-11 19:20:05 - [TEST_STEP][PASSED] - openBrowser(""): Browser is opened with url: ''

2021-05-11 19:20:05 - [MESSAGE][WARNING] - A browser is already opened. Closing browser and opening a new one

2021-05-11 19:20:06 - [MESSAGE][INFO] - Starting 'Chrome' driver

2021-05-11 19:20:06 - [MESSAGE][INFO] - Action delay is set to 0 milliseconds

2021-05-11 19:20:08 - [MESSAGE][PASSED] - Browser is opened with url: ''

2021-05-11 19:20:08 - [TEST_STEP][PASSED] - navigateToUrl("https://sucourse.sabanciuniv.edu/plus/"): Navigate to 'https://sucourse.sabanciuniv.edu/plus/' successfully

2021-05-11 19:20:11 - [MESSAGE][PASSED] - Navigate to 'https://sucourse.sabanciuniv.edu/plus/' successfully

2021-05-11 19:20:11 - [TEST_STEP][PASSED] - delay(1): Delayed 1 second(s)

2021-05-11 19:20:13 - [MESSAGE][PASSED] - Delayed 1 second(s)

2021-05-11 19:20:13 - [TEST_STEP][PASSED] - click(findTestObject("Object Repository/ReplyToDiscussion/Page_SUCourse/a_Login")): Object: 'Object Repository/ReplyToDiscussion/Page_SUCourse/a_Login' is clicked on

2021-05-11 19:20:14 - [MESSAGE][PASSED] - Object: 'Object Repository/ReplyToDiscussion/Page_SUCourse/a_Login' is clicked on

2021-05-11 19:20:14 - [TEST_STEP][PASSED] - delay(1): Delayed 1 second(s)

2021-05-11 19:20:15 - [MESSAGE][PASSED] - Delayed 1 second(s)

2021-05-11 19:20:15 - [TEST_STEP][PASSED] - click(findTestObject("Object Repository/ReplyToDiscussion/Page_SUCourse Authentication choice/a_SUNet users (Sabanc University members)")): Object: 'Object Repository/ReplyToDiscussion/Page_SUCourse Authentication choice/a_SUNet users (Sabanc University members)' is clicked on

2021-05-11 19:20:17 - [MESSAGE][PASSED] - Object: 'Object Repository/ReplyToDiscussion/Page_SUCourse Authentication choice/a_SUNet users (Sabanc University members)' is clicked on

2021-05-11 19:20:17 - [TEST_STEP][PASSED] - delay(1): Delayed 1 second(s)

2021-05-11 19:20:18 - [MESSAGE][PASSED] - Delayed 1 second(s)

2021-05-11 19:20:18 - [TEST_STEP][PASSED] - setText(findTestObject("Object Repository/ReplyToDiscussion/Page_Login - CAS  Central Authentication Service/input_U_username"), "mohamedkassem"): Text 'mohamedkassem' is set on object 'Object Repository/ReplyToDiscussion/Page_Login - CAS  Central Authentication Service/input_U_username'

2021-05-11 19:20:19 - [MESSAGE][PASSED] - Text 'mohamedkassem' is set on object 'Object Repository/ReplyToDiscussion/Page_Login - CAS  Central Authentication Service/input_U_username'

2021-05-11 19:20:19 - [TEST_STEP][PASSED] - delay(1): Delayed 1 second(s)

2021-05-11 19:20:20 - [MESSAGE][PASSED] - Delayed 1 second(s)

2021-05-11 19:20:20 - [TEST_STEP][PASSED] - setEncryptedText(findTestObject("Object Repository/ReplyToDiscussion/Page_Login - CAS  Central Authentication Service/input_P_password"), "lsh4UT/KYs157Zjg3xgr3w=="): Text ****** has been set on object 'Object Repository/ReplyToDiscussion/Page_Login - CAS  Central Authentication Service/input_P_password'

2021-05-11 19:20:21 - [MESSAGE][PASSED] - Text ****** has been set on object 'Object Repository/ReplyToDiscussion/Page_Login - CAS  Central Authentication Service/input_P_password'

2021-05-11 19:20:21 - [TEST_STEP][PASSED] - delay(1): Delayed 1 second(s)

2021-05-11 19:20:22 - [MESSAGE][PASSED] - Delayed 1 second(s)

2021-05-11 19:20:22 - [TEST_STEP][PASSED] - click(findTestObject("Object Repository/ReplyToDiscussion/Page_Login - CAS  Central Authentication Service/input_Remember Me_submit")): Object: 'Object Repository/ReplyToDiscussion/Page_Login - CAS  Central Authentication Service/input_Remember Me_submit' is clicked on

2021-05-11 19:20:25 - [MESSAGE][PASSED] - Object: 'Object Repository/ReplyToDiscussion/Page_Login - CAS  Central Authentication Service/input_Remember Me_submit' is clicked on

2021-05-11 19:20:25 - [TEST_STEP][PASSED] - delay(1): Delayed 1 second(s)

2021-05-11 19:20:26 - [MESSAGE][PASSED] - Delayed 1 second(s)

2021-05-11 19:20:26 - [TEST_STEP][PASSED] - click(findTestObject("Object Repository/ReplyToDiscussion/Page_Dashboard/a_CS439-202002")): Object: 'Object Repository/ReplyToDiscussion/Page_Dashboard/a_CS439-202002' is clicked on

2021-05-11 19:20:27 - [MESSAGE][PASSED] - Object: 'Object Repository/ReplyToDiscussion/Page_Dashboard/a_CS439-202002' is clicked on

2021-05-11 19:20:27 - [TEST_STEP][PASSED] - delay(1): Delayed 1 second(s)

2021-05-11 19:20:28 - [MESSAGE][PASSED] - Delayed 1 second(s)

2021-05-11 19:20:28 - [TEST_STEP][PASSED] - click(findTestObject("Object Repository/ReplyToDiscussion/Page_Course CS439-202002/a_Forums")): Object: 'Object Repository/ReplyToDiscussion/Page_Course CS439-202002/a_Forums' is clicked on

2021-05-11 19:20:29 - [MESSAGE][PASSED] - Object: 'Object Repository/ReplyToDiscussion/Page_Course CS439-202002/a_Forums' is clicked on

2021-05-11 19:20:29 - [TEST_STEP][PASSED] - delay(1): Delayed 1 second(s)

2021-05-11 19:20:31 - [MESSAGE][PASSED] - Delayed 1 second(s)

2021-05-11 19:20:31 - [TEST_STEP][PASSED] - click(findTestObject("Object Repository/ReplyToDiscussion/Page_CS439-202002 Forums/a_Discussion Board")): Object: 'Object Repository/ReplyToDiscussion/Page_CS439-202002 Forums/a_Discussion Board' is clicked on

2021-05-11 19:20:32 - [MESSAGE][PASSED] - Object: 'Object Repository/ReplyToDiscussion/Page_CS439-202002 Forums/a_Discussion Board' is clicked on

2021-05-11 19:20:32 - [TEST_STEP][PASSED] - delay(1): Delayed 1 second(s)

2021-05-11 19:20:33 - [MESSAGE][PASSED] - Delayed 1 second(s)

2021-05-11 19:20:33 - [TEST_STEP][PASSED] - click(findTestObject("Object Repository/ReplyToDiscussion/Page_Discussion Board/a_Test")): Object: 'Object Repository/ReplyToDiscussion/Page_Discussion Board/a_Test' is clicked on

2021-05-11 19:20:34 - [MESSAGE][PASSED] - Object: 'Object Repository/ReplyToDiscussion/Page_Discussion Board/a_Test' is clicked on

2021-05-11 19:20:34 - [TEST_STEP][PASSED] - delay(1): Delayed 1 second(s)

2021-05-11 19:20:35 - [MESSAGE][PASSED] - Delayed 1 second(s)

2021-05-11 19:20:35 - [TEST_STEP][PASSED] - click(findTestObject("Object Repository/ReplyToDiscussion/Page_CS439-202002 Test/a_Reply")): Object: 'Object Repository/ReplyToDiscussion/Page_CS439-202002 Test/a_Reply' is clicked on

2021-05-11 19:21:07 - [MESSAGE][INFO] - Unable to find the element located by 'By.xpath: //section[@id='region-main']/div/div[3]/div[3]/div[2]/div/a[4]'. Please recheck the objects properties to make sure the desired element is located. 

2021-05-11 19:21:07 - [MESSAGE][WARNING] - [SELF-HEALING] Failed to find element with id 'Object Repository/ReplyToDiscussion/Page_CS439-202002 Test/a_Reply'. Try using Self-healing.

2021-05-11 19:21:07 - [MESSAGE][INFO] - [SELF-HEALING] Failed Locator: '//section[@id='region-main']/div/div[3]/div[3]/div[2]/div/a[4]'.

2021-05-11 19:21:07 - [MESSAGE][INFO] - [SELF-HEALING] Working Locator: '//a[contains(text(),'Reply')]'.

2021-05-11 19:21:08 - [MESSAGE][INFO] - [SELF-HEALING] Screenshot: C:/Users/moham/git/SuCourse_Katalon/Reports/Self-healing/Object Repository/ReplyToDiscussion/Page_CS439-202002 Test/a_Reply_link.png

2021-05-11 19:21:08 - [MESSAGE][WARNING] - [SELF-HEALING] The current locator of test object 'Object Repository/ReplyToDiscussion/Page_CS439-202002 Test/a_Reply' was broken. Propose an alternative one: '//a[contains(text(),'Reply')]'.

2021-05-11 19:21:10 - [MESSAGE][PASSED] - Object: 'Object Repository/ReplyToDiscussion/Page_CS439-202002 Test/a_Reply' is clicked on

2021-05-11 19:21:10 - [TEST_STEP][PASSED] - delay(1): Delayed 1 second(s)

2021-05-11 19:21:11 - [MESSAGE][PASSED] - Delayed 1 second(s)

2021-05-11 19:21:11 - [TEST_STEP][FAILED] - setText(findTestObject("Object Repository/ReplyToDiscussion/Page_CS439-202002 Test Test/div_1 1"), "1 <p>1</p>"): Unable to set text '1 <p>1</p>' of object 'Object Repository/ReplyToDiscussion/Page_CS439-202002 Test Test/div_1 1' (Root cause: com.kms.katalon.core.exception.StepFailedException: Unable to set text '1 <p>1</p>' of object 'Object Repository/ReplyToDiscussion/Page_CS439-202002 Test Test/div_1 1'
	at com.kms.katalon.core.webui.keyword.internal.WebUIKeywordMain.stepFailed(WebUIKeywordMain.groovy:64)
	at com.kms.katalon.core.webui.keyword.internal.WebUIKeywordMain.runKeyword(WebUIKeywordMain.groovy:26)
	at com.kms.katalon.core.webui.keyword.builtin.SetTextKeyword.setText(SetTextKeyword.groovy:66)
	at com.kms.katalon.core.webui.keyword.builtin.SetTextKeyword.execute(SetTextKeyword.groovy:37)
	at com.kms.katalon.core.keyword.internal.KeywordExecutor.executeKeywordForPlatform(KeywordExecutor.groovy:73)
	at com.kms.katalon.core.webui.keyword.WebUiBuiltInKeywords.setText(WebUiBuiltInKeywords.groovy:979)
	at com.kms.katalon.core.webui.keyword.WebUiBuiltInKeywords$setText$2.call(Unknown Source)
	at ReplyToDiscussion.run(ReplyToDiscussion:68)
	at com.kms.katalon.core.main.ScriptEngine.run(ScriptEngine.java:194)
	at com.kms.katalon.core.main.ScriptEngine.runScriptAsRawText(ScriptEngine.java:119)
	at com.kms.katalon.core.main.TestCaseExecutor.runScript(TestCaseExecutor.java:398)
	at com.kms.katalon.core.main.TestCaseExecutor.doExecute(TestCaseExecutor.java:389)
	at com.kms.katalon.core.main.TestCaseExecutor.processExecutionPhase(TestCaseExecutor.java:368)
	at com.kms.katalon.core.main.TestCaseExecutor.accessMainPhase(TestCaseExecutor.java:360)
	at com.kms.katalon.core.main.TestCaseExecutor.execute(TestCaseExecutor.java:255)
	at com.kms.katalon.core.main.TestSuiteExecutor.accessTestCaseMainPhase(TestSuiteExecutor.java:203)
	at com.kms.katalon.core.main.TestSuiteExecutor.accessTestSuiteMainPhase(TestSuiteExecutor.java:152)
	at com.kms.katalon.core.main.TestSuiteExecutor.execute(TestSuiteExecutor.java:95)
	at com.kms.katalon.core.main.TestCaseMain.startTestSuite(TestCaseMain.java:157)
	at com.kms.katalon.core.main.TestCaseMain$startTestSuite$0.call(Unknown Source)
	at TempTestSuite1620749803594.run(TempTestSuite1620749803594.groovy:39)
Caused by: org.openqa.selenium.InvalidElementStateException: invalid element state
  (Session info: chrome=90.0.4430.93)
Build info: version: '3.141.59', revision: 'e82be7d358', time: '2018-11-14T08:25:53'
System info: host: 'DESKTOP-21F1E8S', ip: '192.168.100.73', os.name: 'Windows 10', os.arch: 'amd64', os.version: '10.0', java.version: '1.8.0_181'
Driver info: com.kms.katalon.selenium.driver.CChromeDriver
Capabilities {acceptInsecureCerts: false, browserName: chrome, browserVersion: 90.0.4430.93, chrome: {chromedriverVersion: 90.0.4430.24 (4c6d850f087da..., userDataDir: C:\Users\moham\AppData\Loca...}, goog:chromeOptions: {debuggerAddress: localhost:32259}, javascriptEnabled: true, networkConnectionEnabled: false, pageLoadStrategy: normal, platform: WINDOWS, platformName: WINDOWS, proxy: Proxy(), setWindowRect: true, strictFileInteractability: false, timeouts: {implicit: 0, pageLoad: 300000, script: 30000}, unhandledPromptBehavior: dismiss and notify, webauthn:extension:largeBlob: true, webauthn:virtualAuthenticators: true}
Session ID: 59dac6795a42461420d6706e293804b9
	at org.openqa.selenium.remote.http.W3CHttpResponseCodec.createException(W3CHttpResponseCodec.java:187)
	at org.openqa.selenium.remote.http.W3CHttpResponseCodec.decode(W3CHttpResponseCodec.java:122)
	at org.openqa.selenium.remote.http.W3CHttpResponseCodec.decode(W3CHttpResponseCodec.java:49)
	at org.openqa.selenium.remote.HttpCommandExecutor.execute(HttpCommandExecutor.java:158)
	at org.openqa.selenium.remote.service.DriverCommandExecutor.execute(DriverCommandExecutor.java:83)
	at org.openqa.selenium.remote.RemoteWebDriver.execute(RemoteWebDriver.java:552)
	at com.kms.katalon.selenium.driver.CChromeDriver.execute(CChromeDriver.java:19)
	at org.openqa.selenium.remote.RemoteWebElement.execute(RemoteWebElement.java:285)
	at org.openqa.selenium.remote.RemoteWebElement.clear(RemoteWebElement.java:124)
	at org.openqa.selenium.support.events.EventFiringWebDriver$EventFiringWebElement.lambda$new$0(EventFiringWebDriver.java:404)
	at com.sun.proxy.$Proxy11.clear(Unknown Source)
	at org.openqa.selenium.support.events.EventFiringWebDriver$EventFiringWebElement.clear(EventFiringWebDriver.java:436)
	at com.kms.katalon.core.webui.keyword.builtin.SetTextKeyword$_setText_closure1.doCall(SetTextKeyword.groovy:53)
	at com.kms.katalon.core.webui.keyword.builtin.SetTextKeyword$_setText_closure1.call(SetTextKeyword.groovy)
	at com.kms.katalon.core.webui.keyword.internal.WebUIKeywordMain.runKeyword(WebUIKeywordMain.groovy:20)
	at com.kms.katalon.core.webui.keyword.builtin.SetTextKeyword.setText(SetTextKeyword.groovy:66)
	at com.kms.katalon.core.webui.keyword.builtin.SetTextKeyword.execute(SetTextKeyword.groovy:37)
	at com.kms.katalon.core.keyword.internal.KeywordExecutor.executeKeywordForPlatform(KeywordExecutor.groovy:73)
	at com.kms.katalon.core.webui.keyword.WebUiBuiltInKeywords.setText(WebUiBuiltInKeywords.groovy:979)
	at com.kms.katalon.core.webui.keyword.WebUiBuiltInKeywords$setText$2.call(Unknown Source)
	at Script1620735473063.run(Script1620735473063.groovy:68)
	... 13 more
)

2021-05-11 19:21:11 - [MESSAGE][FAILED] - Unable to set text '1 <p>1</p>' of object 'Object Repository/ReplyToDiscussion/Page_CS439-202002 Test Test/div_1 1' (Root cause: com.kms.katalon.core.exception.StepFailedException: Unable to set text '1 <p>1</p>' of object 'Object Repository/ReplyToDiscussion/Page_CS439-202002 Test Test/div_1 1'
	at com.kms.katalon.core.webui.keyword.internal.WebUIKeywordMain.stepFailed(WebUIKeywordMain.groovy:64)
	at com.kms.katalon.core.webui.keyword.internal.WebUIKeywordMain.runKeyword(WebUIKeywordMain.groovy:26)
	at com.kms.katalon.core.webui.keyword.builtin.SetTextKeyword.setText(SetTextKeyword.groovy:66)
	at com.kms.katalon.core.webui.keyword.builtin.SetTextKeyword.execute(SetTextKeyword.groovy:37)
	at com.kms.katalon.core.keyword.internal.KeywordExecutor.executeKeywordForPlatform(KeywordExecutor.groovy:73)
	at com.kms.katalon.core.webui.keyword.WebUiBuiltInKeywords.setText(WebUiBuiltInKeywords.groovy:979)
	at com.kms.katalon.core.webui.keyword.WebUiBuiltInKeywords$setText$2.call(Unknown Source)
	at ReplyToDiscussion.run(ReplyToDiscussion:68)
	at com.kms.katalon.core.main.ScriptEngine.run(ScriptEngine.java:194)
	at com.kms.katalon.core.main.ScriptEngine.runScriptAsRawText(ScriptEngine.java:119)
	at com.kms.katalon.core.main.TestCaseExecutor.runScript(TestCaseExecutor.java:398)
	at com.kms.katalon.core.main.TestCaseExecutor.doExecute(TestCaseExecutor.java:389)
	at com.kms.katalon.core.main.TestCaseExecutor.processExecutionPhase(TestCaseExecutor.java:368)
	at com.kms.katalon.core.main.TestCaseExecutor.accessMainPhase(TestCaseExecutor.java:360)
	at com.kms.katalon.core.main.TestCaseExecutor.execute(TestCaseExecutor.java:255)
	at com.kms.katalon.core.main.TestSuiteExecutor.accessTestCaseMainPhase(TestSuiteExecutor.java:203)
	at com.kms.katalon.core.main.TestSuiteExecutor.accessTestSuiteMainPhase(TestSuiteExecutor.java:152)
	at com.kms.katalon.core.main.TestSuiteExecutor.execute(TestSuiteExecutor.java:95)
	at com.kms.katalon.core.main.TestCaseMain.startTestSuite(TestCaseMain.java:157)
	at com.kms.katalon.core.main.TestCaseMain$startTestSuite$0.call(Unknown Source)
	at TempTestSuite1620749803594.run(TempTestSuite1620749803594.groovy:39)
Caused by: org.openqa.selenium.InvalidElementStateException: invalid element state
  (Session info: chrome=90.0.4430.93)
Build info: version: '3.141.59', revision: 'e82be7d358', time: '2018-11-14T08:25:53'
System info: host: 'DESKTOP-21F1E8S', ip: '192.168.100.73', os.name: 'Windows 10', os.arch: 'amd64', os.version: '10.0', java.version: '1.8.0_181'
Driver info: com.kms.katalon.selenium.driver.CChromeDriver
Capabilities {acceptInsecureCerts: false, browserName: chrome, browserVersion: 90.0.4430.93, chrome: {chromedriverVersion: 90.0.4430.24 (4c6d850f087da..., userDataDir: C:\Users\moham\AppData\Loca...}, goog:chromeOptions: {debuggerAddress: localhost:32259}, javascriptEnabled: true, networkConnectionEnabled: false, pageLoadStrategy: normal, platform: WINDOWS, platformName: WINDOWS, proxy: Proxy(), setWindowRect: true, strictFileInteractability: false, timeouts: {implicit: 0, pageLoad: 300000, script: 30000}, unhandledPromptBehavior: dismiss and notify, webauthn:extension:largeBlob: true, webauthn:virtualAuthenticators: true}
Session ID: 59dac6795a42461420d6706e293804b9
	at org.openqa.selenium.remote.http.W3CHttpResponseCodec.createException(W3CHttpResponseCodec.java:187)
	at org.openqa.selenium.remote.http.W3CHttpResponseCodec.decode(W3CHttpResponseCodec.java:122)
	at org.openqa.selenium.remote.http.W3CHttpResponseCodec.decode(W3CHttpResponseCodec.java:49)
	at org.openqa.selenium.remote.HttpCommandExecutor.execute(HttpCommandExecutor.java:158)
	at org.openqa.selenium.remote.service.DriverCommandExecutor.execute(DriverCommandExecutor.java:83)
	at org.openqa.selenium.remote.RemoteWebDriver.execute(RemoteWebDriver.java:552)
	at com.kms.katalon.selenium.driver.CChromeDriver.execute(CChromeDriver.java:19)
	at org.openqa.selenium.remote.RemoteWebElement.execute(RemoteWebElement.java:285)
	at org.openqa.selenium.remote.RemoteWebElement.clear(RemoteWebElement.java:124)
	at org.openqa.selenium.support.events.EventFiringWebDriver$EventFiringWebElement.lambda$new$0(EventFiringWebDriver.java:404)
	at com.sun.proxy.$Proxy11.clear(Unknown Source)
	at org.openqa.selenium.support.events.EventFiringWebDriver$EventFiringWebElement.clear(EventFiringWebDriver.java:436)
	at com.kms.katalon.core.webui.keyword.builtin.SetTextKeyword$_setText_closure1.doCall(SetTextKeyword.groovy:53)
	at com.kms.katalon.core.webui.keyword.builtin.SetTextKeyword$_setText_closure1.call(SetTextKeyword.groovy)
	at com.kms.katalon.core.webui.keyword.internal.WebUIKeywordMain.runKeyword(WebUIKeywordMain.groovy:20)
	at com.kms.katalon.core.webui.keyword.builtin.SetTextKeyword.setText(SetTextKeyword.groovy:66)
	at com.kms.katalon.core.webui.keyword.builtin.SetTextKeyword.execute(SetTextKeyword.groovy:37)
	at com.kms.katalon.core.keyword.internal.KeywordExecutor.executeKeywordForPlatform(KeywordExecutor.groovy:73)
	at com.kms.katalon.core.webui.keyword.WebUiBuiltInKeywords.setText(WebUiBuiltInKeywords.groovy:979)
	at com.kms.katalon.core.webui.keyword.WebUiBuiltInKeywords$setText$2.call(Unknown Source)
	at Script1620735473063.run(Script1620735473063.groovy:68)
	... 13 more
)
[[ATTACHMENT|C:\\Users\\moham\\git\\SuCourse_Katalon\\Reports\\20210511_191643\\Interaction\\20210511_191643\\1620750071693.png]]]]></system-out>
         <system-err><![CDATA[2021-05-11 19:20:04 - [TEST_CASE][FAILED] - Test Cases/ReplyToDiscussion: Test Cases/ReplyToDiscussion FAILED.
Reason:
com.kms.katalon.core.exception.StepFailedException: Unable to set text '1 <p>1</p>' of object 'Object Repository/ReplyToDiscussion/Page_CS439-202002 Test Test/div_1 1'
	at com.kms.katalon.core.webui.keyword.internal.WebUIKeywordMain.stepFailed(WebUIKeywordMain.groovy:64)
	at com.kms.katalon.core.webui.keyword.internal.WebUIKeywordMain.runKeyword(WebUIKeywordMain.groovy:26)
	at com.kms.katalon.core.webui.keyword.builtin.SetTextKeyword.setText(SetTextKeyword.groovy:66)
	at com.kms.katalon.core.webui.keyword.builtin.SetTextKeyword.execute(SetTextKeyword.groovy:37)
	at com.kms.katalon.core.keyword.internal.KeywordExecutor.executeKeywordForPlatform(KeywordExecutor.groovy:73)
	at com.kms.katalon.core.webui.keyword.WebUiBuiltInKeywords.setText(WebUiBuiltInKeywords.groovy:979)
	at com.kms.katalon.core.webui.keyword.WebUiBuiltInKeywords$setText$2.call(Unknown Source)
	at ReplyToDiscussion.run(ReplyToDiscussion:68)
	at com.kms.katalon.core.main.ScriptEngine.run(ScriptEngine.java:194)
	at com.kms.katalon.core.main.ScriptEngine.runScriptAsRawText(ScriptEngine.java:119)
	at com.kms.katalon.core.main.TestCaseExecutor.runScript(TestCaseExecutor.java:398)
	at com.kms.katalon.core.main.TestCaseExecutor.doExecute(TestCaseExecutor.java:389)
	at com.kms.katalon.core.main.TestCaseExecutor.processExecutionPhase(TestCaseExecutor.java:368)
	at com.kms.katalon.core.main.TestCaseExecutor.accessMainPhase(TestCaseExecutor.java:360)
	at com.kms.katalon.core.main.TestCaseExecutor.execute(TestCaseExecutor.java:255)
	at com.kms.katalon.core.main.TestSuiteExecutor.accessTestCaseMainPhase(TestSuiteExecutor.java:203)
	at com.kms.katalon.core.main.TestSuiteExecutor.accessTestSuiteMainPhase(TestSuiteExecutor.java:152)
	at com.kms.katalon.core.main.TestSuiteExecutor.execute(TestSuiteExecutor.java:95)
	at com.kms.katalon.core.main.TestCaseMain.startTestSuite(TestCaseMain.java:157)
	at com.kms.katalon.core.main.TestCaseMain$startTestSuite$0.call(Unknown Source)
	at TempTestSuite1620749803594.run(TempTestSuite1620749803594.groovy:39)
Caused by: org.openqa.selenium.InvalidElementStateException: invalid element state
  (Session info: chrome=90.0.4430.93)
Build info: version: '3.141.59', revision: 'e82be7d358', time: '2018-11-14T08:25:53'
System info: host: 'DESKTOP-21F1E8S', ip: '192.168.100.73', os.name: 'Windows 10', os.arch: 'amd64', os.version: '10.0', java.version: '1.8.0_181'
Driver info: com.kms.katalon.selenium.driver.CChromeDriver
Capabilities {acceptInsecureCerts: false, browserName: chrome, browserVersion: 90.0.4430.93, chrome: {chromedriverVersion: 90.0.4430.24 (4c6d850f087da..., userDataDir: C:\Users\moham\AppData\Loca...}, goog:chromeOptions: {debuggerAddress: localhost:32259}, javascriptEnabled: true, networkConnectionEnabled: false, pageLoadStrategy: normal, platform: WINDOWS, platformName: WINDOWS, proxy: Proxy(), setWindowRect: true, strictFileInteractability: false, timeouts: {implicit: 0, pageLoad: 300000, script: 30000}, unhandledPromptBehavior: dismiss and notify, webauthn:extension:largeBlob: true, webauthn:virtualAuthenticators: true}
Session ID: 59dac6795a42461420d6706e293804b9
	at org.openqa.selenium.remote.http.W3CHttpResponseCodec.createException(W3CHttpResponseCodec.java:187)
	at org.openqa.selenium.remote.http.W3CHttpResponseCodec.decode(W3CHttpResponseCodec.java:122)
	at org.openqa.selenium.remote.http.W3CHttpResponseCodec.decode(W3CHttpResponseCodec.java:49)
	at org.openqa.selenium.remote.HttpCommandExecutor.execute(HttpCommandExecutor.java:158)
	at org.openqa.selenium.remote.service.DriverCommandExecutor.execute(DriverCommandExecutor.java:83)
	at org.openqa.selenium.remote.RemoteWebDriver.execute(RemoteWebDriver.java:552)
	at com.kms.katalon.selenium.driver.CChromeDriver.execute(CChromeDriver.java:19)
	at org.openqa.selenium.remote.RemoteWebElement.execute(RemoteWebElement.java:285)
	at org.openqa.selenium.remote.RemoteWebElement.clear(RemoteWebElement.java:124)
	at org.openqa.selenium.support.events.EventFiringWebDriver$EventFiringWebElement.lambda$new$0(EventFiringWebDriver.java:404)
	at com.sun.proxy.$Proxy11.clear(Unknown Source)
	at org.openqa.selenium.support.events.EventFiringWebDriver$EventFiringWebElement.clear(EventFiringWebDriver.java:436)
	at com.kms.katalon.core.webui.keyword.builtin.SetTextKeyword$_setText_closure1.doCall(SetTextKeyword.groovy:53)
	at com.kms.katalon.core.webui.keyword.builtin.SetTextKeyword$_setText_closure1.call(SetTextKeyword.groovy)
	at com.kms.katalon.core.webui.keyword.internal.WebUIKeywordMain.runKeyword(WebUIKeywordMain.groovy:20)
	... 19 more]]></system-err>
      </testcase>
      <testcase name="Test Cases/ManagePrivateFiles" time="64.149" classname="Test Cases/ManagePrivateFiles" status="PASSED">
         <system-out><![CDATA[2021-05-11 19:21:11 - [TEST_CASE][PASSED] - Test Cases/ManagePrivateFiles: Test Cases/ManagePrivateFiles

2021-05-11 19:21:12 - [TEST_STEP][PASSED] - openBrowser(""): Browser is opened with url: ''

2021-05-11 19:21:12 - [MESSAGE][WARNING] - A browser is already opened. Closing browser and opening a new one

2021-05-11 19:21:13 - [MESSAGE][INFO] - Starting 'Chrome' driver

2021-05-11 19:21:13 - [MESSAGE][INFO] - Action delay is set to 0 milliseconds

2021-05-11 19:21:15 - [MESSAGE][PASSED] - Browser is opened with url: ''

2021-05-11 19:21:15 - [TEST_STEP][PASSED] - navigateToUrl("https://sucourse.sabanciuniv.edu/plus/"): Navigate to 'https://sucourse.sabanciuniv.edu/plus/' successfully

2021-05-11 19:21:19 - [MESSAGE][PASSED] - Navigate to 'https://sucourse.sabanciuniv.edu/plus/' successfully

2021-05-11 19:21:19 - [TEST_STEP][PASSED] - delay(1): Delayed 1 second(s)

2021-05-11 19:21:20 - [MESSAGE][PASSED] - Delayed 1 second(s)

2021-05-11 19:21:20 - [TEST_STEP][PASSED] - click(findTestObject("Object Repository/ManagePrivateFiles/Page_SUCourse/a_Login")): Object: 'Object Repository/ManagePrivateFiles/Page_SUCourse/a_Login' is clicked on

2021-05-11 19:21:21 - [MESSAGE][PASSED] - Object: 'Object Repository/ManagePrivateFiles/Page_SUCourse/a_Login' is clicked on

2021-05-11 19:21:21 - [TEST_STEP][PASSED] - delay(1): Delayed 1 second(s)

2021-05-11 19:21:22 - [MESSAGE][PASSED] - Delayed 1 second(s)

2021-05-11 19:21:22 - [TEST_STEP][PASSED] - click(findTestObject("Object Repository/ManagePrivateFiles/Page_SUCourse Authentication choice/a_SUNet users (Sabanc University members)")): Object: 'Object Repository/ManagePrivateFiles/Page_SUCourse Authentication choice/a_SUNet users (Sabanc University members)' is clicked on

2021-05-11 19:21:24 - [MESSAGE][PASSED] - Object: 'Object Repository/ManagePrivateFiles/Page_SUCourse Authentication choice/a_SUNet users (Sabanc University members)' is clicked on

2021-05-11 19:21:24 - [TEST_STEP][PASSED] - delay(1): Delayed 1 second(s)

2021-05-11 19:21:25 - [MESSAGE][PASSED] - Delayed 1 second(s)

2021-05-11 19:21:25 - [TEST_STEP][PASSED] - setText(findTestObject("Object Repository/ManagePrivateFiles/Page_Login - CAS  Central Authentication Service/input_U_username"), "mohamedkassem"): Text 'mohamedkassem' is set on object 'Object Repository/ManagePrivateFiles/Page_Login - CAS  Central Authentication Service/input_U_username'

2021-05-11 19:21:26 - [MESSAGE][PASSED] - Text 'mohamedkassem' is set on object 'Object Repository/ManagePrivateFiles/Page_Login - CAS  Central Authentication Service/input_U_username'

2021-05-11 19:21:26 - [TEST_STEP][PASSED] - delay(1): Delayed 1 second(s)

2021-05-11 19:21:27 - [MESSAGE][PASSED] - Delayed 1 second(s)

2021-05-11 19:21:27 - [TEST_STEP][PASSED] - setEncryptedText(findTestObject("Object Repository/ManagePrivateFiles/Page_Login - CAS  Central Authentication Service/input_P_password"), "lsh4UT/KYs157Zjg3xgr3w=="): Text ****** has been set on object 'Object Repository/ManagePrivateFiles/Page_Login - CAS  Central Authentication Service/input_P_password'

2021-05-11 19:21:28 - [MESSAGE][PASSED] - Text ****** has been set on object 'Object Repository/ManagePrivateFiles/Page_Login - CAS  Central Authentication Service/input_P_password'

2021-05-11 19:21:28 - [TEST_STEP][PASSED] - delay(1): Delayed 1 second(s)

2021-05-11 19:21:29 - [MESSAGE][PASSED] - Delayed 1 second(s)

2021-05-11 19:21:29 - [TEST_STEP][PASSED] - click(findTestObject("Object Repository/ManagePrivateFiles/Page_Login - CAS  Central Authentication Service/input_Remember Me_submit")): Object: 'Object Repository/ManagePrivateFiles/Page_Login - CAS  Central Authentication Service/input_Remember Me_submit' is clicked on

2021-05-11 19:21:32 - [MESSAGE][PASSED] - Object: 'Object Repository/ManagePrivateFiles/Page_Login - CAS  Central Authentication Service/input_Remember Me_submit' is clicked on

2021-05-11 19:21:32 - [TEST_STEP][PASSED] - delay(1): Delayed 1 second(s)

2021-05-11 19:21:33 - [MESSAGE][PASSED] - Delayed 1 second(s)

2021-05-11 19:21:33 - [TEST_STEP][PASSED] - click(findTestObject("Object Repository/ManagePrivateFiles/Page_Dashboard/a_Manage private files")): Object: 'Object Repository/ManagePrivateFiles/Page_Dashboard/a_Manage private files' is clicked on

2021-05-11 19:22:05 - [MESSAGE][INFO] - Unable to find the element located by 'By.xpath: //div[@id='inst52703']/div[2]/div[2]/a'. Please recheck the objects properties to make sure the desired element is located. 

2021-05-11 19:22:05 - [MESSAGE][WARNING] - [SELF-HEALING] Failed to find element with id 'Object Repository/ManagePrivateFiles/Page_Dashboard/a_Manage private files'. Try using Self-healing.

2021-05-11 19:22:05 - [MESSAGE][INFO] - [SELF-HEALING] Failed Locator: '//div[@id='inst52703']/div[2]/div[2]/a'.

2021-05-11 19:22:05 - [MESSAGE][INFO] - [SELF-HEALING] Working Locator: '//a[contains(text(),'Manage private files...')]'.

2021-05-11 19:22:05 - [MESSAGE][INFO] - [SELF-HEALING] Screenshot: C:/Users/moham/git/SuCourse_Katalon/Reports/Self-healing/Object Repository/ManagePrivateFiles/Page_Dashboard/a_Manage private files_link.png

2021-05-11 19:22:05 - [MESSAGE][WARNING] - [SELF-HEALING] The current locator of test object 'Object Repository/ManagePrivateFiles/Page_Dashboard/a_Manage private files' was broken. Propose an alternative one: '//a[contains(text(),'Manage private files...')]'.

2021-05-11 19:22:07 - [MESSAGE][PASSED] - Object: 'Object Repository/ManagePrivateFiles/Page_Dashboard/a_Manage private files' is clicked on

2021-05-11 19:22:07 - [TEST_STEP][PASSED] - delay(1): Delayed 1 second(s)

2021-05-11 19:22:08 - [MESSAGE][PASSED] - Delayed 1 second(s)

2021-05-11 19:22:08 - [TEST_STEP][PASSED] - click(findTestObject("Object Repository/ManagePrivateFiles/Page_Private files/img_- drag and drop not supported_icon")): Object: 'Object Repository/ManagePrivateFiles/Page_Private files/img_- drag and drop not supported_icon' is clicked on

2021-05-11 19:22:09 - [MESSAGE][PASSED] - Object: 'Object Repository/ManagePrivateFiles/Page_Private files/img_- drag and drop not supported_icon' is clicked on

2021-05-11 19:22:09 - [TEST_STEP][PASSED] - delay(1): Delayed 1 second(s)

2021-05-11 19:22:10 - [MESSAGE][PASSED] - Delayed 1 second(s)

2021-05-11 19:22:10 - [TEST_STEP][PASSED] - click(findTestObject("Object Repository/ManagePrivateFiles/Page_Private files/span_Recent files")): Object: 'Object Repository/ManagePrivateFiles/Page_Private files/span_Recent files' is clicked on

2021-05-11 19:22:10 - [MESSAGE][PASSED] - Object: 'Object Repository/ManagePrivateFiles/Page_Private files/span_Recent files' is clicked on

2021-05-11 19:22:10 - [TEST_STEP][PASSED] - delay(1): Delayed 1 second(s)

2021-05-11 19:22:11 - [MESSAGE][PASSED] - Delayed 1 second(s)

2021-05-11 19:22:11 - [TEST_STEP][PASSED] - click(findTestObject("Object Repository/ManagePrivateFiles/Page_Private files/div_Google Drive_yui_3_17_2_1_1620741094394_1302")): Object: 'Object Repository/ManagePrivateFiles/Page_Private files/div_Google Drive_yui_3_17_2_1_1620741094394_1302' is clicked on

2021-05-11 19:22:12 - [MESSAGE][PASSED] - Object: 'Object Repository/ManagePrivateFiles/Page_Private files/div_Google Drive_yui_3_17_2_1_1620741094394_1302' is clicked on

2021-05-11 19:22:12 - [TEST_STEP][PASSED] - delay(1): Delayed 1 second(s)

2021-05-11 19:22:13 - [MESSAGE][PASSED] - Delayed 1 second(s)

2021-05-11 19:22:13 - [TEST_STEP][PASSED] - click(findTestObject("Object Repository/ManagePrivateFiles/Page_Private files/button_Select this file")): Object: 'Object Repository/ManagePrivateFiles/Page_Private files/button_Select this file' is clicked on

2021-05-11 19:22:13 - [MESSAGE][PASSED] - Object: 'Object Repository/ManagePrivateFiles/Page_Private files/button_Select this file' is clicked on

2021-05-11 19:22:13 - [TEST_STEP][PASSED] - delay(1): Delayed 1 second(s)

2021-05-11 19:22:14 - [MESSAGE][PASSED] - Delayed 1 second(s)

2021-05-11 19:22:14 - [TEST_STEP][PASSED] - closeBrowser(): Browser is closed

2021-05-11 19:22:15 - [MESSAGE][PASSED] - Browser is closed]]></system-out>
         <system-err><![CDATA[]]></system-err>
      </testcase>
      <testcase name="Test Cases/SearchBar(SearchForCS439)" time="31.432" classname="Test Cases/SearchBar(SearchForCS439)" status="PASSED">
         <system-out><![CDATA[2021-05-11 19:22:16 - [TEST_CASE][PASSED] - Test Cases/SearchBar(SearchForCS439): Test Cases/SearchBar(SearchForCS439)

2021-05-11 19:22:16 - [TEST_STEP][PASSED] - openBrowser(""): Browser is opened with url: ''

2021-05-11 19:22:16 - [MESSAGE][INFO] - Starting 'Chrome' driver

2021-05-11 19:22:16 - [MESSAGE][INFO] - Action delay is set to 0 milliseconds

2021-05-11 19:22:18 - [MESSAGE][PASSED] - Browser is opened with url: ''

2021-05-11 19:22:18 - [TEST_STEP][PASSED] - navigateToUrl("https://sucourse.sabanciuniv.edu/plus/"): Navigate to 'https://sucourse.sabanciuniv.edu/plus/' successfully

2021-05-11 19:22:23 - [MESSAGE][PASSED] - Navigate to 'https://sucourse.sabanciuniv.edu/plus/' successfully

2021-05-11 19:22:23 - [TEST_STEP][PASSED] - delay(1): Delayed 1 second(s)

2021-05-11 19:22:24 - [MESSAGE][PASSED] - Delayed 1 second(s)

2021-05-11 19:22:24 - [TEST_STEP][PASSED] - click(findTestObject("Object Repository/SearchBar(SearchForCS439)/Page_SUCourse/a_Login")): Object: 'Object Repository/SearchBar(SearchForCS439)/Page_SUCourse/a_Login' is clicked on

2021-05-11 19:22:25 - [MESSAGE][PASSED] - Object: 'Object Repository/SearchBar(SearchForCS439)/Page_SUCourse/a_Login' is clicked on

2021-05-11 19:22:25 - [TEST_STEP][PASSED] - delay(1): Delayed 1 second(s)

2021-05-11 19:22:26 - [MESSAGE][PASSED] - Delayed 1 second(s)

2021-05-11 19:22:26 - [TEST_STEP][PASSED] - click(findTestObject("Object Repository/SearchBar(SearchForCS439)/Page_SUCourse Authentication choice/a_SUNet users (Sabanc University members)")): Object: 'Object Repository/SearchBar(SearchForCS439)/Page_SUCourse Authentication choice/a_SUNet users (Sabanc University members)' is clicked on

2021-05-11 19:22:28 - [MESSAGE][PASSED] - Object: 'Object Repository/SearchBar(SearchForCS439)/Page_SUCourse Authentication choice/a_SUNet users (Sabanc University members)' is clicked on

2021-05-11 19:22:28 - [TEST_STEP][PASSED] - delay(1): Delayed 1 second(s)

2021-05-11 19:22:29 - [MESSAGE][PASSED] - Delayed 1 second(s)

2021-05-11 19:22:29 - [TEST_STEP][PASSED] - setText(findTestObject("Object Repository/SearchBar(SearchForCS439)/Page_Login - CAS  Central Authentication Service/input_U_username"), "mohamedkassem"): Text 'mohamedkassem' is set on object 'Object Repository/SearchBar(SearchForCS439)/Page_Login - CAS  Central Authentication Service/input_U_username'

2021-05-11 19:22:30 - [MESSAGE][PASSED] - Text 'mohamedkassem' is set on object 'Object Repository/SearchBar(SearchForCS439)/Page_Login - CAS  Central Authentication Service/input_U_username'

2021-05-11 19:22:30 - [TEST_STEP][PASSED] - delay(1): Delayed 1 second(s)

2021-05-11 19:22:31 - [MESSAGE][PASSED] - Delayed 1 second(s)

2021-05-11 19:22:31 - [TEST_STEP][PASSED] - setEncryptedText(findTestObject("Object Repository/SearchBar(SearchForCS439)/Page_Login - CAS  Central Authentication Service/input_P_password"), "lsh4UT/KYs157Zjg3xgr3w=="): Text ****** has been set on object 'Object Repository/SearchBar(SearchForCS439)/Page_Login - CAS  Central Authentication Service/input_P_password'

2021-05-11 19:22:31 - [MESSAGE][PASSED] - Text ****** has been set on object 'Object Repository/SearchBar(SearchForCS439)/Page_Login - CAS  Central Authentication Service/input_P_password'

2021-05-11 19:22:31 - [TEST_STEP][PASSED] - delay(1): Delayed 1 second(s)

2021-05-11 19:22:33 - [MESSAGE][PASSED] - Delayed 1 second(s)

2021-05-11 19:22:33 - [TEST_STEP][PASSED] - click(findTestObject("Object Repository/SearchBar(SearchForCS439)/Page_Login - CAS  Central Authentication Service/input_P_rememberMe")): Object: 'Object Repository/SearchBar(SearchForCS439)/Page_Login - CAS  Central Authentication Service/input_P_rememberMe' is clicked on

2021-05-11 19:22:33 - [MESSAGE][PASSED] - Object: 'Object Repository/SearchBar(SearchForCS439)/Page_Login - CAS  Central Authentication Service/input_P_rememberMe' is clicked on

2021-05-11 19:22:33 - [TEST_STEP][PASSED] - delay(1): Delayed 1 second(s)

2021-05-11 19:22:34 - [MESSAGE][PASSED] - Delayed 1 second(s)

2021-05-11 19:22:34 - [TEST_STEP][PASSED] - click(findTestObject("Object Repository/SearchBar(SearchForCS439)/Page_Login - CAS  Central Authentication Service/input_Remember Me_submit")): Object: 'Object Repository/SearchBar(SearchForCS439)/Page_Login - CAS  Central Authentication Service/input_Remember Me_submit' is clicked on

2021-05-11 19:22:36 - [MESSAGE][PASSED] - Object: 'Object Repository/SearchBar(SearchForCS439)/Page_Login - CAS  Central Authentication Service/input_Remember Me_submit' is clicked on

2021-05-11 19:22:36 - [TEST_STEP][PASSED] - delay(1): Delayed 1 second(s)

2021-05-11 19:22:37 - [MESSAGE][PASSED] - Delayed 1 second(s)

2021-05-11 19:22:37 - [TEST_STEP][PASSED] - setText(findTestObject("Object Repository/SearchBar(SearchForCS439)/Page_Dashboard/input_Search courses_search"), "CS439"): Text 'CS439' is set on object 'Object Repository/SearchBar(SearchForCS439)/Page_Dashboard/input_Search courses_search'

2021-05-11 19:22:39 - [MESSAGE][PASSED] - Text 'CS439' is set on object 'Object Repository/SearchBar(SearchForCS439)/Page_Dashboard/input_Search courses_search'

2021-05-11 19:22:39 - [TEST_STEP][PASSED] - delay(1): Delayed 1 second(s)

2021-05-11 19:22:40 - [MESSAGE][PASSED] - Delayed 1 second(s)

2021-05-11 19:22:40 - [TEST_STEP][PASSED] - click(findTestObject("Object Repository/SearchBar(SearchForCS439)/Page_Dashboard/button_Submit")): Object: 'Object Repository/SearchBar(SearchForCS439)/Page_Dashboard/button_Submit' is clicked on

2021-05-11 19:22:41 - [MESSAGE][PASSED] - Object: 'Object Repository/SearchBar(SearchForCS439)/Page_Dashboard/button_Submit' is clicked on

2021-05-11 19:22:41 - [TEST_STEP][PASSED] - delay(1): Delayed 1 second(s)

2021-05-11 19:22:42 - [MESSAGE][PASSED] - Delayed 1 second(s)

2021-05-11 19:22:42 - [TEST_STEP][PASSED] - click(findTestObject("Object Repository/SearchBar(SearchForCS439)/Page_SUCourse  Search results/a_Click to enter this course")): Object: 'Object Repository/SearchBar(SearchForCS439)/Page_SUCourse  Search results/a_Click to enter this course' is clicked on

2021-05-11 19:22:44 - [MESSAGE][PASSED] - Object: 'Object Repository/SearchBar(SearchForCS439)/Page_SUCourse  Search results/a_Click to enter this course' is clicked on

2021-05-11 19:22:44 - [TEST_STEP][PASSED] - delay(2): Delayed 2 second(s)

2021-05-11 19:22:46 - [MESSAGE][PASSED] - Delayed 2 second(s)

2021-05-11 19:22:46 - [TEST_STEP][PASSED] - closeBrowser(): Browser is closed

2021-05-11 19:22:47 - [MESSAGE][PASSED] - Browser is closed]]></system-out>
         <system-err><![CDATA[]]></system-err>
      </testcase>
      <testcase name="Test Cases/CustomizeThisPage(Dashboard)" time="30.772" classname="Test Cases/CustomizeThisPage(Dashboard)" status="FAILED">
         <failure type="FAILED" message="Test Cases/CustomizeThisPage(Dashboard) FAILED.
Reason:
com.kms.katalon.core.exception.StepFailedException: Unable to select option by value 'globalsearch' of object 'Object Repository/CustomizeThisPage(Dashboard)/Page_Dashboard/select_Add...                    Comments  _88d1be'  using regular expression
	at com.kms.katalon.core.webui.keyword.internal.WebUIKeywordMain.stepFailed(WebUIKeywordMain.groovy:64)
	at com.kms.katalon.core.webui.keyword.internal.WebUIKeywordMain.runKeyword(WebUIKeywordMain.groovy:26)
	at com.kms.katalon.core.webui.keyword.builtin.SelectOptionByValueKeyword.selectOptionByValue(SelectOptionByValueKeyword.groovy:99)
	at com.kms.katalon.core.webui.keyword.builtin.SelectOptionByValueKeyword.execute(SelectOptionByValueKeyword.groovy:71)
	at com.kms.katalon.core.keyword.internal.KeywordExecutor.executeKeywordForPlatform(KeywordExecutor.groovy:73)
	at com.kms.katalon.core.webui.keyword.WebUiBuiltInKeywords.selectOptionByValue(WebUiBuiltInKeywords.groovy:1167)
	at com.kms.katalon.core.webui.keyword.WebUiBuiltInKeywords$selectOptionByValue$6.call(Unknown Source)
	at CustomizeThisPage(Dashboard).run(CustomizeThisPage(Dashboard):60)
	at com.kms.katalon.core.main.ScriptEngine.run(ScriptEngine.java:194)
	at com.kms.katalon.core.main.ScriptEngine.runScriptAsRawText(ScriptEngine.java:119)
	at com.kms.katalon.core.main.TestCaseExecutor.runScript(TestCaseExecutor.java:398)
	at com.kms.katalon.core.main.TestCaseExecutor.doExecute(TestCaseExecutor.java:389)
	at com.kms.katalon.core.main.TestCaseExecutor.processExecutionPhase(TestCaseExecutor.java:368)
	at com.kms.katalon.core.main.TestCaseExecutor.accessMainPhase(TestCaseExecutor.java:360)
	at com.kms.katalon.core.main.TestCaseExecutor.execute(TestCaseExecutor.java:255)
	at com.kms.katalon.core.main.TestSuiteExecutor.accessTestCaseMainPhase(TestSuiteExecutor.java:203)
	at com.kms.katalon.core.main.TestSuiteExecutor.accessTestSuiteMainPhase(TestSuiteExecutor.java:152)
	at com.kms.katalon.core.main.TestSuiteExecutor.execute(TestSuiteExecutor.java:95)
	at com.kms.katalon.core.main.TestCaseMain.startTestSuite(TestCaseMain.java:157)
	at com.kms.katalon.core.main.TestCaseMain$startTestSuite$0.call(Unknown Source)
	at TempTestSuite1620749803594.run(TempTestSuite1620749803594.groovy:39)
Caused by: org.openqa.selenium.StaleElementReferenceException: stale element reference: element is not attached to the page document
  (Session info: chrome=90.0.4430.93)
For documentation on this error, please visit: https://www.seleniumhq.org/exceptions/stale_element_reference.html
Build info: version: '3.141.59', revision: 'e82be7d358', time: '2018-11-14T08:25:53'
System info: host: 'DESKTOP-21F1E8S', ip: '192.168.100.73', os.name: 'Windows 10', os.arch: 'amd64', os.version: '10.0', java.version: '1.8.0_181'
Driver info: com.kms.katalon.selenium.driver.CChromeDriver
Capabilities {acceptInsecureCerts: false, browserName: chrome, browserVersion: 90.0.4430.93, chrome: {chromedriverVersion: 90.0.4430.24 (4c6d850f087da..., userDataDir: C:\Users\moham\AppData\Loca...}, goog:chromeOptions: {debuggerAddress: localhost:32532}, javascriptEnabled: true, networkConnectionEnabled: false, pageLoadStrategy: normal, platform: WINDOWS, platformName: WINDOWS, proxy: Proxy(), setWindowRect: true, strictFileInteractability: false, timeouts: {implicit: 0, pageLoad: 300000, script: 30000}, unhandledPromptBehavior: dismiss and notify, webauthn:extension:largeBlob: true, webauthn:virtualAuthenticators: true}
Session ID: 0135ae001446f341ab135fc9396d8b44
	at org.openqa.selenium.remote.http.W3CHttpResponseCodec.createException(W3CHttpResponseCodec.java:187)
	at org.openqa.selenium.remote.http.W3CHttpResponseCodec.decode(W3CHttpResponseCodec.java:122)
	at org.openqa.selenium.remote.http.W3CHttpResponseCodec.decode(W3CHttpResponseCodec.java:49)
	at org.openqa.selenium.remote.HttpCommandExecutor.execute(HttpCommandExecutor.java:158)
	at org.openqa.selenium.remote.service.DriverCommandExecutor.execute(DriverCommandExecutor.java:83)
	at org.openqa.selenium.remote.RemoteWebDriver.execute(RemoteWebDriver.java:552)
	at com.kms.katalon.selenium.driver.CChromeDriver.execute(CChromeDriver.java:19)
	at org.openqa.selenium.remote.RemoteWebElement.execute(RemoteWebElement.java:285)
	at org.openqa.selenium.remote.RemoteWebElement.getAttribute(RemoteWebElement.java:134)
	at org.openqa.selenium.support.events.EventFiringWebDriver$EventFiringWebElement.lambda$new$0(EventFiringWebDriver.java:404)
	at com.sun.proxy.$Proxy11.getAttribute(Unknown Source)
	at org.openqa.selenium.support.events.EventFiringWebDriver$EventFiringWebElement.getAttribute(EventFiringWebDriver.java:447)
	at com.kms.katalon.core.webui.common.WebUiCommonHelper.selectOrDeselectOptionsByValueByRegularExpression(WebUiCommonHelper.java:279)
	at com.kms.katalon.core.webui.common.WebUiCommonHelper.selectOrDeselectOptionsByValue(WebUiCommonHelper.java:263)
	at com.kms.katalon.core.webui.keyword.builtin.SelectOptionByValueKeyword$_selectOptionByValue_closure1.doCall(SelectOptionByValueKeyword.groovy:88)
	at com.kms.katalon.core.webui.keyword.builtin.SelectOptionByValueKeyword$_selectOptionByValue_closure1.call(SelectOptionByValueKeyword.groovy)
	at com.kms.katalon.core.webui.keyword.internal.WebUIKeywordMain.runKeyword(WebUIKeywordMain.groovy:20)
	... 19 more
"/>
         <system-out><![CDATA[2021-05-11 19:22:47 - [TEST_CASE][FAILED] - Test Cases/CustomizeThisPage(Dashboard): Test Cases/CustomizeThisPage(Dashboard) FAILED.
Reason:
com.kms.katalon.core.exception.StepFailedException: Unable to select option by value 'globalsearch' of object 'Object Repository/CustomizeThisPage(Dashboard)/Page_Dashboard/select_Add...                    Comments  _88d1be'  using regular expression
	at com.kms.katalon.core.webui.keyword.internal.WebUIKeywordMain.stepFailed(WebUIKeywordMain.groovy:64)
	at com.kms.katalon.core.webui.keyword.internal.WebUIKeywordMain.runKeyword(WebUIKeywordMain.groovy:26)
	at com.kms.katalon.core.webui.keyword.builtin.SelectOptionByValueKeyword.selectOptionByValue(SelectOptionByValueKeyword.groovy:99)
	at com.kms.katalon.core.webui.keyword.builtin.SelectOptionByValueKeyword.execute(SelectOptionByValueKeyword.groovy:71)
	at com.kms.katalon.core.keyword.internal.KeywordExecutor.executeKeywordForPlatform(KeywordExecutor.groovy:73)
	at com.kms.katalon.core.webui.keyword.WebUiBuiltInKeywords.selectOptionByValue(WebUiBuiltInKeywords.groovy:1167)
	at com.kms.katalon.core.webui.keyword.WebUiBuiltInKeywords$selectOptionByValue$6.call(Unknown Source)
	at CustomizeThisPage(Dashboard).run(CustomizeThisPage(Dashboard):60)
	at com.kms.katalon.core.main.ScriptEngine.run(ScriptEngine.java:194)
	at com.kms.katalon.core.main.ScriptEngine.runScriptAsRawText(ScriptEngine.java:119)
	at com.kms.katalon.core.main.TestCaseExecutor.runScript(TestCaseExecutor.java:398)
	at com.kms.katalon.core.main.TestCaseExecutor.doExecute(TestCaseExecutor.java:389)
	at com.kms.katalon.core.main.TestCaseExecutor.processExecutionPhase(TestCaseExecutor.java:368)
	at com.kms.katalon.core.main.TestCaseExecutor.accessMainPhase(TestCaseExecutor.java:360)
	at com.kms.katalon.core.main.TestCaseExecutor.execute(TestCaseExecutor.java:255)
	at com.kms.katalon.core.main.TestSuiteExecutor.accessTestCaseMainPhase(TestSuiteExecutor.java:203)
	at com.kms.katalon.core.main.TestSuiteExecutor.accessTestSuiteMainPhase(TestSuiteExecutor.java:152)
	at com.kms.katalon.core.main.TestSuiteExecutor.execute(TestSuiteExecutor.java:95)
	at com.kms.katalon.core.main.TestCaseMain.startTestSuite(TestCaseMain.java:157)
	at com.kms.katalon.core.main.TestCaseMain$startTestSuite$0.call(Unknown Source)
	at TempTestSuite1620749803594.run(TempTestSuite1620749803594.groovy:39)
Caused by: org.openqa.selenium.StaleElementReferenceException: stale element reference: element is not attached to the page document
  (Session info: chrome=90.0.4430.93)
For documentation on this error, please visit: https://www.seleniumhq.org/exceptions/stale_element_reference.html
Build info: version: '3.141.59', revision: 'e82be7d358', time: '2018-11-14T08:25:53'
System info: host: 'DESKTOP-21F1E8S', ip: '192.168.100.73', os.name: 'Windows 10', os.arch: 'amd64', os.version: '10.0', java.version: '1.8.0_181'
Driver info: com.kms.katalon.selenium.driver.CChromeDriver
Capabilities {acceptInsecureCerts: false, browserName: chrome, browserVersion: 90.0.4430.93, chrome: {chromedriverVersion: 90.0.4430.24 (4c6d850f087da..., userDataDir: C:\Users\moham\AppData\Loca...}, goog:chromeOptions: {debuggerAddress: localhost:32532}, javascriptEnabled: true, networkConnectionEnabled: false, pageLoadStrategy: normal, platform: WINDOWS, platformName: WINDOWS, proxy: Proxy(), setWindowRect: true, strictFileInteractability: false, timeouts: {implicit: 0, pageLoad: 300000, script: 30000}, unhandledPromptBehavior: dismiss and notify, webauthn:extension:largeBlob: true, webauthn:virtualAuthenticators: true}
Session ID: 0135ae001446f341ab135fc9396d8b44
	at org.openqa.selenium.remote.http.W3CHttpResponseCodec.createException(W3CHttpResponseCodec.java:187)
	at org.openqa.selenium.remote.http.W3CHttpResponseCodec.decode(W3CHttpResponseCodec.java:122)
	at org.openqa.selenium.remote.http.W3CHttpResponseCodec.decode(W3CHttpResponseCodec.java:49)
	at org.openqa.selenium.remote.HttpCommandExecutor.execute(HttpCommandExecutor.java:158)
	at org.openqa.selenium.remote.service.DriverCommandExecutor.execute(DriverCommandExecutor.java:83)
	at org.openqa.selenium.remote.RemoteWebDriver.execute(RemoteWebDriver.java:552)
	at com.kms.katalon.selenium.driver.CChromeDriver.execute(CChromeDriver.java:19)
	at org.openqa.selenium.remote.RemoteWebElement.execute(RemoteWebElement.java:285)
	at org.openqa.selenium.remote.RemoteWebElement.getAttribute(RemoteWebElement.java:134)
	at org.openqa.selenium.support.events.EventFiringWebDriver$EventFiringWebElement.lambda$new$0(EventFiringWebDriver.java:404)
	at com.sun.proxy.$Proxy11.getAttribute(Unknown Source)
	at org.openqa.selenium.support.events.EventFiringWebDriver$EventFiringWebElement.getAttribute(EventFiringWebDriver.java:447)
	at com.kms.katalon.core.webui.common.WebUiCommonHelper.selectOrDeselectOptionsByValueByRegularExpression(WebUiCommonHelper.java:279)
	at com.kms.katalon.core.webui.common.WebUiCommonHelper.selectOrDeselectOptionsByValue(WebUiCommonHelper.java:263)
	at com.kms.katalon.core.webui.keyword.builtin.SelectOptionByValueKeyword$_selectOptionByValue_closure1.doCall(SelectOptionByValueKeyword.groovy:88)
	at com.kms.katalon.core.webui.keyword.builtin.SelectOptionByValueKeyword$_selectOptionByValue_closure1.call(SelectOptionByValueKeyword.groovy)
	at com.kms.katalon.core.webui.keyword.internal.WebUIKeywordMain.runKeyword(WebUIKeywordMain.groovy:20)
	... 19 more


2021-05-11 19:22:48 - [TEST_STEP][PASSED] - openBrowser(""): Browser is opened with url: ''

2021-05-11 19:22:48 - [MESSAGE][INFO] - Starting 'Chrome' driver

2021-05-11 19:22:48 - [MESSAGE][INFO] - Action delay is set to 0 milliseconds

2021-05-11 19:22:50 - [MESSAGE][PASSED] - Browser is opened with url: ''

2021-05-11 19:22:50 - [TEST_STEP][PASSED] - navigateToUrl("https://sucourse.sabanciuniv.edu/plus/"): Navigate to 'https://sucourse.sabanciuniv.edu/plus/' successfully

2021-05-11 19:22:53 - [MESSAGE][PASSED] - Navigate to 'https://sucourse.sabanciuniv.edu/plus/' successfully

2021-05-11 19:22:53 - [TEST_STEP][PASSED] - delay(1): Delayed 1 second(s)

2021-05-11 19:22:54 - [MESSAGE][PASSED] - Delayed 1 second(s)

2021-05-11 19:22:54 - [TEST_STEP][PASSED] - click(findTestObject("Object Repository/CustomizeThisPage(Dashboard)/Page_SUCourse/a_Login")): Object: 'Object Repository/CustomizeThisPage(Dashboard)/Page_SUCourse/a_Login' is clicked on

2021-05-11 19:22:56 - [MESSAGE][PASSED] - Object: 'Object Repository/CustomizeThisPage(Dashboard)/Page_SUCourse/a_Login' is clicked on

2021-05-11 19:22:56 - [TEST_STEP][PASSED] - delay(1): Delayed 1 second(s)

2021-05-11 19:22:57 - [MESSAGE][PASSED] - Delayed 1 second(s)

2021-05-11 19:22:57 - [TEST_STEP][PASSED] - click(findTestObject("Object Repository/CustomizeThisPage(Dashboard)/Page_SUCourse Authentication choice/a_SUNet users (Sabanc University members)")): Object: 'Object Repository/CustomizeThisPage(Dashboard)/Page_SUCourse Authentication choice/a_SUNet users (Sabanc University members)' is clicked on

2021-05-11 19:22:59 - [MESSAGE][PASSED] - Object: 'Object Repository/CustomizeThisPage(Dashboard)/Page_SUCourse Authentication choice/a_SUNet users (Sabanc University members)' is clicked on

2021-05-11 19:22:59 - [TEST_STEP][PASSED] - delay(1): Delayed 1 second(s)

2021-05-11 19:23:00 - [MESSAGE][PASSED] - Delayed 1 second(s)

2021-05-11 19:23:00 - [TEST_STEP][PASSED] - setText(findTestObject("Object Repository/CustomizeThisPage(Dashboard)/Page_Login - CAS  Central Authentication Service/input_U_username"), "mohamedkassem"): Text 'mohamedkassem' is set on object 'Object Repository/CustomizeThisPage(Dashboard)/Page_Login - CAS  Central Authentication Service/input_U_username'

2021-05-11 19:23:01 - [MESSAGE][PASSED] - Text 'mohamedkassem' is set on object 'Object Repository/CustomizeThisPage(Dashboard)/Page_Login - CAS  Central Authentication Service/input_U_username'

2021-05-11 19:23:01 - [TEST_STEP][PASSED] - delay(1): Delayed 1 second(s)

2021-05-11 19:23:02 - [MESSAGE][PASSED] - Delayed 1 second(s)

2021-05-11 19:23:02 - [TEST_STEP][PASSED] - setEncryptedText(findTestObject("Object Repository/CustomizeThisPage(Dashboard)/Page_Login - CAS  Central Authentication Service/input_P_password"), "lsh4UT/KYs157Zjg3xgr3w=="): Text ****** has been set on object 'Object Repository/CustomizeThisPage(Dashboard)/Page_Login - CAS  Central Authentication Service/input_P_password'

2021-05-11 19:23:02 - [MESSAGE][PASSED] - Text ****** has been set on object 'Object Repository/CustomizeThisPage(Dashboard)/Page_Login - CAS  Central Authentication Service/input_P_password'

2021-05-11 19:23:02 - [TEST_STEP][PASSED] - delay(1): Delayed 1 second(s)

2021-05-11 19:23:03 - [MESSAGE][PASSED] - Delayed 1 second(s)

2021-05-11 19:23:03 - [TEST_STEP][PASSED] - click(findTestObject("Object Repository/CustomizeThisPage(Dashboard)/Page_Login - CAS  Central Authentication Service/input_Remember Me_submit")): Object: 'Object Repository/CustomizeThisPage(Dashboard)/Page_Login - CAS  Central Authentication Service/input_Remember Me_submit' is clicked on

2021-05-11 19:23:06 - [MESSAGE][PASSED] - Object: 'Object Repository/CustomizeThisPage(Dashboard)/Page_Login - CAS  Central Authentication Service/input_Remember Me_submit' is clicked on

2021-05-11 19:23:06 - [TEST_STEP][PASSED] - delay(1): Delayed 1 second(s)

2021-05-11 19:23:07 - [MESSAGE][PASSED] - Delayed 1 second(s)

2021-05-11 19:23:07 - [TEST_STEP][PASSED] - click(findTestObject("Object Repository/CustomizeThisPage(Dashboard)/Page_Dashboard/input")): Object: 'Object Repository/CustomizeThisPage(Dashboard)/Page_Dashboard/input' is clicked on

2021-05-11 19:23:09 - [MESSAGE][PASSED] - Object: 'Object Repository/CustomizeThisPage(Dashboard)/Page_Dashboard/input' is clicked on

2021-05-11 19:23:09 - [TEST_STEP][PASSED] - delay(1): Delayed 1 second(s)

2021-05-11 19:23:10 - [MESSAGE][PASSED] - Delayed 1 second(s)

2021-05-11 19:23:10 - [TEST_STEP][PASSED] - click(findTestObject("Object Repository/CustomizeThisPage(Dashboard)/Page_Dashboard/img_Latest badges_yui_3_17_2_1_1620743058705_1167")): Object: 'Object Repository/CustomizeThisPage(Dashboard)/Page_Dashboard/img_Latest badges_yui_3_17_2_1_1620743058705_1167' is clicked on

2021-05-11 19:23:11 - [MESSAGE][PASSED] - Object: 'Object Repository/CustomizeThisPage(Dashboard)/Page_Dashboard/img_Latest badges_yui_3_17_2_1_1620743058705_1167' is clicked on

2021-05-11 19:23:11 - [TEST_STEP][PASSED] - delay(1): Delayed 1 second(s)

2021-05-11 19:23:12 - [MESSAGE][PASSED] - Delayed 1 second(s)

2021-05-11 19:23:12 - [TEST_STEP][PASSED] - click(findTestObject("Object Repository/CustomizeThisPage(Dashboard)/Page_Dashboard/span_Hide Latest badges block")): Object: 'Object Repository/CustomizeThisPage(Dashboard)/Page_Dashboard/span_Hide Latest badges block' is clicked on

2021-05-11 19:23:14 - [MESSAGE][PASSED] - Object: 'Object Repository/CustomizeThisPage(Dashboard)/Page_Dashboard/span_Hide Latest badges block' is clicked on

2021-05-11 19:23:14 - [TEST_STEP][PASSED] - delay(1): Delayed 1 second(s)

2021-05-11 19:23:15 - [MESSAGE][PASSED] - Delayed 1 second(s)

2021-05-11 19:23:15 - [TEST_STEP][FAILED] - selectOptionByValue(findTestObject("Object Repository/CustomizeThisPage(Dashboard)/Page_Dashboard/select_Add...                    Comments  _88d1be"), "globalsearch", true): Unable to select option by value 'globalsearch' of object 'Object Repository/CustomizeThisPage(Dashboard)/Page_Dashboard/select_Add...                    Comments  _88d1be'  using regular expression (Root cause: com.kms.katalon.core.exception.StepFailedException: Unable to select option by value 'globalsearch' of object 'Object Repository/CustomizeThisPage(Dashboard)/Page_Dashboard/select_Add...                    Comments  _88d1be'  using regular expression
	at com.kms.katalon.core.webui.keyword.internal.WebUIKeywordMain.stepFailed(WebUIKeywordMain.groovy:64)
	at com.kms.katalon.core.webui.keyword.internal.WebUIKeywordMain.runKeyword(WebUIKeywordMain.groovy:26)
	at com.kms.katalon.core.webui.keyword.builtin.SelectOptionByValueKeyword.selectOptionByValue(SelectOptionByValueKeyword.groovy:99)
	at com.kms.katalon.core.webui.keyword.builtin.SelectOptionByValueKeyword.execute(SelectOptionByValueKeyword.groovy:71)
	at com.kms.katalon.core.keyword.internal.KeywordExecutor.executeKeywordForPlatform(KeywordExecutor.groovy:73)
	at com.kms.katalon.core.webui.keyword.WebUiBuiltInKeywords.selectOptionByValue(WebUiBuiltInKeywords.groovy:1167)
	at com.kms.katalon.core.webui.keyword.WebUiBuiltInKeywords$selectOptionByValue$6.call(Unknown Source)
	at CustomizeThisPage(Dashboard).run(CustomizeThisPage(Dashboard):60)
	at com.kms.katalon.core.main.ScriptEngine.run(ScriptEngine.java:194)
	at com.kms.katalon.core.main.ScriptEngine.runScriptAsRawText(ScriptEngine.java:119)
	at com.kms.katalon.core.main.TestCaseExecutor.runScript(TestCaseExecutor.java:398)
	at com.kms.katalon.core.main.TestCaseExecutor.doExecute(TestCaseExecutor.java:389)
	at com.kms.katalon.core.main.TestCaseExecutor.processExecutionPhase(TestCaseExecutor.java:368)
	at com.kms.katalon.core.main.TestCaseExecutor.accessMainPhase(TestCaseExecutor.java:360)
	at com.kms.katalon.core.main.TestCaseExecutor.execute(TestCaseExecutor.java:255)
	at com.kms.katalon.core.main.TestSuiteExecutor.accessTestCaseMainPhase(TestSuiteExecutor.java:203)
	at com.kms.katalon.core.main.TestSuiteExecutor.accessTestSuiteMainPhase(TestSuiteExecutor.java:152)
	at com.kms.katalon.core.main.TestSuiteExecutor.execute(TestSuiteExecutor.java:95)
	at com.kms.katalon.core.main.TestCaseMain.startTestSuite(TestCaseMain.java:157)
	at com.kms.katalon.core.main.TestCaseMain$startTestSuite$0.call(Unknown Source)
	at TempTestSuite1620749803594.run(TempTestSuite1620749803594.groovy:39)
Caused by: org.openqa.selenium.StaleElementReferenceException: stale element reference: element is not attached to the page document
  (Session info: chrome=90.0.4430.93)
For documentation on this error, please visit: https://www.seleniumhq.org/exceptions/stale_element_reference.html
Build info: version: '3.141.59', revision: 'e82be7d358', time: '2018-11-14T08:25:53'
System info: host: 'DESKTOP-21F1E8S', ip: '192.168.100.73', os.name: 'Windows 10', os.arch: 'amd64', os.version: '10.0', java.version: '1.8.0_181'
Driver info: com.kms.katalon.selenium.driver.CChromeDriver
Capabilities {acceptInsecureCerts: false, browserName: chrome, browserVersion: 90.0.4430.93, chrome: {chromedriverVersion: 90.0.4430.24 (4c6d850f087da..., userDataDir: C:\Users\moham\AppData\Loca...}, goog:chromeOptions: {debuggerAddress: localhost:32532}, javascriptEnabled: true, networkConnectionEnabled: false, pageLoadStrategy: normal, platform: WINDOWS, platformName: WINDOWS, proxy: Proxy(), setWindowRect: true, strictFileInteractability: false, timeouts: {implicit: 0, pageLoad: 300000, script: 30000}, unhandledPromptBehavior: dismiss and notify, webauthn:extension:largeBlob: true, webauthn:virtualAuthenticators: true}
Session ID: 0135ae001446f341ab135fc9396d8b44
	at org.openqa.selenium.remote.http.W3CHttpResponseCodec.createException(W3CHttpResponseCodec.java:187)
	at org.openqa.selenium.remote.http.W3CHttpResponseCodec.decode(W3CHttpResponseCodec.java:122)
	at org.openqa.selenium.remote.http.W3CHttpResponseCodec.decode(W3CHttpResponseCodec.java:49)
	at org.openqa.selenium.remote.HttpCommandExecutor.execute(HttpCommandExecutor.java:158)
	at org.openqa.selenium.remote.service.DriverCommandExecutor.execute(DriverCommandExecutor.java:83)
	at org.openqa.selenium.remote.RemoteWebDriver.execute(RemoteWebDriver.java:552)
	at com.kms.katalon.selenium.driver.CChromeDriver.execute(CChromeDriver.java:19)
	at org.openqa.selenium.remote.RemoteWebElement.execute(RemoteWebElement.java:285)
	at org.openqa.selenium.remote.RemoteWebElement.getAttribute(RemoteWebElement.java:134)
	at org.openqa.selenium.support.events.EventFiringWebDriver$EventFiringWebElement.lambda$new$0(EventFiringWebDriver.java:404)
	at com.sun.proxy.$Proxy11.getAttribute(Unknown Source)
	at org.openqa.selenium.support.events.EventFiringWebDriver$EventFiringWebElement.getAttribute(EventFiringWebDriver.java:447)
	at com.kms.katalon.core.webui.common.WebUiCommonHelper.selectOrDeselectOptionsByValueByRegularExpression(WebUiCommonHelper.java:279)
	at com.kms.katalon.core.webui.common.WebUiCommonHelper.selectOrDeselectOptionsByValue(WebUiCommonHelper.java:263)
	at com.kms.katalon.core.webui.keyword.builtin.SelectOptionByValueKeyword$_selectOptionByValue_closure1.doCall(SelectOptionByValueKeyword.groovy:88)
	at com.kms.katalon.core.webui.keyword.builtin.SelectOptionByValueKeyword$_selectOptionByValue_closure1.call(SelectOptionByValueKeyword.groovy)
	at com.kms.katalon.core.webui.keyword.internal.WebUIKeywordMain.runKeyword(WebUIKeywordMain.groovy:20)
	at com.kms.katalon.core.webui.keyword.builtin.SelectOptionByValueKeyword.selectOptionByValue(SelectOptionByValueKeyword.groovy:99)
	at com.kms.katalon.core.webui.keyword.builtin.SelectOptionByValueKeyword.execute(SelectOptionByValueKeyword.groovy:71)
	at com.kms.katalon.core.keyword.internal.KeywordExecutor.executeKeywordForPlatform(KeywordExecutor.groovy:73)
	at com.kms.katalon.core.webui.keyword.WebUiBuiltInKeywords.selectOptionByValue(WebUiBuiltInKeywords.groovy:1167)
	at com.kms.katalon.core.webui.keyword.WebUiBuiltInKeywords$selectOptionByValue$6.call(Unknown Source)
	at Script1620743025567.run(Script1620743025567.groovy:60)
	... 13 more
)

2021-05-11 19:23:18 - [MESSAGE][FAILED] - Unable to select option by value 'globalsearch' of object 'Object Repository/CustomizeThisPage(Dashboard)/Page_Dashboard/select_Add...                    Comments  _88d1be'  using regular expression (Root cause: com.kms.katalon.core.exception.StepFailedException: Unable to select option by value 'globalsearch' of object 'Object Repository/CustomizeThisPage(Dashboard)/Page_Dashboard/select_Add...                    Comments  _88d1be'  using regular expression
	at com.kms.katalon.core.webui.keyword.internal.WebUIKeywordMain.stepFailed(WebUIKeywordMain.groovy:64)
	at com.kms.katalon.core.webui.keyword.internal.WebUIKeywordMain.runKeyword(WebUIKeywordMain.groovy:26)
	at com.kms.katalon.core.webui.keyword.builtin.SelectOptionByValueKeyword.selectOptionByValue(SelectOptionByValueKeyword.groovy:99)
	at com.kms.katalon.core.webui.keyword.builtin.SelectOptionByValueKeyword.execute(SelectOptionByValueKeyword.groovy:71)
	at com.kms.katalon.core.keyword.internal.KeywordExecutor.executeKeywordForPlatform(KeywordExecutor.groovy:73)
	at com.kms.katalon.core.webui.keyword.WebUiBuiltInKeywords.selectOptionByValue(WebUiBuiltInKeywords.groovy:1167)
	at com.kms.katalon.core.webui.keyword.WebUiBuiltInKeywords$selectOptionByValue$6.call(Unknown Source)
	at CustomizeThisPage(Dashboard).run(CustomizeThisPage(Dashboard):60)
	at com.kms.katalon.core.main.ScriptEngine.run(ScriptEngine.java:194)
	at com.kms.katalon.core.main.ScriptEngine.runScriptAsRawText(ScriptEngine.java:119)
	at com.kms.katalon.core.main.TestCaseExecutor.runScript(TestCaseExecutor.java:398)
	at com.kms.katalon.core.main.TestCaseExecutor.doExecute(TestCaseExecutor.java:389)
	at com.kms.katalon.core.main.TestCaseExecutor.processExecutionPhase(TestCaseExecutor.java:368)
	at com.kms.katalon.core.main.TestCaseExecutor.accessMainPhase(TestCaseExecutor.java:360)
	at com.kms.katalon.core.main.TestCaseExecutor.execute(TestCaseExecutor.java:255)
	at com.kms.katalon.core.main.TestSuiteExecutor.accessTestCaseMainPhase(TestSuiteExecutor.java:203)
	at com.kms.katalon.core.main.TestSuiteExecutor.accessTestSuiteMainPhase(TestSuiteExecutor.java:152)
	at com.kms.katalon.core.main.TestSuiteExecutor.execute(TestSuiteExecutor.java:95)
	at com.kms.katalon.core.main.TestCaseMain.startTestSuite(TestCaseMain.java:157)
	at com.kms.katalon.core.main.TestCaseMain$startTestSuite$0.call(Unknown Source)
	at TempTestSuite1620749803594.run(TempTestSuite1620749803594.groovy:39)
Caused by: org.openqa.selenium.StaleElementReferenceException: stale element reference: element is not attached to the page document
  (Session info: chrome=90.0.4430.93)
For documentation on this error, please visit: https://www.seleniumhq.org/exceptions/stale_element_reference.html
Build info: version: '3.141.59', revision: 'e82be7d358', time: '2018-11-14T08:25:53'
System info: host: 'DESKTOP-21F1E8S', ip: '192.168.100.73', os.name: 'Windows 10', os.arch: 'amd64', os.version: '10.0', java.version: '1.8.0_181'
Driver info: com.kms.katalon.selenium.driver.CChromeDriver
Capabilities {acceptInsecureCerts: false, browserName: chrome, browserVersion: 90.0.4430.93, chrome: {chromedriverVersion: 90.0.4430.24 (4c6d850f087da..., userDataDir: C:\Users\moham\AppData\Loca...}, goog:chromeOptions: {debuggerAddress: localhost:32532}, javascriptEnabled: true, networkConnectionEnabled: false, pageLoadStrategy: normal, platform: WINDOWS, platformName: WINDOWS, proxy: Proxy(), setWindowRect: true, strictFileInteractability: false, timeouts: {implicit: 0, pageLoad: 300000, script: 30000}, unhandledPromptBehavior: dismiss and notify, webauthn:extension:largeBlob: true, webauthn:virtualAuthenticators: true}
Session ID: 0135ae001446f341ab135fc9396d8b44
	at org.openqa.selenium.remote.http.W3CHttpResponseCodec.createException(W3CHttpResponseCodec.java:187)
	at org.openqa.selenium.remote.http.W3CHttpResponseCodec.decode(W3CHttpResponseCodec.java:122)
	at org.openqa.selenium.remote.http.W3CHttpResponseCodec.decode(W3CHttpResponseCodec.java:49)
	at org.openqa.selenium.remote.HttpCommandExecutor.execute(HttpCommandExecutor.java:158)
	at org.openqa.selenium.remote.service.DriverCommandExecutor.execute(DriverCommandExecutor.java:83)
	at org.openqa.selenium.remote.RemoteWebDriver.execute(RemoteWebDriver.java:552)
	at com.kms.katalon.selenium.driver.CChromeDriver.execute(CChromeDriver.java:19)
	at org.openqa.selenium.remote.RemoteWebElement.execute(RemoteWebElement.java:285)
	at org.openqa.selenium.remote.RemoteWebElement.getAttribute(RemoteWebElement.java:134)
	at org.openqa.selenium.support.events.EventFiringWebDriver$EventFiringWebElement.lambda$new$0(EventFiringWebDriver.java:404)
	at com.sun.proxy.$Proxy11.getAttribute(Unknown Source)
	at org.openqa.selenium.support.events.EventFiringWebDriver$EventFiringWebElement.getAttribute(EventFiringWebDriver.java:447)
	at com.kms.katalon.core.webui.common.WebUiCommonHelper.selectOrDeselectOptionsByValueByRegularExpression(WebUiCommonHelper.java:279)
	at com.kms.katalon.core.webui.common.WebUiCommonHelper.selectOrDeselectOptionsByValue(WebUiCommonHelper.java:263)
	at com.kms.katalon.core.webui.keyword.builtin.SelectOptionByValueKeyword$_selectOptionByValue_closure1.doCall(SelectOptionByValueKeyword.groovy:88)
	at com.kms.katalon.core.webui.keyword.builtin.SelectOptionByValueKeyword$_selectOptionByValue_closure1.call(SelectOptionByValueKeyword.groovy)
	at com.kms.katalon.core.webui.keyword.internal.WebUIKeywordMain.runKeyword(WebUIKeywordMain.groovy:20)
	at com.kms.katalon.core.webui.keyword.builtin.SelectOptionByValueKeyword.selectOptionByValue(SelectOptionByValueKeyword.groovy:99)
	at com.kms.katalon.core.webui.keyword.builtin.SelectOptionByValueKeyword.execute(SelectOptionByValueKeyword.groovy:71)
	at com.kms.katalon.core.keyword.internal.KeywordExecutor.executeKeywordForPlatform(KeywordExecutor.groovy:73)
	at com.kms.katalon.core.webui.keyword.WebUiBuiltInKeywords.selectOptionByValue(WebUiBuiltInKeywords.groovy:1167)
	at com.kms.katalon.core.webui.keyword.WebUiBuiltInKeywords$selectOptionByValue$6.call(Unknown Source)
	at Script1620743025567.run(Script1620743025567.groovy:60)
	... 13 more
)
[[ATTACHMENT|C:\\Users\\moham\\git\\SuCourse_Katalon\\Reports\\20210511_191643\\Interaction\\20210511_191643\\1620750197830.png]]]]></system-out>
         <system-err><![CDATA[2021-05-11 19:22:47 - [TEST_CASE][FAILED] - Test Cases/CustomizeThisPage(Dashboard): Test Cases/CustomizeThisPage(Dashboard) FAILED.
Reason:
com.kms.katalon.core.exception.StepFailedException: Unable to select option by value 'globalsearch' of object 'Object Repository/CustomizeThisPage(Dashboard)/Page_Dashboard/select_Add...                    Comments  _88d1be'  using regular expression
	at com.kms.katalon.core.webui.keyword.internal.WebUIKeywordMain.stepFailed(WebUIKeywordMain.groovy:64)
	at com.kms.katalon.core.webui.keyword.internal.WebUIKeywordMain.runKeyword(WebUIKeywordMain.groovy:26)
	at com.kms.katalon.core.webui.keyword.builtin.SelectOptionByValueKeyword.selectOptionByValue(SelectOptionByValueKeyword.groovy:99)
	at com.kms.katalon.core.webui.keyword.builtin.SelectOptionByValueKeyword.execute(SelectOptionByValueKeyword.groovy:71)
	at com.kms.katalon.core.keyword.internal.KeywordExecutor.executeKeywordForPlatform(KeywordExecutor.groovy:73)
	at com.kms.katalon.core.webui.keyword.WebUiBuiltInKeywords.selectOptionByValue(WebUiBuiltInKeywords.groovy:1167)
	at com.kms.katalon.core.webui.keyword.WebUiBuiltInKeywords$selectOptionByValue$6.call(Unknown Source)
	at CustomizeThisPage(Dashboard).run(CustomizeThisPage(Dashboard):60)
	at com.kms.katalon.core.main.ScriptEngine.run(ScriptEngine.java:194)
	at com.kms.katalon.core.main.ScriptEngine.runScriptAsRawText(ScriptEngine.java:119)
	at com.kms.katalon.core.main.TestCaseExecutor.runScript(TestCaseExecutor.java:398)
	at com.kms.katalon.core.main.TestCaseExecutor.doExecute(TestCaseExecutor.java:389)
	at com.kms.katalon.core.main.TestCaseExecutor.processExecutionPhase(TestCaseExecutor.java:368)
	at com.kms.katalon.core.main.TestCaseExecutor.accessMainPhase(TestCaseExecutor.java:360)
	at com.kms.katalon.core.main.TestCaseExecutor.execute(TestCaseExecutor.java:255)
	at com.kms.katalon.core.main.TestSuiteExecutor.accessTestCaseMainPhase(TestSuiteExecutor.java:203)
	at com.kms.katalon.core.main.TestSuiteExecutor.accessTestSuiteMainPhase(TestSuiteExecutor.java:152)
	at com.kms.katalon.core.main.TestSuiteExecutor.execute(TestSuiteExecutor.java:95)
	at com.kms.katalon.core.main.TestCaseMain.startTestSuite(TestCaseMain.java:157)
	at com.kms.katalon.core.main.TestCaseMain$startTestSuite$0.call(Unknown Source)
	at TempTestSuite1620749803594.run(TempTestSuite1620749803594.groovy:39)
Caused by: org.openqa.selenium.StaleElementReferenceException: stale element reference: element is not attached to the page document
  (Session info: chrome=90.0.4430.93)
For documentation on this error, please visit: https://www.seleniumhq.org/exceptions/stale_element_reference.html
Build info: version: '3.141.59', revision: 'e82be7d358', time: '2018-11-14T08:25:53'
System info: host: 'DESKTOP-21F1E8S', ip: '192.168.100.73', os.name: 'Windows 10', os.arch: 'amd64', os.version: '10.0', java.version: '1.8.0_181'
Driver info: com.kms.katalon.selenium.driver.CChromeDriver
Capabilities {acceptInsecureCerts: false, browserName: chrome, browserVersion: 90.0.4430.93, chrome: {chromedriverVersion: 90.0.4430.24 (4c6d850f087da..., userDataDir: C:\Users\moham\AppData\Loca...}, goog:chromeOptions: {debuggerAddress: localhost:32532}, javascriptEnabled: true, networkConnectionEnabled: false, pageLoadStrategy: normal, platform: WINDOWS, platformName: WINDOWS, proxy: Proxy(), setWindowRect: true, strictFileInteractability: false, timeouts: {implicit: 0, pageLoad: 300000, script: 30000}, unhandledPromptBehavior: dismiss and notify, webauthn:extension:largeBlob: true, webauthn:virtualAuthenticators: true}
Session ID: 0135ae001446f341ab135fc9396d8b44
	at org.openqa.selenium.remote.http.W3CHttpResponseCodec.createException(W3CHttpResponseCodec.java:187)
	at org.openqa.selenium.remote.http.W3CHttpResponseCodec.decode(W3CHttpResponseCodec.java:122)
	at org.openqa.selenium.remote.http.W3CHttpResponseCodec.decode(W3CHttpResponseCodec.java:49)
	at org.openqa.selenium.remote.HttpCommandExecutor.execute(HttpCommandExecutor.java:158)
	at org.openqa.selenium.remote.service.DriverCommandExecutor.execute(DriverCommandExecutor.java:83)
	at org.openqa.selenium.remote.RemoteWebDriver.execute(RemoteWebDriver.java:552)
	at com.kms.katalon.selenium.driver.CChromeDriver.execute(CChromeDriver.java:19)
	at org.openqa.selenium.remote.RemoteWebElement.execute(RemoteWebElement.java:285)
	at org.openqa.selenium.remote.RemoteWebElement.getAttribute(RemoteWebElement.java:134)
	at org.openqa.selenium.support.events.EventFiringWebDriver$EventFiringWebElement.lambda$new$0(EventFiringWebDriver.java:404)
	at com.sun.proxy.$Proxy11.getAttribute(Unknown Source)
	at org.openqa.selenium.support.events.EventFiringWebDriver$EventFiringWebElement.getAttribute(EventFiringWebDriver.java:447)
	at com.kms.katalon.core.webui.common.WebUiCommonHelper.selectOrDeselectOptionsByValueByRegularExpression(WebUiCommonHelper.java:279)
	at com.kms.katalon.core.webui.common.WebUiCommonHelper.selectOrDeselectOptionsByValue(WebUiCommonHelper.java:263)
	at com.kms.katalon.core.webui.keyword.builtin.SelectOptionByValueKeyword$_selectOptionByValue_closure1.doCall(SelectOptionByValueKeyword.groovy:88)
	at com.kms.katalon.core.webui.keyword.builtin.SelectOptionByValueKeyword$_selectOptionByValue_closure1.call(SelectOptionByValueKeyword.groovy)
	at com.kms.katalon.core.webui.keyword.internal.WebUIKeywordMain.runKeyword(WebUIKeywordMain.groovy:20)
	... 19 more]]></system-err>
      </testcase>
      <testcase name="Test Cases/ExportCalendar" time="56.422" classname="Test Cases/ExportCalendar" status="PASSED">
         <system-out><![CDATA[2021-05-11 19:23:18 - [TEST_CASE][PASSED] - Test Cases/ExportCalendar: Test Cases/ExportCalendar

2021-05-11 19:23:19 - [TEST_STEP][PASSED] - openBrowser(""): Browser is opened with url: ''

2021-05-11 19:23:19 - [MESSAGE][WARNING] - A browser is already opened. Closing browser and opening a new one

2021-05-11 19:23:20 - [MESSAGE][INFO] - Starting 'Chrome' driver

2021-05-11 19:23:20 - [MESSAGE][INFO] - Action delay is set to 0 milliseconds

2021-05-11 19:23:22 - [MESSAGE][PASSED] - Browser is opened with url: ''

2021-05-11 19:23:22 - [TEST_STEP][PASSED] - navigateToUrl("https://sucourse.sabanciuniv.edu/plus/"): Navigate to 'https://sucourse.sabanciuniv.edu/plus/' successfully

2021-05-11 19:23:25 - [MESSAGE][PASSED] - Navigate to 'https://sucourse.sabanciuniv.edu/plus/' successfully

2021-05-11 19:23:25 - [TEST_STEP][PASSED] - click(findTestObject("Object Repository/ExportCalendar(FromUpcomingEvents)/Page_SUCourse/a_Login")): Object: 'Object Repository/ExportCalendar(FromUpcomingEvents)/Page_SUCourse/a_Login' is clicked on

2021-05-11 19:23:27 - [MESSAGE][PASSED] - Object: 'Object Repository/ExportCalendar(FromUpcomingEvents)/Page_SUCourse/a_Login' is clicked on

2021-05-11 19:23:27 - [TEST_STEP][PASSED] - click(findTestObject("Object Repository/ExportCalendar(FromUpcomingEvents)/Page_SUCourse Authentication choice/a_SUNet users (Sabanc University members)")): Object: 'Object Repository/ExportCalendar(FromUpcomingEvents)/Page_SUCourse Authentication choice/a_SUNet users (Sabanc University members)' is clicked on

2021-05-11 19:23:29 - [MESSAGE][PASSED] - Object: 'Object Repository/ExportCalendar(FromUpcomingEvents)/Page_SUCourse Authentication choice/a_SUNet users (Sabanc University members)' is clicked on

2021-05-11 19:23:29 - [TEST_STEP][PASSED] - setText(findTestObject("Object Repository/ExportCalendar(FromUpcomingEvents)/Page_Login - CAS  Central Authentication Service/input_U_username"), "mohamedkassem"): Text 'mohamedkassem' is set on object 'Object Repository/ExportCalendar(FromUpcomingEvents)/Page_Login - CAS  Central Authentication Service/input_U_username'

2021-05-11 19:23:30 - [MESSAGE][PASSED] - Text 'mohamedkassem' is set on object 'Object Repository/ExportCalendar(FromUpcomingEvents)/Page_Login - CAS  Central Authentication Service/input_U_username'

2021-05-11 19:23:30 - [TEST_STEP][PASSED] - setEncryptedText(findTestObject("Object Repository/ExportCalendar(FromUpcomingEvents)/Page_Login - CAS  Central Authentication Service/input_P_password"), "lsh4UT/KYs157Zjg3xgr3w=="): Text ****** has been set on object 'Object Repository/ExportCalendar(FromUpcomingEvents)/Page_Login - CAS  Central Authentication Service/input_P_password'

2021-05-11 19:23:31 - [MESSAGE][PASSED] - Text ****** has been set on object 'Object Repository/ExportCalendar(FromUpcomingEvents)/Page_Login - CAS  Central Authentication Service/input_P_password'

2021-05-11 19:23:31 - [TEST_STEP][PASSED] - click(findTestObject("Object Repository/ExportCalendar(FromUpcomingEvents)/Page_Login - CAS  Central Authentication Service/input_Remember Me_submit")): Object: 'Object Repository/ExportCalendar(FromUpcomingEvents)/Page_Login - CAS  Central Authentication Service/input_Remember Me_submit' is clicked on

2021-05-11 19:23:33 - [MESSAGE][PASSED] - Object: 'Object Repository/ExportCalendar(FromUpcomingEvents)/Page_Login - CAS  Central Authentication Service/input_Remember Me_submit' is clicked on

2021-05-11 19:23:33 - [TEST_STEP][PASSED] - click(findTestObject("Object Repository/ExportCalendar(FromUpcomingEvents)/Page_Dashboard/a_Go to calendar")): Object: 'Object Repository/ExportCalendar(FromUpcomingEvents)/Page_Dashboard/a_Go to calendar' is clicked on

2021-05-11 19:24:05 - [MESSAGE][INFO] - Unable to find the element located by 'By.xpath: //div[@id='inst52708']/div[2]/div[2]/div/a'. Please recheck the objects properties to make sure the desired element is located. 

2021-05-11 19:24:05 - [MESSAGE][WARNING] - [SELF-HEALING] Failed to find element with id 'Object Repository/ExportCalendar(FromUpcomingEvents)/Page_Dashboard/a_Go to calendar'. Try using Self-healing.

2021-05-11 19:24:05 - [MESSAGE][INFO] - [SELF-HEALING] Failed Locator: '//div[@id='inst52708']/div[2]/div[2]/div/a'.

2021-05-11 19:24:05 - [MESSAGE][INFO] - [SELF-HEALING] Working Locator: '//a[contains(text(),'Go to calendar...')]'.

2021-05-11 19:24:05 - [MESSAGE][INFO] - [SELF-HEALING] Screenshot: C:/Users/moham/git/SuCourse_Katalon/Reports/Self-healing/Object Repository/ExportCalendar(FromUpcomingEvents)/Page_Dashboard/a_Go to calendar_link.png

2021-05-11 19:24:06 - [MESSAGE][WARNING] - [SELF-HEALING] The current locator of test object 'Object Repository/ExportCalendar(FromUpcomingEvents)/Page_Dashboard/a_Go to calendar' was broken. Propose an alternative one: '//a[contains(text(),'Go to calendar...')]'.

2021-05-11 19:24:07 - [MESSAGE][PASSED] - Object: 'Object Repository/ExportCalendar(FromUpcomingEvents)/Page_Dashboard/a_Go to calendar' is clicked on

2021-05-11 19:24:07 - [TEST_STEP][PASSED] - click(findTestObject("Object Repository/ExportCalendar(FromUpcomingEvents)/Page_SUCourse Calendar Upcoming events/button_Export calendar")): Object: 'Object Repository/ExportCalendar(FromUpcomingEvents)/Page_SUCourse Calendar Upcoming events/button_Export calendar' is clicked on

2021-05-11 19:24:10 - [MESSAGE][PASSED] - Object: 'Object Repository/ExportCalendar(FromUpcomingEvents)/Page_SUCourse Calendar Upcoming events/button_Export calendar' is clicked on

2021-05-11 19:24:10 - [TEST_STEP][PASSED] - click(findTestObject("Object Repository/ExportCalendar(FromUpcomingEvents)/Page_SUCourse Calendar Export/input_Events to export_eventsexportevents")): Object: 'Object Repository/ExportCalendar(FromUpcomingEvents)/Page_SUCourse Calendar Export/input_Events to export_eventsexportevents' is clicked on

2021-05-11 19:24:12 - [MESSAGE][PASSED] - Object: 'Object Repository/ExportCalendar(FromUpcomingEvents)/Page_SUCourse Calendar Export/input_Events to export_eventsexportevents' is clicked on

2021-05-11 19:24:12 - [TEST_STEP][PASSED] - click(findTestObject("Object Repository/ExportCalendar(FromUpcomingEvents)/Page_SUCourse Calendar Export/input_This month_periodtimeperiod")): Object: 'Object Repository/ExportCalendar(FromUpcomingEvents)/Page_SUCourse Calendar Export/input_This month_periodtimeperiod' is clicked on

2021-05-11 19:24:12 - [MESSAGE][PASSED] - Object: 'Object Repository/ExportCalendar(FromUpcomingEvents)/Page_SUCourse Calendar Export/input_This month_periodtimeperiod' is clicked on

2021-05-11 19:24:12 - [TEST_STEP][PASSED] - click(findTestObject("Object Repository/ExportCalendar(FromUpcomingEvents)/Page_SUCourse Calendar Export/input_Custom range (60521 - 110522)_export")): Object: 'Object Repository/ExportCalendar(FromUpcomingEvents)/Page_SUCourse Calendar Export/input_Custom range (60521 - 110522)_export' is clicked on

2021-05-11 19:24:13 - [MESSAGE][PASSED] - Object: 'Object Repository/ExportCalendar(FromUpcomingEvents)/Page_SUCourse Calendar Export/input_Custom range (60521 - 110522)_export' is clicked on

2021-05-11 19:24:13 - [TEST_STEP][PASSED] - closeBrowser(): Browser is closed

2021-05-11 19:24:14 - [MESSAGE][PASSED] - Browser is closed]]></system-out>
         <system-err><![CDATA[]]></system-err>
      </testcase>
      <testcase name="Test Cases/LogOut" time="27.082" classname="Test Cases/LogOut" status="PASSED">
         <system-out><![CDATA[2021-05-11 19:24:14 - [TEST_CASE][PASSED] - Test Cases/LogOut: Test Cases/LogOut

2021-05-11 19:24:15 - [TEST_STEP][PASSED] - openBrowser(""): Browser is opened with url: ''

2021-05-11 19:24:15 - [MESSAGE][INFO] - Starting 'Chrome' driver

2021-05-11 19:24:15 - [MESSAGE][INFO] - Action delay is set to 0 milliseconds

2021-05-11 19:24:17 - [MESSAGE][PASSED] - Browser is opened with url: ''

2021-05-11 19:24:17 - [TEST_STEP][PASSED] - navigateToUrl("https://sucourse.sabanciuniv.edu/plus/"): Navigate to 'https://sucourse.sabanciuniv.edu/plus/' successfully

2021-05-11 19:24:21 - [MESSAGE][PASSED] - Navigate to 'https://sucourse.sabanciuniv.edu/plus/' successfully

2021-05-11 19:24:21 - [TEST_STEP][PASSED] - delay(1): Delayed 1 second(s)

2021-05-11 19:24:22 - [MESSAGE][PASSED] - Delayed 1 second(s)

2021-05-11 19:24:22 - [TEST_STEP][PASSED] - click(findTestObject("Object Repository/LogOut/Page_SUCourse/a_Login")): Object: 'Object Repository/LogOut/Page_SUCourse/a_Login' is clicked on

2021-05-11 19:24:23 - [MESSAGE][PASSED] - Object: 'Object Repository/LogOut/Page_SUCourse/a_Login' is clicked on

2021-05-11 19:24:23 - [TEST_STEP][PASSED] - delay(1): Delayed 1 second(s)

2021-05-11 19:24:24 - [MESSAGE][PASSED] - Delayed 1 second(s)

2021-05-11 19:24:24 - [TEST_STEP][PASSED] - click(findTestObject("Object Repository/LogOut/Page_SUCourse Authentication choice/a_SUNet users (Sabanc University members)")): Object: 'Object Repository/LogOut/Page_SUCourse Authentication choice/a_SUNet users (Sabanc University members)' is clicked on

2021-05-11 19:24:26 - [MESSAGE][PASSED] - Object: 'Object Repository/LogOut/Page_SUCourse Authentication choice/a_SUNet users (Sabanc University members)' is clicked on

2021-05-11 19:24:26 - [TEST_STEP][PASSED] - delay(1): Delayed 1 second(s)

2021-05-11 19:24:27 - [MESSAGE][PASSED] - Delayed 1 second(s)

2021-05-11 19:24:27 - [TEST_STEP][PASSED] - setText(findTestObject("Object Repository/LogOut/Page_Login - CAS  Central Authentication Service/input_U_username"), "mohamedkassem"): Text 'mohamedkassem' is set on object 'Object Repository/LogOut/Page_Login - CAS  Central Authentication Service/input_U_username'

2021-05-11 19:24:28 - [MESSAGE][PASSED] - Text 'mohamedkassem' is set on object 'Object Repository/LogOut/Page_Login - CAS  Central Authentication Service/input_U_username'

2021-05-11 19:24:28 - [TEST_STEP][PASSED] - delay(1): Delayed 1 second(s)

2021-05-11 19:24:29 - [MESSAGE][PASSED] - Delayed 1 second(s)

2021-05-11 19:24:29 - [TEST_STEP][PASSED] - setEncryptedText(findTestObject("Object Repository/LogOut/Page_Login - CAS  Central Authentication Service/input_P_password"), "lsh4UT/KYs157Zjg3xgr3w=="): Text ****** has been set on object 'Object Repository/LogOut/Page_Login - CAS  Central Authentication Service/input_P_password'

2021-05-11 19:24:30 - [MESSAGE][PASSED] - Text ****** has been set on object 'Object Repository/LogOut/Page_Login - CAS  Central Authentication Service/input_P_password'

2021-05-11 19:24:30 - [TEST_STEP][PASSED] - delay(1): Delayed 1 second(s)

2021-05-11 19:24:31 - [MESSAGE][PASSED] - Delayed 1 second(s)

2021-05-11 19:24:31 - [TEST_STEP][PASSED] - click(findTestObject("Object Repository/LogOut/Page_Login - CAS  Central Authentication Service/input_Remember Me_submit")): Object: 'Object Repository/LogOut/Page_Login - CAS  Central Authentication Service/input_Remember Me_submit' is clicked on

2021-05-11 19:24:33 - [MESSAGE][PASSED] - Object: 'Object Repository/LogOut/Page_Login - CAS  Central Authentication Service/input_Remember Me_submit' is clicked on

2021-05-11 19:24:33 - [TEST_STEP][PASSED] - delay(1): Delayed 1 second(s)

2021-05-11 19:24:34 - [MESSAGE][PASSED] - Delayed 1 second(s)

2021-05-11 19:24:34 - [TEST_STEP][PASSED] - click(findTestObject("Object Repository/LogOut/Page_Dashboard/span_Mohamed Emad Mohamed Kassem")): Object: 'Object Repository/LogOut/Page_Dashboard/span_Mohamed Emad Mohamed Kassem' is clicked on

2021-05-11 19:24:35 - [MESSAGE][PASSED] - Object: 'Object Repository/LogOut/Page_Dashboard/span_Mohamed Emad Mohamed Kassem' is clicked on

2021-05-11 19:24:35 - [TEST_STEP][PASSED] - delay(1): Delayed 1 second(s)

2021-05-11 19:24:36 - [MESSAGE][PASSED] - Delayed 1 second(s)

2021-05-11 19:24:36 - [TEST_STEP][PASSED] - click(findTestObject("Object Repository/LogOut/Page_Dashboard/span_Log out")): Object: 'Object Repository/LogOut/Page_Dashboard/span_Log out' is clicked on

2021-05-11 19:24:38 - [MESSAGE][PASSED] - Object: 'Object Repository/LogOut/Page_Dashboard/span_Log out' is clicked on

2021-05-11 19:24:38 - [TEST_STEP][PASSED] - delay(2): Delayed 2 second(s)

2021-05-11 19:24:40 - [MESSAGE][PASSED] - Delayed 2 second(s)

2021-05-11 19:24:40 - [TEST_STEP][PASSED] - closeBrowser(): Browser is closed

2021-05-11 19:24:41 - [MESSAGE][PASSED] - Browser is closed]]></system-out>
         <system-err><![CDATA[]]></system-err>
      </testcase>
      <testcase name="Test Cases/PressingOnMoodleVideo(HomePage)" time="40.75" classname="Test Cases/PressingOnMoodleVideo(HomePage)" status="FAILED">
         <failure type="FAILED" message="Test Cases/PressingOnMoodleVideo(HomePage) FAILED.
Reason:
com.kms.katalon.core.exception.StepFailedException: Unable to click on object 'Object Repository/MoodleVideo(HomePage)/Page_SUCourse/span_Course Management System_vjs-icon-placeholder'
	at com.kms.katalon.core.webui.keyword.internal.WebUIKeywordMain.stepFailed(WebUIKeywordMain.groovy:64)
	at com.kms.katalon.core.webui.keyword.internal.WebUIKeywordMain.runKeyword(WebUIKeywordMain.groovy:26)
	at com.kms.katalon.core.webui.keyword.builtin.ClickKeyword.click(ClickKeyword.groovy:75)
	at com.kms.katalon.core.webui.keyword.builtin.ClickKeyword.execute(ClickKeyword.groovy:42)
	at com.kms.katalon.core.keyword.internal.KeywordExecutor.executeKeywordForPlatform(KeywordExecutor.groovy:73)
	at com.kms.katalon.core.webui.keyword.WebUiBuiltInKeywords.click(WebUiBuiltInKeywords.groovy:619)
	at com.kms.katalon.core.webui.keyword.WebUiBuiltInKeywords$click$1.call(Unknown Source)
	at PressingOnMoodleVideo(HomePage).run(PressingOnMoodleVideo(HomePage):26)
	at com.kms.katalon.core.main.ScriptEngine.run(ScriptEngine.java:194)
	at com.kms.katalon.core.main.ScriptEngine.runScriptAsRawText(ScriptEngine.java:119)
	at com.kms.katalon.core.main.TestCaseExecutor.runScript(TestCaseExecutor.java:398)
	at com.kms.katalon.core.main.TestCaseExecutor.doExecute(TestCaseExecutor.java:389)
	at com.kms.katalon.core.main.TestCaseExecutor.processExecutionPhase(TestCaseExecutor.java:368)
	at com.kms.katalon.core.main.TestCaseExecutor.accessMainPhase(TestCaseExecutor.java:360)
	at com.kms.katalon.core.main.TestCaseExecutor.execute(TestCaseExecutor.java:255)
	at com.kms.katalon.core.main.TestSuiteExecutor.accessTestCaseMainPhase(TestSuiteExecutor.java:203)
	at com.kms.katalon.core.main.TestSuiteExecutor.accessTestSuiteMainPhase(TestSuiteExecutor.java:152)
	at com.kms.katalon.core.main.TestSuiteExecutor.execute(TestSuiteExecutor.java:95)
	at com.kms.katalon.core.main.TestCaseMain.startTestSuite(TestCaseMain.java:157)
	at com.kms.katalon.core.main.TestCaseMain$startTestSuite$0.call(Unknown Source)
	at TempTestSuite1620749803594.run(TempTestSuite1620749803594.groovy:39)
Caused by: com.kms.katalon.core.webui.exception.WebElementNotFoundException: Web element with id: 'Object Repository/MoodleVideo(HomePage)/Page_SUCourse/span_Course Management System_vjs-icon-placeholder' located by '//div[@id='id_videojs_609aa8e12922f_1']/button/span' not found
	at com.kms.katalon.core.webui.common.WebUiCommonHelper.findWebElement(WebUiCommonHelper.java:1368)
	at com.kms.katalon.core.webui.keyword.internal.WebUIAbstractKeyword.findWebElement(WebUIAbstractKeyword.groovy:27)
	at com.kms.katalon.core.webui.keyword.internal.WebUIAbstractKeyword.findWebElement(WebUIAbstractKeyword.groovy:26)
	at com.kms.katalon.core.webui.keyword.builtin.ClickKeyword$_click_closure1.doCall(ClickKeyword.groovy:66)
	at com.kms.katalon.core.webui.keyword.builtin.ClickKeyword$_click_closure1.call(ClickKeyword.groovy)
	at com.kms.katalon.core.webui.keyword.internal.WebUIKeywordMain.runKeyword(WebUIKeywordMain.groovy:20)
	... 19 more
"/>
         <system-out><![CDATA[2021-05-11 19:24:41 - [TEST_CASE][FAILED] - Test Cases/PressingOnMoodleVideo(HomePage): Test Cases/PressingOnMoodleVideo(HomePage) FAILED.
Reason:
com.kms.katalon.core.exception.StepFailedException: Unable to click on object 'Object Repository/MoodleVideo(HomePage)/Page_SUCourse/span_Course Management System_vjs-icon-placeholder'
	at com.kms.katalon.core.webui.keyword.internal.WebUIKeywordMain.stepFailed(WebUIKeywordMain.groovy:64)
	at com.kms.katalon.core.webui.keyword.internal.WebUIKeywordMain.runKeyword(WebUIKeywordMain.groovy:26)
	at com.kms.katalon.core.webui.keyword.builtin.ClickKeyword.click(ClickKeyword.groovy:75)
	at com.kms.katalon.core.webui.keyword.builtin.ClickKeyword.execute(ClickKeyword.groovy:42)
	at com.kms.katalon.core.keyword.internal.KeywordExecutor.executeKeywordForPlatform(KeywordExecutor.groovy:73)
	at com.kms.katalon.core.webui.keyword.WebUiBuiltInKeywords.click(WebUiBuiltInKeywords.groovy:619)
	at com.kms.katalon.core.webui.keyword.WebUiBuiltInKeywords$click$1.call(Unknown Source)
	at PressingOnMoodleVideo(HomePage).run(PressingOnMoodleVideo(HomePage):26)
	at com.kms.katalon.core.main.ScriptEngine.run(ScriptEngine.java:194)
	at com.kms.katalon.core.main.ScriptEngine.runScriptAsRawText(ScriptEngine.java:119)
	at com.kms.katalon.core.main.TestCaseExecutor.runScript(TestCaseExecutor.java:398)
	at com.kms.katalon.core.main.TestCaseExecutor.doExecute(TestCaseExecutor.java:389)
	at com.kms.katalon.core.main.TestCaseExecutor.processExecutionPhase(TestCaseExecutor.java:368)
	at com.kms.katalon.core.main.TestCaseExecutor.accessMainPhase(TestCaseExecutor.java:360)
	at com.kms.katalon.core.main.TestCaseExecutor.execute(TestCaseExecutor.java:255)
	at com.kms.katalon.core.main.TestSuiteExecutor.accessTestCaseMainPhase(TestSuiteExecutor.java:203)
	at com.kms.katalon.core.main.TestSuiteExecutor.accessTestSuiteMainPhase(TestSuiteExecutor.java:152)
	at com.kms.katalon.core.main.TestSuiteExecutor.execute(TestSuiteExecutor.java:95)
	at com.kms.katalon.core.main.TestCaseMain.startTestSuite(TestCaseMain.java:157)
	at com.kms.katalon.core.main.TestCaseMain$startTestSuite$0.call(Unknown Source)
	at TempTestSuite1620749803594.run(TempTestSuite1620749803594.groovy:39)
Caused by: com.kms.katalon.core.webui.exception.WebElementNotFoundException: Web element with id: 'Object Repository/MoodleVideo(HomePage)/Page_SUCourse/span_Course Management System_vjs-icon-placeholder' located by '//div[@id='id_videojs_609aa8e12922f_1']/button/span' not found
	at com.kms.katalon.core.webui.common.WebUiCommonHelper.findWebElement(WebUiCommonHelper.java:1368)
	at com.kms.katalon.core.webui.keyword.internal.WebUIAbstractKeyword.findWebElement(WebUIAbstractKeyword.groovy:27)
	at com.kms.katalon.core.webui.keyword.internal.WebUIAbstractKeyword.findWebElement(WebUIAbstractKeyword.groovy:26)
	at com.kms.katalon.core.webui.keyword.builtin.ClickKeyword$_click_closure1.doCall(ClickKeyword.groovy:66)
	at com.kms.katalon.core.webui.keyword.builtin.ClickKeyword$_click_closure1.call(ClickKeyword.groovy)
	at com.kms.katalon.core.webui.keyword.internal.WebUIKeywordMain.runKeyword(WebUIKeywordMain.groovy:20)
	... 19 more


2021-05-11 19:24:42 - [TEST_STEP][PASSED] - openBrowser(""): Browser is opened with url: ''

2021-05-11 19:24:42 - [MESSAGE][INFO] - Starting 'Chrome' driver

2021-05-11 19:24:42 - [MESSAGE][INFO] - Action delay is set to 0 milliseconds

2021-05-11 19:24:44 - [MESSAGE][PASSED] - Browser is opened with url: ''

2021-05-11 19:24:44 - [TEST_STEP][PASSED] - navigateToUrl("https://sucourse.sabanciuniv.edu/plus/"): Navigate to 'https://sucourse.sabanciuniv.edu/plus/' successfully

2021-05-11 19:24:47 - [MESSAGE][PASSED] - Navigate to 'https://sucourse.sabanciuniv.edu/plus/' successfully

2021-05-11 19:24:47 - [TEST_STEP][PASSED] - delay(1): Delayed 1 second(s)

2021-05-11 19:24:48 - [MESSAGE][PASSED] - Delayed 1 second(s)

2021-05-11 19:24:48 - [TEST_STEP][FAILED] - click(findTestObject("Object Repository/MoodleVideo(HomePage)/Page_SUCourse/span_Course Management System_vjs-icon-placeholder")): Unable to click on object 'Object Repository/MoodleVideo(HomePage)/Page_SUCourse/span_Course Management System_vjs-icon-placeholder' (Root cause: com.kms.katalon.core.exception.StepFailedException: Unable to click on object 'Object Repository/MoodleVideo(HomePage)/Page_SUCourse/span_Course Management System_vjs-icon-placeholder'
	at com.kms.katalon.core.webui.keyword.internal.WebUIKeywordMain.stepFailed(WebUIKeywordMain.groovy:64)
	at com.kms.katalon.core.webui.keyword.internal.WebUIKeywordMain.runKeyword(WebUIKeywordMain.groovy:26)
	at com.kms.katalon.core.webui.keyword.builtin.ClickKeyword.click(ClickKeyword.groovy:75)
	at com.kms.katalon.core.webui.keyword.builtin.ClickKeyword.execute(ClickKeyword.groovy:42)
	at com.kms.katalon.core.keyword.internal.KeywordExecutor.executeKeywordForPlatform(KeywordExecutor.groovy:73)
	at com.kms.katalon.core.webui.keyword.WebUiBuiltInKeywords.click(WebUiBuiltInKeywords.groovy:619)
	at com.kms.katalon.core.webui.keyword.WebUiBuiltInKeywords$click$1.call(Unknown Source)
	at PressingOnMoodleVideo(HomePage).run(PressingOnMoodleVideo(HomePage):26)
	at com.kms.katalon.core.main.ScriptEngine.run(ScriptEngine.java:194)
	at com.kms.katalon.core.main.ScriptEngine.runScriptAsRawText(ScriptEngine.java:119)
	at com.kms.katalon.core.main.TestCaseExecutor.runScript(TestCaseExecutor.java:398)
	at com.kms.katalon.core.main.TestCaseExecutor.doExecute(TestCaseExecutor.java:389)
	at com.kms.katalon.core.main.TestCaseExecutor.processExecutionPhase(TestCaseExecutor.java:368)
	at com.kms.katalon.core.main.TestCaseExecutor.accessMainPhase(TestCaseExecutor.java:360)
	at com.kms.katalon.core.main.TestCaseExecutor.execute(TestCaseExecutor.java:255)
	at com.kms.katalon.core.main.TestSuiteExecutor.accessTestCaseMainPhase(TestSuiteExecutor.java:203)
	at com.kms.katalon.core.main.TestSuiteExecutor.accessTestSuiteMainPhase(TestSuiteExecutor.java:152)
	at com.kms.katalon.core.main.TestSuiteExecutor.execute(TestSuiteExecutor.java:95)
	at com.kms.katalon.core.main.TestCaseMain.startTestSuite(TestCaseMain.java:157)
	at com.kms.katalon.core.main.TestCaseMain$startTestSuite$0.call(Unknown Source)
	at TempTestSuite1620749803594.run(TempTestSuite1620749803594.groovy:39)
Caused by: com.kms.katalon.core.webui.exception.WebElementNotFoundException: Web element with id: 'Object Repository/MoodleVideo(HomePage)/Page_SUCourse/span_Course Management System_vjs-icon-placeholder' located by '//div[@id='id_videojs_609aa8e12922f_1']/button/span' not found
	at com.kms.katalon.core.webui.common.WebUiCommonHelper.findWebElement(WebUiCommonHelper.java:1368)
	at com.kms.katalon.core.webui.keyword.internal.WebUIAbstractKeyword.findWebElement(WebUIAbstractKeyword.groovy:27)
	at com.kms.katalon.core.webui.keyword.internal.WebUIAbstractKeyword.findWebElement(WebUIAbstractKeyword.groovy:26)
	at com.kms.katalon.core.webui.keyword.builtin.ClickKeyword$_click_closure1.doCall(ClickKeyword.groovy:66)
	at com.kms.katalon.core.webui.keyword.builtin.ClickKeyword$_click_closure1.call(ClickKeyword.groovy)
	at com.kms.katalon.core.webui.keyword.internal.WebUIKeywordMain.runKeyword(WebUIKeywordMain.groovy:20)
	at com.kms.katalon.core.webui.keyword.builtin.ClickKeyword.click(ClickKeyword.groovy:75)
	at com.kms.katalon.core.webui.keyword.builtin.ClickKeyword.execute(ClickKeyword.groovy:42)
	at com.kms.katalon.core.keyword.internal.KeywordExecutor.executeKeywordForPlatform(KeywordExecutor.groovy:73)
	at com.kms.katalon.core.webui.keyword.WebUiBuiltInKeywords.click(WebUiBuiltInKeywords.groovy:619)
	at com.kms.katalon.core.webui.keyword.WebUiBuiltInKeywords$click$1.call(Unknown Source)
	at Script1620748469300.run(Script1620748469300.groovy:26)
	... 13 more
)

2021-05-11 19:25:20 - [MESSAGE][INFO] - Unable to find the element located by 'By.xpath: //div[@id='id_videojs_609aa8e12922f_1']/button/span'. Please recheck the objects properties to make sure the desired element is located. 

2021-05-11 19:25:20 - [MESSAGE][WARNING] - [SELF-HEALING] Failed to find element with id 'Object Repository/MoodleVideo(HomePage)/Page_SUCourse/span_Course Management System_vjs-icon-placeholder'. Try using Self-healing.

2021-05-11 19:25:20 - [MESSAGE][INFO] - [SELF-HEALING] Failed Locator: '//div[@id='id_videojs_609aa8e12922f_1']/button/span'.

2021-05-11 19:25:20 - [MESSAGE][INFO] - [SELF-HEALING] Working Locator: '//div/div/button/span'.

2021-05-11 19:25:20 - [MESSAGE][ERROR] - [SELF-HEALING] Cannot save screenshot to: C:\Users\moham\git\SuCourse_Katalon\Reports\Self-healing, reason: unknown error: unhandled inspector error: {"code":-32000,"message":"Cannot take screenshot with 0 width."}
  (Session info: chrome=90.0.4430.93)
Build info: version: '3.141.59', revision: 'e82be7d358', time: '2018-11-14T08:25:53'
System info: host: 'DESKTOP-21F1E8S', ip: '192.168.100.73', os.name: 'Windows 10', os.arch: 'amd64', os.version: '10.0', java.version: '1.8.0_181'
Driver info: com.kms.katalon.selenium.driver.CChromeDriver
Capabilities {acceptInsecureCerts: false, browserName: chrome, browserVersion: 90.0.4430.93, chrome: {chromedriverVersion: 90.0.4430.24 (4c6d850f087da..., userDataDir: C:\Users\moham\AppData\Loca...}, goog:chromeOptions: {debuggerAddress: localhost:32749}, javascriptEnabled: true, networkConnectionEnabled: false, pageLoadStrategy: normal, platform: WINDOWS, platformName: WINDOWS, proxy: Proxy(), setWindowRect: true, strictFileInteractability: false, timeouts: {implicit: 0, pageLoad: 300000, script: 30000}, unhandledPromptBehavior: dismiss and notify, webauthn:extension:largeBlob: true, webauthn:virtualAuthenticators: true}
Session ID: a5473db20f0965b7a7e319c99b32017a.

2021-05-11 19:25:20 - [MESSAGE][ERROR] - [SELF-HEALING] Cannot save screenshot to: C:\Users\moham\git\SuCourse_Katalon\Reports\Self-healing, reason: unknown error: unhandled inspector error: {"code":-32000,"message":"Cannot take screenshot with 0 width."}
  (Session info: chrome=90.0.4430.93)
Build info: version: '3.141.59', revision: 'e82be7d358', time: '2018-11-14T08:25:53'
System info: host: 'DESKTOP-21F1E8S', ip: '192.168.100.73', os.name: 'Windows 10', os.arch: 'amd64', os.version: '10.0', java.version: '1.8.0_181'
Driver info: com.kms.katalon.selenium.driver.CChromeDriver
Capabilities {acceptInsecureCerts: false, browserName: chrome, browserVersion: 90.0.4430.93, chrome: {chromedriverVersion: 90.0.4430.24 (4c6d850f087da..., userDataDir: C:\Users\moham\AppData\Loca...}, goog:chromeOptions: {debuggerAddress: localhost:32749}, javascriptEnabled: true, networkConnectionEnabled: false, pageLoadStrategy: normal, platform: WINDOWS, platformName: WINDOWS, proxy: Proxy(), setWindowRect: true, strictFileInteractability: false, timeouts: {implicit: 0, pageLoad: 300000, script: 30000}, unhandledPromptBehavior: dismiss and notify, webauthn:extension:largeBlob: true, webauthn:virtualAuthenticators: true}
Session ID: a5473db20f0965b7a7e319c99b32017a.

2021-05-11 19:25:20 - [MESSAGE][WARNING] - [SELF-HEALING] 'other' is different type of Path

2021-05-11 19:25:21 - [MESSAGE][INFO] - Unable to find the element located by 'By.xpath: id("id_videojs_609aa8e12922f_1")/button[@class="vjs-big-play-button"]/span[@class="vjs-icon-placeholder"]'. Please recheck the objects properties to make sure the desired element is located. 

2021-05-11 19:25:22 - [MESSAGE][ERROR] - [SELF-HEALING] Cannot save screenshot to: C:\Users\moham\git\SuCourse_Katalon\Reports\Self-healing, reason: unknown error: unhandled inspector error: {"code":-32000,"message":"Cannot take screenshot with 0 width."}
  (Session info: chrome=90.0.4430.93)
Build info: version: '3.141.59', revision: 'e82be7d358', time: '2018-11-14T08:25:53'
System info: host: 'DESKTOP-21F1E8S', ip: '192.168.100.73', os.name: 'Windows 10', os.arch: 'amd64', os.version: '10.0', java.version: '1.8.0_181'
Driver info: com.kms.katalon.selenium.driver.CChromeDriver
Capabilities {acceptInsecureCerts: false, browserName: chrome, browserVersion: 90.0.4430.93, chrome: {chromedriverVersion: 90.0.4430.24 (4c6d850f087da..., userDataDir: C:\Users\moham\AppData\Loca...}, goog:chromeOptions: {debuggerAddress: localhost:32749}, javascriptEnabled: true, networkConnectionEnabled: false, pageLoadStrategy: normal, platform: WINDOWS, platformName: WINDOWS, proxy: Proxy(), setWindowRect: true, strictFileInteractability: false, timeouts: {implicit: 0, pageLoad: 300000, script: 30000}, unhandledPromptBehavior: dismiss and notify, webauthn:extension:largeBlob: true, webauthn:virtualAuthenticators: true}
Session ID: a5473db20f0965b7a7e319c99b32017a.

2021-05-11 19:25:22 - [MESSAGE][WARNING] - [SELF-HEALING] 'other' is different type of Path

2021-05-11 19:25:22 - [MESSAGE][FAILED] - Unable to click on object 'Object Repository/MoodleVideo(HomePage)/Page_SUCourse/span_Course Management System_vjs-icon-placeholder' (Root cause: com.kms.katalon.core.exception.StepFailedException: Unable to click on object 'Object Repository/MoodleVideo(HomePage)/Page_SUCourse/span_Course Management System_vjs-icon-placeholder'
	at com.kms.katalon.core.webui.keyword.internal.WebUIKeywordMain.stepFailed(WebUIKeywordMain.groovy:64)
	at com.kms.katalon.core.webui.keyword.internal.WebUIKeywordMain.runKeyword(WebUIKeywordMain.groovy:26)
	at com.kms.katalon.core.webui.keyword.builtin.ClickKeyword.click(ClickKeyword.groovy:75)
	at com.kms.katalon.core.webui.keyword.builtin.ClickKeyword.execute(ClickKeyword.groovy:42)
	at com.kms.katalon.core.keyword.internal.KeywordExecutor.executeKeywordForPlatform(KeywordExecutor.groovy:73)
	at com.kms.katalon.core.webui.keyword.WebUiBuiltInKeywords.click(WebUiBuiltInKeywords.groovy:619)
	at com.kms.katalon.core.webui.keyword.WebUiBuiltInKeywords$click$1.call(Unknown Source)
	at PressingOnMoodleVideo(HomePage).run(PressingOnMoodleVideo(HomePage):26)
	at com.kms.katalon.core.main.ScriptEngine.run(ScriptEngine.java:194)
	at com.kms.katalon.core.main.ScriptEngine.runScriptAsRawText(ScriptEngine.java:119)
	at com.kms.katalon.core.main.TestCaseExecutor.runScript(TestCaseExecutor.java:398)
	at com.kms.katalon.core.main.TestCaseExecutor.doExecute(TestCaseExecutor.java:389)
	at com.kms.katalon.core.main.TestCaseExecutor.processExecutionPhase(TestCaseExecutor.java:368)
	at com.kms.katalon.core.main.TestCaseExecutor.accessMainPhase(TestCaseExecutor.java:360)
	at com.kms.katalon.core.main.TestCaseExecutor.execute(TestCaseExecutor.java:255)
	at com.kms.katalon.core.main.TestSuiteExecutor.accessTestCaseMainPhase(TestSuiteExecutor.java:203)
	at com.kms.katalon.core.main.TestSuiteExecutor.accessTestSuiteMainPhase(TestSuiteExecutor.java:152)
	at com.kms.katalon.core.main.TestSuiteExecutor.execute(TestSuiteExecutor.java:95)
	at com.kms.katalon.core.main.TestCaseMain.startTestSuite(TestCaseMain.java:157)
	at com.kms.katalon.core.main.TestCaseMain$startTestSuite$0.call(Unknown Source)
	at TempTestSuite1620749803594.run(TempTestSuite1620749803594.groovy:39)
Caused by: com.kms.katalon.core.webui.exception.WebElementNotFoundException: Web element with id: 'Object Repository/MoodleVideo(HomePage)/Page_SUCourse/span_Course Management System_vjs-icon-placeholder' located by '//div[@id='id_videojs_609aa8e12922f_1']/button/span' not found
	at com.kms.katalon.core.webui.common.WebUiCommonHelper.findWebElement(WebUiCommonHelper.java:1368)
	at com.kms.katalon.core.webui.keyword.internal.WebUIAbstractKeyword.findWebElement(WebUIAbstractKeyword.groovy:27)
	at com.kms.katalon.core.webui.keyword.internal.WebUIAbstractKeyword.findWebElement(WebUIAbstractKeyword.groovy:26)
	at com.kms.katalon.core.webui.keyword.builtin.ClickKeyword$_click_closure1.doCall(ClickKeyword.groovy:66)
	at com.kms.katalon.core.webui.keyword.builtin.ClickKeyword$_click_closure1.call(ClickKeyword.groovy)
	at com.kms.katalon.core.webui.keyword.internal.WebUIKeywordMain.runKeyword(WebUIKeywordMain.groovy:20)
	at com.kms.katalon.core.webui.keyword.builtin.ClickKeyword.click(ClickKeyword.groovy:75)
	at com.kms.katalon.core.webui.keyword.builtin.ClickKeyword.execute(ClickKeyword.groovy:42)
	at com.kms.katalon.core.keyword.internal.KeywordExecutor.executeKeywordForPlatform(KeywordExecutor.groovy:73)
	at com.kms.katalon.core.webui.keyword.WebUiBuiltInKeywords.click(WebUiBuiltInKeywords.groovy:619)
	at com.kms.katalon.core.webui.keyword.WebUiBuiltInKeywords$click$1.call(Unknown Source)
	at Script1620748469300.run(Script1620748469300.groovy:26)
	... 13 more
)
[[ATTACHMENT|C:\\Users\\moham\\git\\SuCourse_Katalon\\Reports\\20210511_191643\\Interaction\\20210511_191643\\1620750322208.png]]]]></system-out>
         <system-err><![CDATA[2021-05-11 19:24:41 - [TEST_CASE][FAILED] - Test Cases/PressingOnMoodleVideo(HomePage): Test Cases/PressingOnMoodleVideo(HomePage) FAILED.
Reason:
com.kms.katalon.core.exception.StepFailedException: Unable to click on object 'Object Repository/MoodleVideo(HomePage)/Page_SUCourse/span_Course Management System_vjs-icon-placeholder'
	at com.kms.katalon.core.webui.keyword.internal.WebUIKeywordMain.stepFailed(WebUIKeywordMain.groovy:64)
	at com.kms.katalon.core.webui.keyword.internal.WebUIKeywordMain.runKeyword(WebUIKeywordMain.groovy:26)
	at com.kms.katalon.core.webui.keyword.builtin.ClickKeyword.click(ClickKeyword.groovy:75)
	at com.kms.katalon.core.webui.keyword.builtin.ClickKeyword.execute(ClickKeyword.groovy:42)
	at com.kms.katalon.core.keyword.internal.KeywordExecutor.executeKeywordForPlatform(KeywordExecutor.groovy:73)
	at com.kms.katalon.core.webui.keyword.WebUiBuiltInKeywords.click(WebUiBuiltInKeywords.groovy:619)
	at com.kms.katalon.core.webui.keyword.WebUiBuiltInKeywords$click$1.call(Unknown Source)
	at PressingOnMoodleVideo(HomePage).run(PressingOnMoodleVideo(HomePage):26)
	at com.kms.katalon.core.main.ScriptEngine.run(ScriptEngine.java:194)
	at com.kms.katalon.core.main.ScriptEngine.runScriptAsRawText(ScriptEngine.java:119)
	at com.kms.katalon.core.main.TestCaseExecutor.runScript(TestCaseExecutor.java:398)
	at com.kms.katalon.core.main.TestCaseExecutor.doExecute(TestCaseExecutor.java:389)
	at com.kms.katalon.core.main.TestCaseExecutor.processExecutionPhase(TestCaseExecutor.java:368)
	at com.kms.katalon.core.main.TestCaseExecutor.accessMainPhase(TestCaseExecutor.java:360)
	at com.kms.katalon.core.main.TestCaseExecutor.execute(TestCaseExecutor.java:255)
	at com.kms.katalon.core.main.TestSuiteExecutor.accessTestCaseMainPhase(TestSuiteExecutor.java:203)
	at com.kms.katalon.core.main.TestSuiteExecutor.accessTestSuiteMainPhase(TestSuiteExecutor.java:152)
	at com.kms.katalon.core.main.TestSuiteExecutor.execute(TestSuiteExecutor.java:95)
	at com.kms.katalon.core.main.TestCaseMain.startTestSuite(TestCaseMain.java:157)
	at com.kms.katalon.core.main.TestCaseMain$startTestSuite$0.call(Unknown Source)
	at TempTestSuite1620749803594.run(TempTestSuite1620749803594.groovy:39)
Caused by: com.kms.katalon.core.webui.exception.WebElementNotFoundException: Web element with id: 'Object Repository/MoodleVideo(HomePage)/Page_SUCourse/span_Course Management System_vjs-icon-placeholder' located by '//div[@id='id_videojs_609aa8e12922f_1']/button/span' not found
	at com.kms.katalon.core.webui.common.WebUiCommonHelper.findWebElement(WebUiCommonHelper.java:1368)
	at com.kms.katalon.core.webui.keyword.internal.WebUIAbstractKeyword.findWebElement(WebUIAbstractKeyword.groovy:27)
	at com.kms.katalon.core.webui.keyword.internal.WebUIAbstractKeyword.findWebElement(WebUIAbstractKeyword.groovy:26)
	at com.kms.katalon.core.webui.keyword.builtin.ClickKeyword$_click_closure1.doCall(ClickKeyword.groovy:66)
	at com.kms.katalon.core.webui.keyword.builtin.ClickKeyword$_click_closure1.call(ClickKeyword.groovy)
	at com.kms.katalon.core.webui.keyword.internal.WebUIKeywordMain.runKeyword(WebUIKeywordMain.groovy:20)
	... 19 more]]></system-err>
      </testcase>
      <testcase name="Test Cases/CustomiseThisPage(ProfilePage)-UselessFeature" time="34.661" classname="Test Cases/CustomiseThisPage(ProfilePage)-UselessFeature" status="PASSED">
         <system-out><![CDATA[2021-05-11 19:25:22 - [TEST_CASE][PASSED] - Test Cases/CustomiseThisPage(ProfilePage)-UselessFeature: Test Cases/CustomiseThisPage(ProfilePage)-UselessFeature

2021-05-11 19:25:23 - [TEST_STEP][PASSED] - openBrowser(""): Browser is opened with url: ''

2021-05-11 19:25:23 - [MESSAGE][WARNING] - A browser is already opened. Closing browser and opening a new one

2021-05-11 19:25:24 - [MESSAGE][INFO] - Starting 'Chrome' driver

2021-05-11 19:25:24 - [MESSAGE][INFO] - Action delay is set to 0 milliseconds

2021-05-11 19:25:26 - [MESSAGE][PASSED] - Browser is opened with url: ''

2021-05-11 19:25:26 - [TEST_STEP][PASSED] - navigateToUrl("https://sucourse.sabanciuniv.edu/plus/"): Navigate to 'https://sucourse.sabanciuniv.edu/plus/' successfully

2021-05-11 19:25:30 - [MESSAGE][PASSED] - Navigate to 'https://sucourse.sabanciuniv.edu/plus/' successfully

2021-05-11 19:25:30 - [TEST_STEP][PASSED] - delay(1): Delayed 1 second(s)

2021-05-11 19:25:31 - [MESSAGE][PASSED] - Delayed 1 second(s)

2021-05-11 19:25:31 - [TEST_STEP][PASSED] - click(findTestObject("Object Repository/CustomizeThisPage(ProfilePage)/Page_SUCourse/div_Login")): Object: 'Object Repository/CustomizeThisPage(ProfilePage)/Page_SUCourse/div_Login' is clicked on

2021-05-11 19:25:32 - [MESSAGE][PASSED] - Object: 'Object Repository/CustomizeThisPage(ProfilePage)/Page_SUCourse/div_Login' is clicked on

2021-05-11 19:25:32 - [TEST_STEP][PASSED] - delay(1): Delayed 1 second(s)

2021-05-11 19:25:33 - [MESSAGE][PASSED] - Delayed 1 second(s)

2021-05-11 19:25:33 - [TEST_STEP][PASSED] - click(findTestObject("Object Repository/CustomizeThisPage(ProfilePage)/Page_SUCourse/a_Login")): Object: 'Object Repository/CustomizeThisPage(ProfilePage)/Page_SUCourse/a_Login' is clicked on

2021-05-11 19:25:34 - [MESSAGE][PASSED] - Object: 'Object Repository/CustomizeThisPage(ProfilePage)/Page_SUCourse/a_Login' is clicked on

2021-05-11 19:25:34 - [TEST_STEP][PASSED] - delay(1): Delayed 1 second(s)

2021-05-11 19:25:35 - [MESSAGE][PASSED] - Delayed 1 second(s)

2021-05-11 19:25:35 - [TEST_STEP][PASSED] - click(findTestObject("Object Repository/CustomizeThisPage(ProfilePage)/Page_SUCourse Authentication choice/a_SUNet users (Sabanc University members)")): Object: 'Object Repository/CustomizeThisPage(ProfilePage)/Page_SUCourse Authentication choice/a_SUNet users (Sabanc University members)' is clicked on

2021-05-11 19:25:38 - [MESSAGE][PASSED] - Object: 'Object Repository/CustomizeThisPage(ProfilePage)/Page_SUCourse Authentication choice/a_SUNet users (Sabanc University members)' is clicked on

2021-05-11 19:25:38 - [TEST_STEP][PASSED] - delay(1): Delayed 1 second(s)

2021-05-11 19:25:39 - [MESSAGE][PASSED] - Delayed 1 second(s)

2021-05-11 19:25:39 - [TEST_STEP][PASSED] - setText(findTestObject("Object Repository/CustomizeThisPage(ProfilePage)/Page_Login - CAS  Central Authentication Service/input_U_username"), "mohamedkassem"): Text 'mohamedkassem' is set on object 'Object Repository/CustomizeThisPage(ProfilePage)/Page_Login - CAS  Central Authentication Service/input_U_username'

2021-05-11 19:25:39 - [MESSAGE][PASSED] - Text 'mohamedkassem' is set on object 'Object Repository/CustomizeThisPage(ProfilePage)/Page_Login - CAS  Central Authentication Service/input_U_username'

2021-05-11 19:25:39 - [TEST_STEP][PASSED] - delay(1): Delayed 1 second(s)

2021-05-11 19:25:40 - [MESSAGE][PASSED] - Delayed 1 second(s)

2021-05-11 19:25:40 - [TEST_STEP][PASSED] - setEncryptedText(findTestObject("Object Repository/CustomizeThisPage(ProfilePage)/Page_Login - CAS  Central Authentication Service/input_P_password"), "lsh4UT/KYs157Zjg3xgr3w=="): Text ****** has been set on object 'Object Repository/CustomizeThisPage(ProfilePage)/Page_Login - CAS  Central Authentication Service/input_P_password'

2021-05-11 19:25:41 - [MESSAGE][PASSED] - Text ****** has been set on object 'Object Repository/CustomizeThisPage(ProfilePage)/Page_Login - CAS  Central Authentication Service/input_P_password'

2021-05-11 19:25:41 - [TEST_STEP][PASSED] - delay(1): Delayed 1 second(s)

2021-05-11 19:25:42 - [MESSAGE][PASSED] - Delayed 1 second(s)

2021-05-11 19:25:42 - [TEST_STEP][PASSED] - click(findTestObject("Object Repository/CustomizeThisPage(ProfilePage)/Page_Login - CAS  Central Authentication Service/input_Remember Me_submit")): Object: 'Object Repository/CustomizeThisPage(ProfilePage)/Page_Login - CAS  Central Authentication Service/input_Remember Me_submit' is clicked on

2021-05-11 19:25:45 - [MESSAGE][PASSED] - Object: 'Object Repository/CustomizeThisPage(ProfilePage)/Page_Login - CAS  Central Authentication Service/input_Remember Me_submit' is clicked on

2021-05-11 19:25:45 - [TEST_STEP][PASSED] - delay(1): Delayed 1 second(s)

2021-05-11 19:25:46 - [MESSAGE][PASSED] - Delayed 1 second(s)

2021-05-11 19:25:46 - [TEST_STEP][PASSED] - click(findTestObject("Object Repository/CustomizeThisPage(ProfilePage)/Page_Dashboard/img_Log out_welcome_userpicture")): Object: 'Object Repository/CustomizeThisPage(ProfilePage)/Page_Dashboard/img_Log out_welcome_userpicture' is clicked on

2021-05-11 19:25:47 - [MESSAGE][PASSED] - Object: 'Object Repository/CustomizeThisPage(ProfilePage)/Page_Dashboard/img_Log out_welcome_userpicture' is clicked on

2021-05-11 19:25:47 - [TEST_STEP][PASSED] - delay(1): Delayed 1 second(s)

2021-05-11 19:25:48 - [MESSAGE][PASSED] - Delayed 1 second(s)

2021-05-11 19:25:48 - [TEST_STEP][PASSED] - click(findTestObject("Object Repository/CustomizeThisPage(ProfilePage)/Page_Mohamed Emad Mohamed Kassem Public profile/input")): Object: 'Object Repository/CustomizeThisPage(ProfilePage)/Page_Mohamed Emad Mohamed Kassem Public profile/input' is clicked on

2021-05-11 19:25:50 - [MESSAGE][PASSED] - Object: 'Object Repository/CustomizeThisPage(ProfilePage)/Page_Mohamed Emad Mohamed Kassem Public profile/input' is clicked on

2021-05-11 19:25:50 - [TEST_STEP][PASSED] - delay(1): Delayed 1 second(s)

2021-05-11 19:25:51 - [MESSAGE][PASSED] - Delayed 1 second(s)

2021-05-11 19:25:51 - [TEST_STEP][PASSED] - click(findTestObject("Object Repository/CustomizeThisPage(ProfilePage)/Page_Mohamed Emad Mohamed Kassem Public profile/h2_Add a block")): Object: 'Object Repository/CustomizeThisPage(ProfilePage)/Page_Mohamed Emad Mohamed Kassem Public profile/h2_Add a block' is clicked on

2021-05-11 19:25:51 - [MESSAGE][PASSED] - Object: 'Object Repository/CustomizeThisPage(ProfilePage)/Page_Mohamed Emad Mohamed Kassem Public profile/h2_Add a block' is clicked on

2021-05-11 19:25:51 - [TEST_STEP][PASSED] - delay(2): Delayed 2 second(s)

2021-05-11 19:25:53 - [MESSAGE][PASSED] - Delayed 2 second(s)

2021-05-11 19:25:53 - [TEST_STEP][PASSED] - click(findTestObject("Object Repository/CustomizeThisPage(ProfilePage)/Page_Mohamed Emad Mohamed Kassem Public profile/input")): Object: 'Object Repository/CustomizeThisPage(ProfilePage)/Page_Mohamed Emad Mohamed Kassem Public profile/input' is clicked on

2021-05-11 19:25:55 - [MESSAGE][PASSED] - Object: 'Object Repository/CustomizeThisPage(ProfilePage)/Page_Mohamed Emad Mohamed Kassem Public profile/input' is clicked on

2021-05-11 19:25:55 - [TEST_STEP][PASSED] - delay(1): Delayed 1 second(s)

2021-05-11 19:25:56 - [MESSAGE][PASSED] - Delayed 1 second(s)

2021-05-11 19:25:56 - [TEST_STEP][PASSED] - closeBrowser(): Browser is closed

2021-05-11 19:25:57 - [MESSAGE][PASSED] - Browser is closed]]></system-out>
         <system-err><![CDATA[]]></system-err>
      </testcase>
      <system-out><![CDATA[2021-05-11 19:16:50 - [TEST_SUITE][FAILED] - Interaction: Test Cases/PositiveSignIn FAILED.
Reason:
com.kms.katalon.core.exception.StepFailedException: Unable to click on object
	at com.kms.katalon.core.webui.keyword.internal.WebUIKeywordMain.stepFailed(WebUIKeywordMain.groovy:64)
	at com.kms.katalon.core.webui.keyword.internal.WebUIKeywordMain.runKeyword(WebUIKeywordMain.groovy:26)
	at com.kms.katalon.core.webui.keyword.builtin.ClickKeyword.click(ClickKeyword.groovy:75)
	at com.kms.katalon.core.webui.keyword.builtin.ClickKeyword.execute(ClickKeyword.groovy:42)
	at com.kms.katalon.core.keyword.internal.KeywordExecutor.executeKeywordForPlatform(KeywordExecutor.groovy:73)
	at com.kms.katalon.core.webui.keyword.WebUiBuiltInKeywords.click(WebUiBuiltInKeywords.groovy:619)
	at com.kms.katalon.core.webui.keyword.WebUiBuiltInKeywords$click$1.call(Unknown Source)
	at PositiveSignIn.run(PositiveSignIn:60)
	at com.kms.katalon.core.main.ScriptEngine.run(ScriptEngine.java:194)
	at com.kms.katalon.core.main.ScriptEngine.runScriptAsRawText(ScriptEngine.java:119)
	at com.kms.katalon.core.main.TestCaseExecutor.runScript(TestCaseExecutor.java:398)
	at com.kms.katalon.core.main.TestCaseExecutor.doExecute(TestCaseExecutor.java:389)
	at com.kms.katalon.core.main.TestCaseExecutor.processExecutionPhase(TestCaseExecutor.java:368)
	at com.kms.katalon.core.main.TestCaseExecutor.accessMainPhase(TestCaseExecutor.java:360)
	at com.kms.katalon.core.main.TestCaseExecutor.execute(TestCaseExecutor.java:255)
	at com.kms.katalon.core.main.TestSuiteExecutor.accessTestCaseMainPhase(TestSuiteExecutor.java:203)
	at com.kms.katalon.core.main.TestSuiteExecutor.accessTestSuiteMainPhase(TestSuiteExecutor.java:152)
	at com.kms.katalon.core.main.TestSuiteExecutor.execute(TestSuiteExecutor.java:95)
	at com.kms.katalon.core.main.TestCaseMain.startTestSuite(TestCaseMain.java:157)
	at com.kms.katalon.core.main.TestCaseMain$startTestSuite$0.call(Unknown Source)
	at TempTestSuite1620749803594.run(TempTestSuite1620749803594.groovy:39)
Caused by: java.lang.IllegalArgumentException: Object is null
	at com.kms.katalon.core.helper.KeywordHelper.checkTestObjectParameter(KeywordHelper.java:33)
	at com.kms.katalon.core.webui.keyword.builtin.ClickKeyword$_click_closure1.doCall(ClickKeyword.groovy:64)
	at com.kms.katalon.core.webui.keyword.builtin.ClickKeyword$_click_closure1.call(ClickKeyword.groovy)
	at com.kms.katalon.core.webui.keyword.internal.WebUIKeywordMain.runKeyword(WebUIKeywordMain.groovy:20)
	... 19 more]]></system-out>
      <system-err><![CDATA[2021-05-11 19:16:50 - [TEST_SUITE][FAILED] - Interaction: Test Cases/PositiveSignIn FAILED.
Reason:
com.kms.katalon.core.exception.StepFailedException: Unable to click on object
	at com.kms.katalon.core.webui.keyword.internal.WebUIKeywordMain.stepFailed(WebUIKeywordMain.groovy:64)
	at com.kms.katalon.core.webui.keyword.internal.WebUIKeywordMain.runKeyword(WebUIKeywordMain.groovy:26)
	at com.kms.katalon.core.webui.keyword.builtin.ClickKeyword.click(ClickKeyword.groovy:75)
	at com.kms.katalon.core.webui.keyword.builtin.ClickKeyword.execute(ClickKeyword.groovy:42)
	at com.kms.katalon.core.keyword.internal.KeywordExecutor.executeKeywordForPlatform(KeywordExecutor.groovy:73)
	at com.kms.katalon.core.webui.keyword.WebUiBuiltInKeywords.click(WebUiBuiltInKeywords.groovy:619)
	at com.kms.katalon.core.webui.keyword.WebUiBuiltInKeywords$click$1.call(Unknown Source)
	at PositiveSignIn.run(PositiveSignIn:60)
	at com.kms.katalon.core.main.ScriptEngine.run(ScriptEngine.java:194)
	at com.kms.katalon.core.main.ScriptEngine.runScriptAsRawText(ScriptEngine.java:119)
	at com.kms.katalon.core.main.TestCaseExecutor.runScript(TestCaseExecutor.java:398)
	at com.kms.katalon.core.main.TestCaseExecutor.doExecute(TestCaseExecutor.java:389)
	at com.kms.katalon.core.main.TestCaseExecutor.processExecutionPhase(TestCaseExecutor.java:368)
	at com.kms.katalon.core.main.TestCaseExecutor.accessMainPhase(TestCaseExecutor.java:360)
	at com.kms.katalon.core.main.TestCaseExecutor.execute(TestCaseExecutor.java:255)
	at com.kms.katalon.core.main.TestSuiteExecutor.accessTestCaseMainPhase(TestSuiteExecutor.java:203)
	at com.kms.katalon.core.main.TestSuiteExecutor.accessTestSuiteMainPhase(TestSuiteExecutor.java:152)
	at com.kms.katalon.core.main.TestSuiteExecutor.execute(TestSuiteExecutor.java:95)
	at com.kms.katalon.core.main.TestCaseMain.startTestSuite(TestCaseMain.java:157)
	at com.kms.katalon.core.main.TestCaseMain$startTestSuite$0.call(Unknown Source)
	at TempTestSuite1620749803594.run(TempTestSuite1620749803594.groovy:39)
Caused by: java.lang.IllegalArgumentException: Object is null
	at com.kms.katalon.core.helper.KeywordHelper.checkTestObjectParameter(KeywordHelper.java:33)
	at com.kms.katalon.core.webui.keyword.builtin.ClickKeyword$_click_closure1.doCall(ClickKeyword.groovy:64)
	at com.kms.katalon.core.webui.keyword.builtin.ClickKeyword$_click_closure1.call(ClickKeyword.groovy)
	at com.kms.katalon.core.webui.keyword.internal.WebUIKeywordMain.runKeyword(WebUIKeywordMain.groovy:20)
	... 19 more]]></system-err>
   </testsuite>
</testsuites>
